=== Deployment Configuration ===
Timestamp: 2025-08-19T14:07:38+01:00
Title: fibonacci_python_b3
Service: fibonacci-python-b3
Namespace: default
Expected Pods: 4
Actual Pods: 4

=== Knative Service Details ===
apiVersion: serving.knative.dev/v1
kind: Service
metadata:
  annotations:
    kubectl.kubernetes.io/last-applied-configuration: |
      {"apiVersion":"serving.knative.dev/v1","kind":"Service","metadata":{"annotations":{},"name":"fibonacci-python-b3","namespace":"default"},"spec":{"template":{"metadata":{"annotations":{"autoscaling.knative.dev/maxScale":"4","autoscaling.knative.dev/minScale":"4","autoscaling.knative.dev/target":"25","serving.knative.dev/containerConcurrency":"25"}},"spec":{"containerConcurrency":25,"containers":[{"args":["--addr=0.0.0.0:50000","--function-endpoint-url=0.0.0.0","--function-endpoint-port=50051","--function-name=fibonacci-python","--value=10","--generator=linear","--lowerBound=1","--upperBound=10"],"image":"docker.io/vhiveease/relay:latest","name":"relay","ports":[{"containerPort":50000,"name":"h2c"}],"resources":{"limits":{"cpu":"125m","memory":"256Mi"},"requests":{"cpu":"125m","memory":"256Mi"}}},{"args":["--addr=0.0.0.0","--port=50051"],"image":"docker.io/vhiveease/fibonacci-python:latest","name":"fibonacci-python","resources":{"limits":{"cpu":"250m","memory":"250Mi"},"requests":{"cpu":"250m","memory":"250Mi"}}}],"timeoutSeconds":60}}}}
    serving.knative.dev/creator: kubernetes-admin
    serving.knative.dev/lastModifier: kubernetes-admin
  creationTimestamp: "2025-08-19T13:06:31Z"
  generation: 1
  name: fibonacci-python-b3
  namespace: default
  resourceVersion: "19935389"
  uid: 1540b703-982a-4602-9715-23e2c3f6d54c
spec:
  template:
    metadata:
      annotations:
        autoscaling.knative.dev/maxScale: "4"
        autoscaling.knative.dev/minScale: "4"
        autoscaling.knative.dev/target: "25"
        serving.knative.dev/containerConcurrency: "25"
      creationTimestamp: null
    spec:
      containerConcurrency: 25
      containers:
      - args:
        - --addr=0.0.0.0:50000
        - --function-endpoint-url=0.0.0.0
        - --function-endpoint-port=50051
        - --function-name=fibonacci-python
        - --value=10
        - --generator=linear
        - --lowerBound=1
        - --upperBound=10
        image: docker.io/vhiveease/relay:latest
        name: relay
        ports:
        - containerPort: 50000
          name: h2c
          protocol: TCP
        readinessProbe:
          successThreshold: 1
          tcpSocket:
            port: 0
        resources:
          limits:
            cpu: 125m
            memory: 256Mi
          requests:
            cpu: 125m
            memory: 256Mi
      - args:
        - --addr=0.0.0.0
        - --port=50051
        image: docker.io/vhiveease/fibonacci-python:latest
        name: fibonacci-python
        resources:
          limits:
            cpu: 250m
            memory: 250Mi
          requests:
            cpu: 250m
            memory: 250Mi
      enableServiceLinks: false
      timeoutSeconds: 60
  traffic:
  - latestRevision: true
    percent: 100
status:
  address:
    url: http://fibonacci-python-b3.default.svc.cluster.local
  conditions:
  - lastTransitionTime: "2025-08-19T13:07:27Z"
    status: "True"
    type: ConfigurationsReady
  - lastTransitionTime: "2025-08-19T13:07:28Z"
    status: "True"
    type: Ready
  - lastTransitionTime: "2025-08-19T13:07:28Z"
    status: "True"
    type: RoutesReady
  latestCreatedRevisionName: fibonacci-python-b3-00001
  latestReadyRevisionName: fibonacci-python-b3-00001
  observedGeneration: 1
  traffic:
  - latestRevision: true
    percent: 100
    revisionName: fibonacci-python-b3-00001
  url: http://fibonacci-python-b3.default.192.168.1.240.sslip.io

=== Current Pods ===
NAME                                                    READY   STATUS    RESTARTS   AGE   IP               NODE             NOMINATED NODE   READINESS GATES
fibonacci-python-b3-00001-deployment-6859f7c566-5mglj   0/3     Pending   0          66s   <none>           <none>           <none>           <none>
fibonacci-python-b3-00001-deployment-6859f7c566-qmvzp   3/3     Running   0          66s   192.168.64.211   cloud-vm-43-24   <none>           <none>
fibonacci-python-b3-00001-deployment-6859f7c566-vjk85   0/3     Pending   0          66s   <none>           <none>           <none>           <none>
fibonacci-python-b3-00001-deployment-6859f7c566-z55zw   0/3     Pending   0          66s   <none>           <none>           <none>           <none>

=== Resource Limits/Requests ===
fibonacci-python-b3-00001-deployment-6859f7c566-5mglj
  Container: relay
  CPU Request: 125m
  CPU Limit: 125m
  Memory Request: 256Mi
  Memory Limit: 256Mi
  Container: fibonacci-python
  CPU Request: 250m
  CPU Limit: 250m
  Memory Request: 250Mi
  Memory Limit: 250Mi
  Container: queue-proxy
  CPU Request: 25m
  CPU Limit: 
  Memory Request: 
  Memory Limit: 

fibonacci-python-b3-00001-deployment-6859f7c566-qmvzp
  Container: relay
  CPU Request: 125m
  CPU Limit: 125m
  Memory Request: 256Mi
  Memory Limit: 256Mi
  Container: fibonacci-python
  CPU Request: 250m
  CPU Limit: 250m
  Memory Request: 250Mi
  Memory Limit: 250Mi
  Container: queue-proxy
  CPU Request: 25m
  CPU Limit: 
  Memory Request: 
  Memory Limit: 

fibonacci-python-b3-00001-deployment-6859f7c566-vjk85
  Container: relay
  CPU Request: 125m
  CPU Limit: 125m
  Memory Request: 256Mi
  Memory Limit: 256Mi
  Container: fibonacci-python
  CPU Request: 250m
  CPU Limit: 250m
  Memory Request: 250Mi
  Memory Limit: 250Mi
  Container: queue-proxy
  CPU Request: 25m
  CPU Limit: 
  Memory Request: 
  Memory Limit: 

fibonacci-python-b3-00001-deployment-6859f7c566-z55zw
  Container: relay
  CPU Request: 125m
  CPU Limit: 125m
  Memory Request: 256Mi
  Memory Limit: 256Mi
  Container: fibonacci-python
  CPU Request: 250m
  CPU Limit: 250m
  Memory Request: 250Mi
  Memory Limit: 250Mi
  Container: queue-proxy
  CPU Request: 25m
  CPU Limit: 
  Memory Request: 
  Memory Limit: 

