=== Deployment Configuration ===
Timestamp: 2025-09-01T23:19:18+01:00
Title: fibonacci_python_c1
Service: fibonacci-python-c1
Namespace: default
Expected Pods: 1
Actual Pods: 1

=== Knative Service Details ===
apiVersion: serving.knative.dev/v1
kind: Service
metadata:
  annotations:
    kubectl.kubernetes.io/last-applied-configuration: |
      {"apiVersion":"serving.knative.dev/v1","kind":"Service","metadata":{"annotations":{},"name":"fibonacci-python-c1","namespace":"default"},"spec":{"template":{"metadata":{"annotations":{"autoscaling.knative.dev/maxScale":"1","autoscaling.knative.dev/minScale":"1","autoscaling.knative.dev/target":"200","serving.knative.dev/containerConcurrency":"200"}},"spec":{"containerConcurrency":200,"containers":[{"args":["--addr=0.0.0.0:50000","--function-endpoint-url=0.0.0.0","--function-endpoint-port=50051","--function-name=fibonacci-python","--value=10","--generator=linear","--lowerBound=1","--upperBound=10"],"image":"docker.io/vhiveease/relay:latest","name":"relay","ports":[{"containerPort":50000,"name":"h2c"}],"resources":{"limits":{"cpu":"250m","memory":"512Mi"},"requests":{"cpu":"250m","memory":"512Mi"}}},{"args":["-addr=0.0.0.0:50051"],"image":"docker.io/vhiveease/fibonacci-python:latest","name":"fibonacci-python","resources":{"limits":{"cpu":"2000m","memory":"2Gi"},"requests":{"cpu":"2000m","memory":"2Gi"}}}],"timeoutSeconds":60}}}}
    serving.knative.dev/creator: kubernetes-admin
    serving.knative.dev/lastModifier: kubernetes-admin
  creationTimestamp: "2025-09-01T22:18:39Z"
  generation: 1
  name: fibonacci-python-c1
  namespace: default
  resourceVersion: "27595804"
  uid: 26aa64a9-3c74-4f9d-ba67-5dc57064c6b9
spec:
  template:
    metadata:
      annotations:
        autoscaling.knative.dev/maxScale: "1"
        autoscaling.knative.dev/minScale: "1"
        autoscaling.knative.dev/target: "200"
        serving.knative.dev/containerConcurrency: "200"
      creationTimestamp: null
    spec:
      containerConcurrency: 200
      containers:
      - args:
        - --addr=0.0.0.0:50000
        - --function-endpoint-url=0.0.0.0
        - --function-endpoint-port=50051
        - --function-name=fibonacci-python
        - --value=10
        - --generator=linear
        - --lowerBound=1
        - --upperBound=10
        image: docker.io/vhiveease/relay:latest
        name: relay
        ports:
        - containerPort: 50000
          name: h2c
          protocol: TCP
        readinessProbe:
          successThreshold: 1
          tcpSocket:
            port: 0
        resources:
          limits:
            cpu: 250m
            memory: 512Mi
          requests:
            cpu: 250m
            memory: 512Mi
      - args:
        - -addr=0.0.0.0:50051
        image: docker.io/vhiveease/fibonacci-python:latest
        name: fibonacci-python
        resources:
          limits:
            cpu: "2"
            memory: 2Gi
          requests:
            cpu: "2"
            memory: 2Gi
      enableServiceLinks: false
      timeoutSeconds: 60
  traffic:
  - latestRevision: true
    percent: 100
status:
  address:
    url: http://fibonacci-python-c1.default.svc.cluster.local
  conditions:
  - lastTransitionTime: "2025-09-01T22:19:04Z"
    status: "True"
    type: ConfigurationsReady
  - lastTransitionTime: "2025-09-01T22:19:05Z"
    status: "True"
    type: Ready
  - lastTransitionTime: "2025-09-01T22:19:05Z"
    status: "True"
    type: RoutesReady
  latestCreatedRevisionName: fibonacci-python-c1-00001
  latestReadyRevisionName: fibonacci-python-c1-00001
  observedGeneration: 1
  traffic:
  - latestRevision: true
    percent: 100
    revisionName: fibonacci-python-c1-00001
  url: http://fibonacci-python-c1.default.192.168.1.240.sslip.io

=== Current Pods ===
NAME                                                    READY   STATUS    RESTARTS   AGE   IP               NODE             NOMINATED NODE   READINESS GATES
fibonacci-python-c1-00001-deployment-5b54c85984-9t72n   3/3     Running   0          38s   192.168.64.242   cloud-vm-43-24   <none>           <none>

=== Resource Limits/Requests ===
fibonacci-python-c1-00001-deployment-5b54c85984-9t72n
  Container: relay
  CPU Request: 250m
  CPU Limit: 250m
  Memory Request: 512Mi
  Memory Limit: 512Mi
  Container: fibonacci-python
  CPU Request: 2
  CPU Limit: 2
  Memory Request: 2Gi
  Memory Limit: 2Gi
  Container: queue-proxy
  CPU Request: 25m
  CPU Limit: 
  Memory Request: 
  Memory Limit: 

