=== Deployment Configuration ===
Timestamp: 2025-09-06T11:25:24+01:00
Title: fibonacci_go_a5
Service: fibonacci-go-a5
Namespace: constrained-tests-a5
Expected Pods: 1
Actual Pods: 1

=== Knative Service Details ===
apiVersion: serving.knative.dev/v1
kind: Service
metadata:
  annotations:
    kubectl.kubernetes.io/last-applied-configuration: |
      {"apiVersion":"serving.knative.dev/v1","kind":"Service","metadata":{"annotations":{},"name":"fibonacci-go-a5","namespace":"constrained-tests-a5"},"spec":{"template":{"metadata":{"annotations":{"autoscaling.knative.dev/maxScale":"1","autoscaling.knative.dev/minScale":"1","autoscaling.knative.dev/target":"1","serving.knative.dev/containerConcurrency":"1"}},"spec":{"containerConcurrency":1,"containers":[{"args":["--addr=0.0.0.0:50000","--function-endpoint-url=0.0.0.0","--function-endpoint-port=50051","--function-name=fibonacci-go","--value=10","--generator=linear","--lowerBound=1","--upperBound=10"],"image":"docker.io/vhiveease/relay:latest","name":"relay","ports":[{"containerPort":50000,"name":"h2c"}],"resources":{"limits":{"cpu":"30m","memory":"64Mi"},"requests":{"cpu":"30m","memory":"64Mi"}}},{"args":["-addr=0.0.0.0:50051"],"image":"docker.io/vhiveease/fibonacci-go:latest","name":"fibonacci-go","resources":{"limits":{"cpu":"100m","memory":"100Mi"},"requests":{"cpu":"100m","memory":"100Mi"}}}],"timeoutSeconds":60}}}}
    serving.knative.dev/creator: kubernetes-admin
    serving.knative.dev/lastModifier: kubernetes-admin
  creationTimestamp: "2025-09-06T10:23:48Z"
  generation: 1
  name: fibonacci-go-a5
  namespace: constrained-tests-a5
  resourceVersion: "30191028"
  uid: 00bbc193-2c22-4d18-b796-23d1feb5b0c5
spec:
  template:
    metadata:
      annotations:
        autoscaling.knative.dev/maxScale: "1"
        autoscaling.knative.dev/minScale: "1"
        autoscaling.knative.dev/target: "1"
        serving.knative.dev/containerConcurrency: "1"
      creationTimestamp: null
    spec:
      containerConcurrency: 1
      containers:
      - args:
        - --addr=0.0.0.0:50000
        - --function-endpoint-url=0.0.0.0
        - --function-endpoint-port=50051
        - --function-name=fibonacci-go
        - --value=10
        - --generator=linear
        - --lowerBound=1
        - --upperBound=10
        image: docker.io/vhiveease/relay:latest
        name: relay
        ports:
        - containerPort: 50000
          name: h2c
          protocol: TCP
        readinessProbe:
          successThreshold: 1
          tcpSocket:
            port: 0
        resources:
          limits:
            cpu: 30m
            memory: 64Mi
          requests:
            cpu: 30m
            memory: 64Mi
      - args:
        - -addr=0.0.0.0:50051
        image: docker.io/vhiveease/fibonacci-go:latest
        name: fibonacci-go
        resources:
          limits:
            cpu: 100m
            memory: 100Mi
          requests:
            cpu: 100m
            memory: 100Mi
      enableServiceLinks: false
      timeoutSeconds: 60
  traffic:
  - latestRevision: true
    percent: 100
status:
  address:
    url: http://fibonacci-go-a5.constrained-tests-a5.svc.cluster.local
  conditions:
  - lastTransitionTime: "2025-09-06T10:25:14Z"
    status: "True"
    type: ConfigurationsReady
  - lastTransitionTime: "2025-09-06T10:25:14Z"
    status: "True"
    type: Ready
  - lastTransitionTime: "2025-09-06T10:25:14Z"
    status: "True"
    type: RoutesReady
  latestCreatedRevisionName: fibonacci-go-a5-00001
  latestReadyRevisionName: fibonacci-go-a5-00001
  observedGeneration: 1
  traffic:
  - latestRevision: true
    percent: 100
    revisionName: fibonacci-go-a5-00001
  url: http://fibonacci-go-a5.constrained-tests-a5.192.168.1.240.sslip.io

=== Current Pods ===
NAME                                                READY   STATUS    RESTARTS   AGE   IP               NODE             NOMINATED NODE   READINESS GATES
fibonacci-go-a5-00001-deployment-545c497c86-wsk7x   3/3     Running   0          14s   192.168.64.254   cloud-vm-43-24   <none>           <none>

=== Resource Limits/Requests ===
fibonacci-go-a5-00001-deployment-545c497c86-wsk7x
  Container: relay
  CPU Request: 30m
  CPU Limit: 30m
  Memory Request: 64Mi
  Memory Limit: 64Mi
  Container: fibonacci-go
  CPU Request: 100m
  CPU Limit: 100m
  Memory Request: 100Mi
  Memory Limit: 100Mi
  Container: queue-proxy
  CPU Request: 100m
  CPU Limit: 100m
  Memory Request: 50Mi
  Memory Limit: 100Mi

