=== Deployment Configuration ===
Timestamp: 2025-08-18T09:44:43+01:00
Title: fibonacci_nodejs_b5
Service: fibonacci-nodejs-b5
Namespace: default
Expected Pods: 10
Actual Pods: 10

=== Knative Service Details ===
apiVersion: serving.knative.dev/v1
kind: Service
metadata:
  annotations:
    kubectl.kubernetes.io/last-applied-configuration: |
      {"apiVersion":"serving.knative.dev/v1","kind":"Service","metadata":{"annotations":{},"name":"fibonacci-nodejs-b5","namespace":"default"},"spec":{"template":{"metadata":{"annotations":{"autoscaling.knative.dev/maxScale":"10","autoscaling.knative.dev/minScale":"10","autoscaling.knative.dev/target":"10","serving.knative.dev/containerConcurrency":"10"}},"spec":{"containerConcurrency":10,"containers":[{"args":["--addr=0.0.0.0:50000","--function-endpoint-url=0.0.0.0","--function-endpoint-port=50051","--function-name=fibonacci-nodejs","--value=10","--generator=linear","--lowerBound=1","--upperBound=10"],"image":"docker.io/vhiveease/relay:latest","name":"relay","ports":[{"containerPort":50000,"name":"h2c"}],"resources":{"limits":{"cpu":"125m","memory":"256Mi"},"requests":{"cpu":"125m","memory":"256Mi"}}},{"args":["--addr=0.0.0.0","--port=50051"],"image":"docker.io/vhiveease/fibonacci-nodejs:latest","name":"fibonacci-nodejs","resources":{"limits":{"cpu":"100m","memory":"100Mi"},"requests":{"cpu":"100m","memory":"100Mi"}}}],"timeoutSeconds":60}}}}
    serving.knative.dev/creator: kubernetes-admin
    serving.knative.dev/lastModifier: kubernetes-admin
  creationTimestamp: "2025-08-18T08:42:39Z"
  generation: 1
  name: fibonacci-nodejs-b5
  namespace: default
  resourceVersion: "19249546"
  uid: 95ad07ae-9abf-4d9d-850d-ef07734046e5
spec:
  template:
    metadata:
      annotations:
        autoscaling.knative.dev/maxScale: "10"
        autoscaling.knative.dev/minScale: "10"
        autoscaling.knative.dev/target: "10"
        serving.knative.dev/containerConcurrency: "10"
      creationTimestamp: null
    spec:
      containerConcurrency: 10
      containers:
      - args:
        - --addr=0.0.0.0:50000
        - --function-endpoint-url=0.0.0.0
        - --function-endpoint-port=50051
        - --function-name=fibonacci-nodejs
        - --value=10
        - --generator=linear
        - --lowerBound=1
        - --upperBound=10
        image: docker.io/vhiveease/relay:latest
        name: relay
        ports:
        - containerPort: 50000
          name: h2c
          protocol: TCP
        readinessProbe:
          successThreshold: 1
          tcpSocket:
            port: 0
        resources:
          limits:
            cpu: 125m
            memory: 256Mi
          requests:
            cpu: 125m
            memory: 256Mi
      - args:
        - --addr=0.0.0.0
        - --port=50051
        image: docker.io/vhiveease/fibonacci-nodejs:latest
        name: fibonacci-nodejs
        resources:
          limits:
            cpu: 100m
            memory: 100Mi
          requests:
            cpu: 100m
            memory: 100Mi
      enableServiceLinks: false
      timeoutSeconds: 60
  traffic:
  - latestRevision: true
    percent: 100
status:
  address:
    url: http://fibonacci-nodejs-b5.default.svc.cluster.local
  conditions:
  - lastTransitionTime: "2025-08-18T08:42:55Z"
    status: "True"
    type: ConfigurationsReady
  - lastTransitionTime: "2025-08-18T08:42:56Z"
    status: "True"
    type: Ready
  - lastTransitionTime: "2025-08-18T08:42:56Z"
    status: "True"
    type: RoutesReady
  latestCreatedRevisionName: fibonacci-nodejs-b5-00001
  latestReadyRevisionName: fibonacci-nodejs-b5-00001
  observedGeneration: 1
  traffic:
  - latestRevision: true
    percent: 100
    revisionName: fibonacci-nodejs-b5-00001
  url: http://fibonacci-nodejs-b5.default.192.168.1.240.sslip.io

=== Current Pods ===
NAME                                                   READY   STATUS    RESTARTS   AGE    IP               NODE             NOMINATED NODE   READINESS GATES
fibonacci-nodejs-b5-00001-deployment-8db8d7bcb-4kcqb   3/3     Running   0          2m3s   192.168.64.252   cloud-vm-43-24   <none>           <none>
fibonacci-nodejs-b5-00001-deployment-8db8d7bcb-cm57t   3/3     Running   0          2m3s   192.168.64.218   cloud-vm-43-24   <none>           <none>
fibonacci-nodejs-b5-00001-deployment-8db8d7bcb-f7rqx   3/3     Running   0          2m3s   192.168.64.255   cloud-vm-43-24   <none>           <none>
fibonacci-nodejs-b5-00001-deployment-8db8d7bcb-hhjm6   3/3     Running   0          2m3s   192.168.64.203   cloud-vm-43-24   <none>           <none>
fibonacci-nodejs-b5-00001-deployment-8db8d7bcb-mn6kl   3/3     Running   0          2m3s   192.168.64.216   cloud-vm-43-24   <none>           <none>
fibonacci-nodejs-b5-00001-deployment-8db8d7bcb-p6p2l   3/3     Running   0          2m3s   192.168.64.211   cloud-vm-43-24   <none>           <none>
fibonacci-nodejs-b5-00001-deployment-8db8d7bcb-plknd   3/3     Running   0          2m3s   192.168.64.194   cloud-vm-43-24   <none>           <none>
fibonacci-nodejs-b5-00001-deployment-8db8d7bcb-r4mtm   3/3     Running   0          2m3s   192.168.64.249   cloud-vm-43-24   <none>           <none>
fibonacci-nodejs-b5-00001-deployment-8db8d7bcb-tfhvg   3/3     Running   0          2m3s   192.168.64.250   cloud-vm-43-24   <none>           <none>
fibonacci-nodejs-b5-00001-deployment-8db8d7bcb-w5fjh   3/3     Running   0          2m3s   192.168.64.248   cloud-vm-43-24   <none>           <none>

=== Resource Limits/Requests ===
fibonacci-nodejs-b5-00001-deployment-8db8d7bcb-4kcqb
  Container: relay
  CPU Request: 125m
  CPU Limit: 125m
  Memory Request: 256Mi
  Memory Limit: 256Mi
  Container: fibonacci-nodejs
  CPU Request: 100m
  CPU Limit: 100m
  Memory Request: 100Mi
  Memory Limit: 100Mi
  Container: queue-proxy
  CPU Request: 25m
  CPU Limit: 
  Memory Request: 
  Memory Limit: 

fibonacci-nodejs-b5-00001-deployment-8db8d7bcb-cm57t
  Container: relay
  CPU Request: 125m
  CPU Limit: 125m
  Memory Request: 256Mi
  Memory Limit: 256Mi
  Container: fibonacci-nodejs
  CPU Request: 100m
  CPU Limit: 100m
  Memory Request: 100Mi
  Memory Limit: 100Mi
  Container: queue-proxy
  CPU Request: 25m
  CPU Limit: 
  Memory Request: 
  Memory Limit: 

fibonacci-nodejs-b5-00001-deployment-8db8d7bcb-f7rqx
  Container: relay
  CPU Request: 125m
  CPU Limit: 125m
  Memory Request: 256Mi
  Memory Limit: 256Mi
  Container: fibonacci-nodejs
  CPU Request: 100m
  CPU Limit: 100m
  Memory Request: 100Mi
  Memory Limit: 100Mi
  Container: queue-proxy
  CPU Request: 25m
  CPU Limit: 
  Memory Request: 
  Memory Limit: 

fibonacci-nodejs-b5-00001-deployment-8db8d7bcb-hhjm6
  Container: relay
  CPU Request: 125m
  CPU Limit: 125m
  Memory Request: 256Mi
  Memory Limit: 256Mi
  Container: fibonacci-nodejs
  CPU Request: 100m
  CPU Limit: 100m
  Memory Request: 100Mi
  Memory Limit: 100Mi
  Container: queue-proxy
  CPU Request: 25m
  CPU Limit: 
  Memory Request: 
  Memory Limit: 

fibonacci-nodejs-b5-00001-deployment-8db8d7bcb-mn6kl
  Container: relay
  CPU Request: 125m
  CPU Limit: 125m
  Memory Request: 256Mi
  Memory Limit: 256Mi
  Container: fibonacci-nodejs
  CPU Request: 100m
  CPU Limit: 100m
  Memory Request: 100Mi
  Memory Limit: 100Mi
  Container: queue-proxy
  CPU Request: 25m
  CPU Limit: 
  Memory Request: 
  Memory Limit: 

fibonacci-nodejs-b5-00001-deployment-8db8d7bcb-p6p2l
  Container: relay
  CPU Request: 125m
  CPU Limit: 125m
  Memory Request: 256Mi
  Memory Limit: 256Mi
  Container: fibonacci-nodejs
  CPU Request: 100m
  CPU Limit: 100m
  Memory Request: 100Mi
  Memory Limit: 100Mi
  Container: queue-proxy
  CPU Request: 25m
  CPU Limit: 
  Memory Request: 
  Memory Limit: 

fibonacci-nodejs-b5-00001-deployment-8db8d7bcb-plknd
  Container: relay
  CPU Request: 125m
  CPU Limit: 125m
  Memory Request: 256Mi
  Memory Limit: 256Mi
  Container: fibonacci-nodejs
  CPU Request: 100m
  CPU Limit: 100m
  Memory Request: 100Mi
  Memory Limit: 100Mi
  Container: queue-proxy
  CPU Request: 25m
  CPU Limit: 
  Memory Request: 
  Memory Limit: 

fibonacci-nodejs-b5-00001-deployment-8db8d7bcb-r4mtm
  Container: relay
  CPU Request: 125m
  CPU Limit: 125m
  Memory Request: 256Mi
  Memory Limit: 256Mi
  Container: fibonacci-nodejs
  CPU Request: 100m
  CPU Limit: 100m
  Memory Request: 100Mi
  Memory Limit: 100Mi
  Container: queue-proxy
  CPU Request: 25m
  CPU Limit: 
  Memory Request: 
  Memory Limit: 

fibonacci-nodejs-b5-00001-deployment-8db8d7bcb-tfhvg
  Container: relay
  CPU Request: 125m
  CPU Limit: 125m
  Memory Request: 256Mi
  Memory Limit: 256Mi
  Container: fibonacci-nodejs
  CPU Request: 100m
  CPU Limit: 100m
  Memory Request: 100Mi
  Memory Limit: 100Mi
  Container: queue-proxy
  CPU Request: 25m
  CPU Limit: 
  Memory Request: 
  Memory Limit: 

fibonacci-nodejs-b5-00001-deployment-8db8d7bcb-w5fjh
  Container: relay
  CPU Request: 125m
  CPU Limit: 125m
  Memory Request: 256Mi
  Memory Limit: 256Mi
  Container: fibonacci-nodejs
  CPU Request: 100m
  CPU Limit: 100m
  Memory Request: 100Mi
  Memory Limit: 100Mi
  Container: queue-proxy
  CPU Request: 25m
  CPU Limit: 
  Memory Request: 
  Memory Limit: 

