=== Deployment Configuration ===
Timestamp: 2025-09-02T08:03:24+01:00
Title: fibonacci_python_c5
Service: fibonacci-python-c5
Namespace: default
Expected Pods: 10
Actual Pods: 10

=== Knative Service Details ===
apiVersion: serving.knative.dev/v1
kind: Service
metadata:
  annotations:
    kubectl.kubernetes.io/last-applied-configuration: |
      {"apiVersion":"serving.knative.dev/v1","kind":"Service","metadata":{"annotations":{},"name":"fibonacci-python-c5","namespace":"default"},"spec":{"template":{"metadata":{"annotations":{"autoscaling.knative.dev/maxScale":"10","autoscaling.knative.dev/minScale":"10","autoscaling.knative.dev/target":"20","serving.knative.dev/containerConcurrency":"20"}},"spec":{"containerConcurrency":20,"containers":[{"args":["--addr=0.0.0.0:50000","--function-endpoint-url=0.0.0.0","--function-endpoint-port=50051","--function-name=fibonacci-python","--value=10","--generator=linear","--lowerBound=1","--upperBound=10"],"image":"docker.io/vhiveease/relay:latest","name":"relay","ports":[{"containerPort":50000,"name":"h2c"}],"resources":{"limits":{"cpu":"250m","memory":"512Mi"},"requests":{"cpu":"250m","memory":"512Mi"}}},{"args":["-addr=0.0.0.0:50051"],"image":"docker.io/vhiveease/fibonacci-python:latest","name":"fibonacci-python","resources":{"limits":{"cpu":"200m","memory":"200Mi"},"requests":{"cpu":"200m","memory":"200Mi"}}}],"timeoutSeconds":60}}}}
    serving.knative.dev/creator: kubernetes-admin
    serving.knative.dev/lastModifier: kubernetes-admin
  creationTimestamp: "2025-09-02T07:02:32Z"
  generation: 1
  name: fibonacci-python-c5
  namespace: default
  resourceVersion: "27806152"
  uid: 502dc90e-72d9-46be-9354-0a9c7e002607
spec:
  template:
    metadata:
      annotations:
        autoscaling.knative.dev/maxScale: "10"
        autoscaling.knative.dev/minScale: "10"
        autoscaling.knative.dev/target: "20"
        serving.knative.dev/containerConcurrency: "20"
      creationTimestamp: null
    spec:
      containerConcurrency: 20
      containers:
      - args:
        - --addr=0.0.0.0:50000
        - --function-endpoint-url=0.0.0.0
        - --function-endpoint-port=50051
        - --function-name=fibonacci-python
        - --value=10
        - --generator=linear
        - --lowerBound=1
        - --upperBound=10
        image: docker.io/vhiveease/relay:latest
        name: relay
        ports:
        - containerPort: 50000
          name: h2c
          protocol: TCP
        readinessProbe:
          successThreshold: 1
          tcpSocket:
            port: 0
        resources:
          limits:
            cpu: 250m
            memory: 512Mi
          requests:
            cpu: 250m
            memory: 512Mi
      - args:
        - -addr=0.0.0.0:50051
        image: docker.io/vhiveease/fibonacci-python:latest
        name: fibonacci-python
        resources:
          limits:
            cpu: 200m
            memory: 200Mi
          requests:
            cpu: 200m
            memory: 200Mi
      enableServiceLinks: false
      timeoutSeconds: 60
  traffic:
  - latestRevision: true
    percent: 100
status:
  address:
    url: http://fibonacci-python-c5.default.svc.cluster.local
  conditions:
  - lastTransitionTime: "2025-09-02T07:03:14Z"
    status: "True"
    type: ConfigurationsReady
  - lastTransitionTime: "2025-09-02T07:03:14Z"
    status: "True"
    type: Ready
  - lastTransitionTime: "2025-09-02T07:03:14Z"
    status: "True"
    type: RoutesReady
  latestCreatedRevisionName: fibonacci-python-c5-00001
  latestReadyRevisionName: fibonacci-python-c5-00001
  observedGeneration: 1
  traffic:
  - latestRevision: true
    percent: 100
    revisionName: fibonacci-python-c5-00001
  url: http://fibonacci-python-c5.default.192.168.1.240.sslip.io

=== Current Pods ===
NAME                                                   READY   STATUS    RESTARTS   AGE   IP               NODE             NOMINATED NODE   READINESS GATES
fibonacci-python-c5-00001-deployment-b5d848f46-8kgjj   3/3     Running   0          51s   192.168.64.213   cloud-vm-43-24   <none>           <none>
fibonacci-python-c5-00001-deployment-b5d848f46-bgjwn   3/3     Running   0          52s   192.168.64.243   cloud-vm-43-24   <none>           <none>
fibonacci-python-c5-00001-deployment-b5d848f46-jmtwp   3/3     Running   0          51s   192.168.64.248   cloud-vm-43-24   <none>           <none>
fibonacci-python-c5-00001-deployment-b5d848f46-jr5xh   0/3     Pending   0          51s   <none>           <none>           <none>           <none>
fibonacci-python-c5-00001-deployment-b5d848f46-n2sf2   3/3     Running   0          51s   192.168.64.254   cloud-vm-43-24   <none>           <none>
fibonacci-python-c5-00001-deployment-b5d848f46-ngm6f   3/3     Running   0          51s   192.168.64.204   cloud-vm-43-24   <none>           <none>
fibonacci-python-c5-00001-deployment-b5d848f46-q7jf8   3/3     Running   0          51s   192.168.64.227   cloud-vm-43-24   <none>           <none>
fibonacci-python-c5-00001-deployment-b5d848f46-rtfkq   0/3     Pending   0          51s   <none>           <none>           <none>           <none>
fibonacci-python-c5-00001-deployment-b5d848f46-z2s8k   0/3     Pending   0          51s   <none>           <none>           <none>           <none>
fibonacci-python-c5-00001-deployment-b5d848f46-zq46j   0/3     Pending   0          51s   <none>           <none>           <none>           <none>

=== Resource Limits/Requests ===
fibonacci-python-c5-00001-deployment-b5d848f46-8kgjj
  Container: relay
  CPU Request: 250m
  CPU Limit: 250m
  Memory Request: 512Mi
  Memory Limit: 512Mi
  Container: fibonacci-python
  CPU Request: 200m
  CPU Limit: 200m
  Memory Request: 200Mi
  Memory Limit: 200Mi
  Container: queue-proxy
  CPU Request: 25m
  CPU Limit: 
  Memory Request: 
  Memory Limit: 

fibonacci-python-c5-00001-deployment-b5d848f46-bgjwn
  Container: relay
  CPU Request: 250m
  CPU Limit: 250m
  Memory Request: 512Mi
  Memory Limit: 512Mi
  Container: fibonacci-python
  CPU Request: 200m
  CPU Limit: 200m
  Memory Request: 200Mi
  Memory Limit: 200Mi
  Container: queue-proxy
  CPU Request: 25m
  CPU Limit: 
  Memory Request: 
  Memory Limit: 

fibonacci-python-c5-00001-deployment-b5d848f46-jmtwp
  Container: relay
  CPU Request: 250m
  CPU Limit: 250m
  Memory Request: 512Mi
  Memory Limit: 512Mi
  Container: fibonacci-python
  CPU Request: 200m
  CPU Limit: 200m
  Memory Request: 200Mi
  Memory Limit: 200Mi
  Container: queue-proxy
  CPU Request: 25m
  CPU Limit: 
  Memory Request: 
  Memory Limit: 

fibonacci-python-c5-00001-deployment-b5d848f46-jr5xh
  Container: relay
  CPU Request: 250m
  CPU Limit: 250m
  Memory Request: 512Mi
  Memory Limit: 512Mi
  Container: fibonacci-python
  CPU Request: 200m
  CPU Limit: 200m
  Memory Request: 200Mi
  Memory Limit: 200Mi
  Container: queue-proxy
  CPU Request: 25m
  CPU Limit: 
  Memory Request: 
  Memory Limit: 

fibonacci-python-c5-00001-deployment-b5d848f46-n2sf2
  Container: relay
  CPU Request: 250m
  CPU Limit: 250m
  Memory Request: 512Mi
  Memory Limit: 512Mi
  Container: fibonacci-python
  CPU Request: 200m
  CPU Limit: 200m
  Memory Request: 200Mi
  Memory Limit: 200Mi
  Container: queue-proxy
  CPU Request: 25m
  CPU Limit: 
  Memory Request: 
  Memory Limit: 

fibonacci-python-c5-00001-deployment-b5d848f46-ngm6f
  Container: relay
  CPU Request: 250m
  CPU Limit: 250m
  Memory Request: 512Mi
  Memory Limit: 512Mi
  Container: fibonacci-python
  CPU Request: 200m
  CPU Limit: 200m
  Memory Request: 200Mi
  Memory Limit: 200Mi
  Container: queue-proxy
  CPU Request: 25m
  CPU Limit: 
  Memory Request: 
  Memory Limit: 

fibonacci-python-c5-00001-deployment-b5d848f46-q7jf8
  Container: relay
  CPU Request: 250m
  CPU Limit: 250m
  Memory Request: 512Mi
  Memory Limit: 512Mi
  Container: fibonacci-python
  CPU Request: 200m
  CPU Limit: 200m
  Memory Request: 200Mi
  Memory Limit: 200Mi
  Container: queue-proxy
  CPU Request: 25m
  CPU Limit: 
  Memory Request: 
  Memory Limit: 

fibonacci-python-c5-00001-deployment-b5d848f46-rtfkq
  Container: relay
  CPU Request: 250m
  CPU Limit: 250m
  Memory Request: 512Mi
  Memory Limit: 512Mi
  Container: fibonacci-python
  CPU Request: 200m
  CPU Limit: 200m
  Memory Request: 200Mi
  Memory Limit: 200Mi
  Container: queue-proxy
  CPU Request: 25m
  CPU Limit: 
  Memory Request: 
  Memory Limit: 

fibonacci-python-c5-00001-deployment-b5d848f46-z2s8k
  Container: relay
  CPU Request: 250m
  CPU Limit: 250m
  Memory Request: 512Mi
  Memory Limit: 512Mi
  Container: fibonacci-python
  CPU Request: 200m
  CPU Limit: 200m
  Memory Request: 200Mi
  Memory Limit: 200Mi
  Container: queue-proxy
  CPU Request: 25m
  CPU Limit: 
  Memory Request: 
  Memory Limit: 

fibonacci-python-c5-00001-deployment-b5d848f46-zq46j
  Container: relay
  CPU Request: 250m
  CPU Limit: 250m
  Memory Request: 512Mi
  Memory Limit: 512Mi
  Container: fibonacci-python
  CPU Request: 200m
  CPU Limit: 200m
  Memory Request: 200Mi
  Memory Limit: 200Mi
  Container: queue-proxy
  CPU Request: 25m
  CPU Limit: 
  Memory Request: 
  Memory Limit: 

