=== Deployment Configuration ===
Timestamp: 2025-08-19T12:44:14+01:00
Title: fibonacci_python_b2
Service: fibonacci-python-b2
Namespace: default
Expected Pods: 2
Actual Pods: 2

=== Knative Service Details ===
apiVersion: serving.knative.dev/v1
kind: Service
metadata:
  annotations:
    kubectl.kubernetes.io/last-applied-configuration: |
      {"apiVersion":"serving.knative.dev/v1","kind":"Service","metadata":{"annotations":{},"name":"fibonacci-python-b2","namespace":"default"},"spec":{"template":{"metadata":{"annotations":{"autoscaling.knative.dev/maxScale":"2","autoscaling.knative.dev/minScale":"2","autoscaling.knative.dev/target":"50","serving.knative.dev/containerConcurrency":"50"}},"spec":{"containerConcurrency":50,"containers":[{"args":["--addr=0.0.0.0:50000","--function-endpoint-url=0.0.0.0","--function-endpoint-port=50051","--function-name=fibonacci-python","--value=10","--generator=linear","--lowerBound=1","--upperBound=10"],"image":"docker.io/vhiveease/relay:latest","name":"relay","ports":[{"containerPort":50000,"name":"h2c"}],"resources":{"limits":{"cpu":"125m","memory":"256Mi"},"requests":{"cpu":"125m","memory":"256Mi"}}},{"args":["--addr=0.0.0.0","--port=50051"],"image":"docker.io/vhiveease/fibonacci-python:latest","name":"fibonacci-python","resources":{"limits":{"cpu":"500m","memory":"500Mi"},"requests":{"cpu":"500m","memory":"500Mi"}}}],"timeoutSeconds":60}}}}
    serving.knative.dev/creator: kubernetes-admin
    serving.knative.dev/lastModifier: kubernetes-admin
  creationTimestamp: "2025-08-19T11:43:30Z"
  generation: 1
  name: fibonacci-python-b2
  namespace: default
  resourceVersion: "19901168"
  uid: 2d6ba1c0-d65d-4544-98d4-afb5dee87eb1
spec:
  template:
    metadata:
      annotations:
        autoscaling.knative.dev/maxScale: "2"
        autoscaling.knative.dev/minScale: "2"
        autoscaling.knative.dev/target: "50"
        serving.knative.dev/containerConcurrency: "50"
      creationTimestamp: null
    spec:
      containerConcurrency: 50
      containers:
      - args:
        - --addr=0.0.0.0:50000
        - --function-endpoint-url=0.0.0.0
        - --function-endpoint-port=50051
        - --function-name=fibonacci-python
        - --value=10
        - --generator=linear
        - --lowerBound=1
        - --upperBound=10
        image: docker.io/vhiveease/relay:latest
        name: relay
        ports:
        - containerPort: 50000
          name: h2c
          protocol: TCP
        readinessProbe:
          successThreshold: 1
          tcpSocket:
            port: 0
        resources:
          limits:
            cpu: 125m
            memory: 256Mi
          requests:
            cpu: 125m
            memory: 256Mi
      - args:
        - --addr=0.0.0.0
        - --port=50051
        image: docker.io/vhiveease/fibonacci-python:latest
        name: fibonacci-python
        resources:
          limits:
            cpu: 500m
            memory: 500Mi
          requests:
            cpu: 500m
            memory: 500Mi
      enableServiceLinks: false
      timeoutSeconds: 60
  traffic:
  - latestRevision: true
    percent: 100
status:
  address:
    url: http://fibonacci-python-b2.default.svc.cluster.local
  conditions:
  - lastTransitionTime: "2025-08-19T11:43:33Z"
    status: "True"
    type: ConfigurationsReady
  - lastTransitionTime: "2025-08-19T11:43:34Z"
    status: "True"
    type: Ready
  - lastTransitionTime: "2025-08-19T11:43:34Z"
    status: "True"
    type: RoutesReady
  latestCreatedRevisionName: fibonacci-python-b2-00001
  latestReadyRevisionName: fibonacci-python-b2-00001
  observedGeneration: 1
  traffic:
  - latestRevision: true
    percent: 100
    revisionName: fibonacci-python-b2-00001
  url: http://fibonacci-python-b2.default.192.168.1.240.sslip.io

=== Current Pods ===
NAME                                                    READY   STATUS    RESTARTS   AGE   IP               NODE             NOMINATED NODE   READINESS GATES
fibonacci-python-b2-00001-deployment-7d7588db9b-6c5vs   3/3     Running   0          43s   192.168.64.235   cloud-vm-43-24   <none>           <none>
fibonacci-python-b2-00001-deployment-7d7588db9b-tllgf   3/3     Running   0          43s   192.168.64.193   cloud-vm-43-24   <none>           <none>

=== Resource Limits/Requests ===
fibonacci-python-b2-00001-deployment-7d7588db9b-6c5vs
  Container: relay
  CPU Request: 125m
  CPU Limit: 125m
  Memory Request: 256Mi
  Memory Limit: 256Mi
  Container: fibonacci-python
  CPU Request: 500m
  CPU Limit: 500m
  Memory Request: 500Mi
  Memory Limit: 500Mi
  Container: queue-proxy
  CPU Request: 25m
  CPU Limit: 
  Memory Request: 
  Memory Limit: 

fibonacci-python-b2-00001-deployment-7d7588db9b-tllgf
  Container: relay
  CPU Request: 125m
  CPU Limit: 125m
  Memory Request: 256Mi
  Memory Limit: 256Mi
  Container: fibonacci-python
  CPU Request: 500m
  CPU Limit: 500m
  Memory Request: 500Mi
  Memory Limit: 500Mi
  Container: queue-proxy
  CPU Request: 25m
  CPU Limit: 
  Memory Request: 
  Memory Limit: 

