=== Deployment Configuration ===
Timestamp: 2025-09-06T16:44:46+01:00
Title: fibonacci_python_c3
Service: fibonacci-python-c3
Namespace: constrained-tests-c3
Expected Pods: 4
Actual Pods: 4

=== Knative Service Details ===
apiVersion: serving.knative.dev/v1
kind: Service
metadata:
  annotations:
    kubectl.kubernetes.io/last-applied-configuration: |
      {"apiVersion":"serving.knative.dev/v1","kind":"Service","metadata":{"annotations":{},"name":"fibonacci-python-c3","namespace":"constrained-tests-c3"},"spec":{"template":{"metadata":{"annotations":{"autoscaling.knative.dev/maxScale":"4","autoscaling.knative.dev/minScale":"4","autoscaling.knative.dev/target":"50","serving.knative.dev/containerConcurrency":"50"}},"spec":{"containerConcurrency":50,"containers":[{"args":["--addr=0.0.0.0:50000","--function-endpoint-url=0.0.0.0","--function-endpoint-port=50051","--function-name=fibonacci-python","--value=10","--generator=linear","--lowerBound=1","--upperBound=10"],"image":"docker.io/vhiveease/relay:latest","name":"relay","ports":[{"containerPort":50000,"name":"h2c"}],"resources":{"limits":{"cpu":"30m","memory":"64Mi"},"requests":{"cpu":"30m","memory":"64Mi"}}},{"args":["-addr=0.0.0.0:50051"],"image":"docker.io/vhiveease/fibonacci-python:latest","name":"fibonacci-python","resources":{"limits":{"cpu":"500m","memory":"500Mi"},"requests":{"cpu":"500m","memory":"500Mi"}}}],"timeoutSeconds":60}}}}
    serving.knative.dev/creator: kubernetes-admin
    serving.knative.dev/lastModifier: kubernetes-admin
  creationTimestamp: "2025-09-06T15:43:49Z"
  generation: 1
  name: fibonacci-python-c3
  namespace: constrained-tests-c3
  resourceVersion: "30321691"
  uid: 4df2c553-6110-4607-8288-53468d237fa4
spec:
  template:
    metadata:
      annotations:
        autoscaling.knative.dev/maxScale: "4"
        autoscaling.knative.dev/minScale: "4"
        autoscaling.knative.dev/target: "50"
        serving.knative.dev/containerConcurrency: "50"
      creationTimestamp: null
    spec:
      containerConcurrency: 50
      containers:
      - args:
        - --addr=0.0.0.0:50000
        - --function-endpoint-url=0.0.0.0
        - --function-endpoint-port=50051
        - --function-name=fibonacci-python
        - --value=10
        - --generator=linear
        - --lowerBound=1
        - --upperBound=10
        image: docker.io/vhiveease/relay:latest
        name: relay
        ports:
        - containerPort: 50000
          name: h2c
          protocol: TCP
        readinessProbe:
          successThreshold: 1
          tcpSocket:
            port: 0
        resources:
          limits:
            cpu: 30m
            memory: 64Mi
          requests:
            cpu: 30m
            memory: 64Mi
      - args:
        - -addr=0.0.0.0:50051
        image: docker.io/vhiveease/fibonacci-python:latest
        name: fibonacci-python
        resources:
          limits:
            cpu: 500m
            memory: 500Mi
          requests:
            cpu: 500m
            memory: 500Mi
      enableServiceLinks: false
      timeoutSeconds: 60
  traffic:
  - latestRevision: true
    percent: 100
status:
  address:
    url: http://fibonacci-python-c3.constrained-tests-c3.svc.cluster.local
  conditions:
  - lastTransitionTime: "2025-09-06T15:43:56Z"
    status: "True"
    type: ConfigurationsReady
  - lastTransitionTime: "2025-09-06T15:43:57Z"
    status: "True"
    type: Ready
  - lastTransitionTime: "2025-09-06T15:43:57Z"
    status: "True"
    type: RoutesReady
  latestCreatedRevisionName: fibonacci-python-c3-00001
  latestReadyRevisionName: fibonacci-python-c3-00001
  observedGeneration: 1
  traffic:
  - latestRevision: true
    percent: 100
    revisionName: fibonacci-python-c3-00001
  url: http://fibonacci-python-c3.constrained-tests-c3.192.168.1.240.sslip.io

=== Current Pods ===
NAME                                                    READY   STATUS    RESTARTS   AGE   IP               NODE             NOMINATED NODE   READINESS GATES
fibonacci-python-c3-00001-deployment-6fc7c59bb8-b64t8   3/3     Running   0          56s   192.168.64.233   cloud-vm-43-24   <none>           <none>
fibonacci-python-c3-00001-deployment-6fc7c59bb8-bwdkx   3/3     Running   0          56s   192.168.64.219   cloud-vm-43-24   <none>           <none>
fibonacci-python-c3-00001-deployment-6fc7c59bb8-f9snx   3/3     Running   0          56s   192.168.64.216   cloud-vm-43-24   <none>           <none>
fibonacci-python-c3-00001-deployment-6fc7c59bb8-r7mlz   3/3     Running   0          56s   192.168.64.250   cloud-vm-43-24   <none>           <none>

=== Resource Limits/Requests ===
fibonacci-python-c3-00001-deployment-6fc7c59bb8-b64t8
  Container: relay
  CPU Request: 30m
  CPU Limit: 30m
  Memory Request: 64Mi
  Memory Limit: 64Mi
  Container: fibonacci-python
  CPU Request: 500m
  CPU Limit: 500m
  Memory Request: 500Mi
  Memory Limit: 500Mi
  Container: queue-proxy
  CPU Request: 100m
  CPU Limit: 100m
  Memory Request: 50Mi
  Memory Limit: 100Mi

fibonacci-python-c3-00001-deployment-6fc7c59bb8-bwdkx
  Container: relay
  CPU Request: 30m
  CPU Limit: 30m
  Memory Request: 64Mi
  Memory Limit: 64Mi
  Container: fibonacci-python
  CPU Request: 500m
  CPU Limit: 500m
  Memory Request: 500Mi
  Memory Limit: 500Mi
  Container: queue-proxy
  CPU Request: 100m
  CPU Limit: 100m
  Memory Request: 50Mi
  Memory Limit: 100Mi

fibonacci-python-c3-00001-deployment-6fc7c59bb8-f9snx
  Container: relay
  CPU Request: 30m
  CPU Limit: 30m
  Memory Request: 64Mi
  Memory Limit: 64Mi
  Container: fibonacci-python
  CPU Request: 500m
  CPU Limit: 500m
  Memory Request: 500Mi
  Memory Limit: 500Mi
  Container: queue-proxy
  CPU Request: 100m
  CPU Limit: 100m
  Memory Request: 50Mi
  Memory Limit: 100Mi

fibonacci-python-c3-00001-deployment-6fc7c59bb8-r7mlz
  Container: relay
  CPU Request: 30m
  CPU Limit: 30m
  Memory Request: 64Mi
  Memory Limit: 64Mi
  Container: fibonacci-python
  CPU Request: 500m
  CPU Limit: 500m
  Memory Request: 500Mi
  Memory Limit: 500Mi
  Container: queue-proxy
  CPU Request: 100m
  CPU Limit: 100m
  Memory Request: 50Mi
  Memory Limit: 100Mi

