=== Deployment Configuration ===
Timestamp: 2025-09-01T08:43:00+01:00
Title: fibonacci_nodejs_c3
Service: fibonacci-nodejs-c3
Namespace: default
Expected Pods: 4
Actual Pods: 4

=== Knative Service Details ===
apiVersion: serving.knative.dev/v1
kind: Service
metadata:
  annotations:
    kubectl.kubernetes.io/last-applied-configuration: |
      {"apiVersion":"serving.knative.dev/v1","kind":"Service","metadata":{"annotations":{},"name":"fibonacci-nodejs-c3","namespace":"default"},"spec":{"template":{"metadata":{"annotations":{"autoscaling.knative.dev/maxScale":"4","autoscaling.knative.dev/minScale":"4","autoscaling.knative.dev/target":"50","serving.knative.dev/containerConcurrency":"50"}},"spec":{"containerConcurrency":50,"containers":[{"args":["--addr=0.0.0.0:50000","--function-endpoint-url=0.0.0.0","--function-endpoint-port=50051","--function-name=fibonacci-nodejs","--value=10","--generator=linear","--lowerBound=1","--upperBound=10"],"image":"docker.io/vhiveease/relay:latest","name":"relay","ports":[{"containerPort":50000,"name":"h2c"}],"resources":{"limits":{"cpu":"250m","memory":"512Mi"},"requests":{"cpu":"250m","memory":"512Mi"}}},{"args":["--addr=0.0.0.0","--port=50051"],"image":"docker.io/vhiveease/fibonacci-nodejs:latest","name":"fibonacci-nodejs","resources":{"limits":{"cpu":"500m","memory":"500Mi"},"requests":{"cpu":"500m","memory":"500Mi"}}}],"timeoutSeconds":60}}}}
    serving.knative.dev/creator: kubernetes-admin
    serving.knative.dev/lastModifier: kubernetes-admin
  creationTimestamp: "2025-09-01T07:41:50Z"
  generation: 1
  name: fibonacci-nodejs-c3
  namespace: default
  resourceVersion: "27243301"
  uid: a46aec31-8380-4014-a2b5-a32ebca23b37
spec:
  template:
    metadata:
      annotations:
        autoscaling.knative.dev/maxScale: "4"
        autoscaling.knative.dev/minScale: "4"
        autoscaling.knative.dev/target: "50"
        serving.knative.dev/containerConcurrency: "50"
      creationTimestamp: null
    spec:
      containerConcurrency: 50
      containers:
      - args:
        - --addr=0.0.0.0:50000
        - --function-endpoint-url=0.0.0.0
        - --function-endpoint-port=50051
        - --function-name=fibonacci-nodejs
        - --value=10
        - --generator=linear
        - --lowerBound=1
        - --upperBound=10
        image: docker.io/vhiveease/relay:latest
        name: relay
        ports:
        - containerPort: 50000
          name: h2c
          protocol: TCP
        readinessProbe:
          successThreshold: 1
          tcpSocket:
            port: 0
        resources:
          limits:
            cpu: 250m
            memory: 512Mi
          requests:
            cpu: 250m
            memory: 512Mi
      - args:
        - --addr=0.0.0.0
        - --port=50051
        image: docker.io/vhiveease/fibonacci-nodejs:latest
        name: fibonacci-nodejs
        resources:
          limits:
            cpu: 500m
            memory: 500Mi
          requests:
            cpu: 500m
            memory: 500Mi
      enableServiceLinks: false
      timeoutSeconds: 60
  traffic:
  - latestRevision: true
    percent: 100
status:
  address:
    url: http://fibonacci-nodejs-c3.default.svc.cluster.local
  conditions:
  - lastTransitionTime: "2025-09-01T07:42:48Z"
    status: "True"
    type: ConfigurationsReady
  - lastTransitionTime: "2025-09-01T07:42:49Z"
    status: "True"
    type: Ready
  - lastTransitionTime: "2025-09-01T07:42:49Z"
    status: "True"
    type: RoutesReady
  latestCreatedRevisionName: fibonacci-nodejs-c3-00001
  latestReadyRevisionName: fibonacci-nodejs-c3-00001
  observedGeneration: 1
  traffic:
  - latestRevision: true
    percent: 100
    revisionName: fibonacci-nodejs-c3-00001
  url: http://fibonacci-nodejs-c3.default.192.168.1.240.sslip.io

=== Current Pods ===
NAME                                                    READY   STATUS    RESTARTS   AGE   IP               NODE             NOMINATED NODE   READINESS GATES
fibonacci-nodejs-c3-00001-deployment-74cf54d59f-444xg   3/3     Running   0          12s   192.168.64.235   cloud-vm-43-24   <none>           <none>
fibonacci-nodejs-c3-00001-deployment-74cf54d59f-4jsqt   0/3     Pending   0          12s   <none>           <none>           <none>           <none>
fibonacci-nodejs-c3-00001-deployment-74cf54d59f-xzvmc   3/3     Running   0          12s   192.168.64.216   cloud-vm-43-24   <none>           <none>
fibonacci-nodejs-c3-00001-deployment-74cf54d59f-zr5x6   3/3     Running   0          69s   192.168.64.219   cloud-vm-43-24   <none>           <none>

=== Resource Limits/Requests ===
fibonacci-nodejs-c3-00001-deployment-74cf54d59f-444xg
  Container: relay
  CPU Request: 250m
  CPU Limit: 250m
  Memory Request: 512Mi
  Memory Limit: 512Mi
  Container: fibonacci-nodejs
  CPU Request: 500m
  CPU Limit: 500m
  Memory Request: 500Mi
  Memory Limit: 500Mi
  Container: queue-proxy
  CPU Request: 25m
  CPU Limit: 
  Memory Request: 
  Memory Limit: 

fibonacci-nodejs-c3-00001-deployment-74cf54d59f-4jsqt
  Container: relay
  CPU Request: 250m
  CPU Limit: 250m
  Memory Request: 512Mi
  Memory Limit: 512Mi
  Container: fibonacci-nodejs
  CPU Request: 500m
  CPU Limit: 500m
  Memory Request: 500Mi
  Memory Limit: 500Mi
  Container: queue-proxy
  CPU Request: 25m
  CPU Limit: 
  Memory Request: 
  Memory Limit: 

fibonacci-nodejs-c3-00001-deployment-74cf54d59f-xzvmc
  Container: relay
  CPU Request: 250m
  CPU Limit: 250m
  Memory Request: 512Mi
  Memory Limit: 512Mi
  Container: fibonacci-nodejs
  CPU Request: 500m
  CPU Limit: 500m
  Memory Request: 500Mi
  Memory Limit: 500Mi
  Container: queue-proxy
  CPU Request: 25m
  CPU Limit: 
  Memory Request: 
  Memory Limit: 

fibonacci-nodejs-c3-00001-deployment-74cf54d59f-zr5x6
  Container: relay
  CPU Request: 250m
  CPU Limit: 250m
  Memory Request: 512Mi
  Memory Limit: 512Mi
  Container: fibonacci-nodejs
  CPU Request: 500m
  CPU Limit: 500m
  Memory Request: 500Mi
  Memory Limit: 500Mi
  Container: queue-proxy
  CPU Request: 25m
  CPU Limit: 
  Memory Request: 
  Memory Limit: 

