=== Deployment Configuration ===
Timestamp: 2025-08-19T16:53:41+01:00
Title: fibonacci_python_b5
Service: fibonacci-python-b5
Namespace: default
Expected Pods: 10
Actual Pods: 10

=== Knative Service Details ===
apiVersion: serving.knative.dev/v1
kind: Service
metadata:
  annotations:
    kubectl.kubernetes.io/last-applied-configuration: |
      {"apiVersion":"serving.knative.dev/v1","kind":"Service","metadata":{"annotations":{},"name":"fibonacci-python-b5","namespace":"default"},"spec":{"template":{"metadata":{"annotations":{"autoscaling.knative.dev/maxScale":"10","autoscaling.knative.dev/minScale":"10","autoscaling.knative.dev/target":"10","serving.knative.dev/containerConcurrency":"10"}},"spec":{"containerConcurrency":10,"containers":[{"args":["--addr=0.0.0.0:50000","--function-endpoint-url=0.0.0.0","--function-endpoint-port=50051","--function-name=fibonacci-python","--value=10","--generator=linear","--lowerBound=1","--upperBound=10"],"image":"docker.io/vhiveease/relay:latest","name":"relay","ports":[{"containerPort":50000,"name":"h2c"}],"resources":{"limits":{"cpu":"125m","memory":"256Mi"},"requests":{"cpu":"125m","memory":"256Mi"}}},{"args":["--addr=0.0.0.0","--port=50051"],"image":"docker.io/vhiveease/fibonacci-python:latest","name":"fibonacci-python","resources":{"limits":{"cpu":"100m","memory":"100Mi"},"requests":{"cpu":"100m","memory":"100Mi"}}}],"timeoutSeconds":60}}}}
    serving.knative.dev/creator: kubernetes-admin
    serving.knative.dev/lastModifier: kubernetes-admin
  creationTimestamp: "2025-08-19T15:51:34Z"
  generation: 1
  name: fibonacci-python-b5
  namespace: default
  resourceVersion: "20003024"
  uid: f093d396-27b7-463d-a682-af84b44c487d
spec:
  template:
    metadata:
      annotations:
        autoscaling.knative.dev/maxScale: "10"
        autoscaling.knative.dev/minScale: "10"
        autoscaling.knative.dev/target: "10"
        serving.knative.dev/containerConcurrency: "10"
      creationTimestamp: null
    spec:
      containerConcurrency: 10
      containers:
      - args:
        - --addr=0.0.0.0:50000
        - --function-endpoint-url=0.0.0.0
        - --function-endpoint-port=50051
        - --function-name=fibonacci-python
        - --value=10
        - --generator=linear
        - --lowerBound=1
        - --upperBound=10
        image: docker.io/vhiveease/relay:latest
        name: relay
        ports:
        - containerPort: 50000
          name: h2c
          protocol: TCP
        readinessProbe:
          successThreshold: 1
          tcpSocket:
            port: 0
        resources:
          limits:
            cpu: 125m
            memory: 256Mi
          requests:
            cpu: 125m
            memory: 256Mi
      - args:
        - --addr=0.0.0.0
        - --port=50051
        image: docker.io/vhiveease/fibonacci-python:latest
        name: fibonacci-python
        resources:
          limits:
            cpu: 100m
            memory: 100Mi
          requests:
            cpu: 100m
            memory: 100Mi
      enableServiceLinks: false
      timeoutSeconds: 60
  traffic:
  - latestRevision: true
    percent: 100
status:
  address:
    url: http://fibonacci-python-b5.default.svc.cluster.local
  conditions:
  - lastTransitionTime: "2025-08-19T15:52:35Z"
    status: "True"
    type: ConfigurationsReady
  - lastTransitionTime: "2025-08-19T15:52:35Z"
    status: "True"
    type: Ready
  - lastTransitionTime: "2025-08-19T15:52:35Z"
    status: "True"
    type: RoutesReady
  latestCreatedRevisionName: fibonacci-python-b5-00001
  latestReadyRevisionName: fibonacci-python-b5-00001
  observedGeneration: 1
  traffic:
  - latestRevision: true
    percent: 100
    revisionName: fibonacci-python-b5-00001
  url: http://fibonacci-python-b5.default.192.168.1.240.sslip.io

=== Current Pods ===
NAME                                                    READY   STATUS    RESTARTS   AGE    IP               NODE             NOMINATED NODE   READINESS GATES
fibonacci-python-b5-00001-deployment-6cdfc79cd6-7gswd   0/3     Pending   0          2m6s   <none>           <none>           <none>           <none>
fibonacci-python-b5-00001-deployment-6cdfc79cd6-d6745   3/3     Running   0          2m6s   192.168.64.238   cloud-vm-43-24   <none>           <none>
fibonacci-python-b5-00001-deployment-6cdfc79cd6-flrwj   3/3     Running   0          2m6s   192.168.64.201   cloud-vm-43-24   <none>           <none>
fibonacci-python-b5-00001-deployment-6cdfc79cd6-gqwvm   0/3     Pending   0          2m6s   <none>           <none>           <none>           <none>
fibonacci-python-b5-00001-deployment-6cdfc79cd6-hlv5z   3/3     Running   0          2m6s   192.168.64.206   cloud-vm-43-24   <none>           <none>
fibonacci-python-b5-00001-deployment-6cdfc79cd6-jkj2c   0/3     Pending   0          2m6s   <none>           <none>           <none>           <none>
fibonacci-python-b5-00001-deployment-6cdfc79cd6-pstwx   3/3     Running   0          2m6s   192.168.64.242   cloud-vm-43-24   <none>           <none>
fibonacci-python-b5-00001-deployment-6cdfc79cd6-sgpzz   0/3     Pending   0          2m6s   <none>           <none>           <none>           <none>
fibonacci-python-b5-00001-deployment-6cdfc79cd6-v7hkf   3/3     Running   0          2m6s   192.168.64.232   cloud-vm-43-24   <none>           <none>
fibonacci-python-b5-00001-deployment-6cdfc79cd6-zh9br   3/3     Running   0          2m6s   192.168.64.245   cloud-vm-43-24   <none>           <none>

=== Resource Limits/Requests ===
fibonacci-python-b5-00001-deployment-6cdfc79cd6-7gswd
  Container: relay
  CPU Request: 125m
  CPU Limit: 125m
  Memory Request: 256Mi
  Memory Limit: 256Mi
  Container: fibonacci-python
  CPU Request: 100m
  CPU Limit: 100m
  Memory Request: 100Mi
  Memory Limit: 100Mi
  Container: queue-proxy
  CPU Request: 25m
  CPU Limit: 
  Memory Request: 
  Memory Limit: 

fibonacci-python-b5-00001-deployment-6cdfc79cd6-d6745
  Container: relay
  CPU Request: 125m
  CPU Limit: 125m
  Memory Request: 256Mi
  Memory Limit: 256Mi
  Container: fibonacci-python
  CPU Request: 100m
  CPU Limit: 100m
  Memory Request: 100Mi
  Memory Limit: 100Mi
  Container: queue-proxy
  CPU Request: 25m
  CPU Limit: 
  Memory Request: 
  Memory Limit: 

fibonacci-python-b5-00001-deployment-6cdfc79cd6-flrwj
  Container: relay
  CPU Request: 125m
  CPU Limit: 125m
  Memory Request: 256Mi
  Memory Limit: 256Mi
  Container: fibonacci-python
  CPU Request: 100m
  CPU Limit: 100m
  Memory Request: 100Mi
  Memory Limit: 100Mi
  Container: queue-proxy
  CPU Request: 25m
  CPU Limit: 
  Memory Request: 
  Memory Limit: 

fibonacci-python-b5-00001-deployment-6cdfc79cd6-gqwvm
  Container: relay
  CPU Request: 125m
  CPU Limit: 125m
  Memory Request: 256Mi
  Memory Limit: 256Mi
  Container: fibonacci-python
  CPU Request: 100m
  CPU Limit: 100m
  Memory Request: 100Mi
  Memory Limit: 100Mi
  Container: queue-proxy
  CPU Request: 25m
  CPU Limit: 
  Memory Request: 
  Memory Limit: 

fibonacci-python-b5-00001-deployment-6cdfc79cd6-hlv5z
  Container: relay
  CPU Request: 125m
  CPU Limit: 125m
  Memory Request: 256Mi
  Memory Limit: 256Mi
  Container: fibonacci-python
  CPU Request: 100m
  CPU Limit: 100m
  Memory Request: 100Mi
  Memory Limit: 100Mi
  Container: queue-proxy
  CPU Request: 25m
  CPU Limit: 
  Memory Request: 
  Memory Limit: 

fibonacci-python-b5-00001-deployment-6cdfc79cd6-jkj2c
  Container: relay
  CPU Request: 125m
  CPU Limit: 125m
  Memory Request: 256Mi
  Memory Limit: 256Mi
  Container: fibonacci-python
  CPU Request: 100m
  CPU Limit: 100m
  Memory Request: 100Mi
  Memory Limit: 100Mi
  Container: queue-proxy
  CPU Request: 25m
  CPU Limit: 
  Memory Request: 
  Memory Limit: 

fibonacci-python-b5-00001-deployment-6cdfc79cd6-pstwx
  Container: relay
  CPU Request: 125m
  CPU Limit: 125m
  Memory Request: 256Mi
  Memory Limit: 256Mi
  Container: fibonacci-python
  CPU Request: 100m
  CPU Limit: 100m
  Memory Request: 100Mi
  Memory Limit: 100Mi
  Container: queue-proxy
  CPU Request: 25m
  CPU Limit: 
  Memory Request: 
  Memory Limit: 

fibonacci-python-b5-00001-deployment-6cdfc79cd6-sgpzz
  Container: relay
  CPU Request: 125m
  CPU Limit: 125m
  Memory Request: 256Mi
  Memory Limit: 256Mi
  Container: fibonacci-python
  CPU Request: 100m
  CPU Limit: 100m
  Memory Request: 100Mi
  Memory Limit: 100Mi
  Container: queue-proxy
  CPU Request: 25m
  CPU Limit: 
  Memory Request: 
  Memory Limit: 

fibonacci-python-b5-00001-deployment-6cdfc79cd6-v7hkf
  Container: relay
  CPU Request: 125m
  CPU Limit: 125m
  Memory Request: 256Mi
  Memory Limit: 256Mi
  Container: fibonacci-python
  CPU Request: 100m
  CPU Limit: 100m
  Memory Request: 100Mi
  Memory Limit: 100Mi
  Container: queue-proxy
  CPU Request: 25m
  CPU Limit: 
  Memory Request: 
  Memory Limit: 

fibonacci-python-b5-00001-deployment-6cdfc79cd6-zh9br
  Container: relay
  CPU Request: 125m
  CPU Limit: 125m
  Memory Request: 256Mi
  Memory Limit: 256Mi
  Container: fibonacci-python
  CPU Request: 100m
  CPU Limit: 100m
  Memory Request: 100Mi
  Memory Limit: 100Mi
  Container: queue-proxy
  CPU Request: 25m
  CPU Limit: 
  Memory Request: 
  Memory Limit: 

