=== Deployment Configuration ===
Timestamp: 2025-09-06T13:28:29+01:00
Title: fibonacci_go_c1
Service: fibonacci-go-c1
Namespace: constrained-tests-c1
Expected Pods: 1
Actual Pods: 1

=== Knative Service Details ===
apiVersion: serving.knative.dev/v1
kind: Service
metadata:
  annotations:
    kubectl.kubernetes.io/last-applied-configuration: |
      {"apiVersion":"serving.knative.dev/v1","kind":"Service","metadata":{"annotations":{},"name":"fibonacci-go-c1","namespace":"constrained-tests-c1"},"spec":{"template":{"metadata":{"annotations":{"autoscaling.knative.dev/maxScale":"1","autoscaling.knative.dev/minScale":"1","autoscaling.knative.dev/target":"200","serving.knative.dev/containerConcurrency":"200"}},"spec":{"containerConcurrency":200,"containers":[{"args":["--addr=0.0.0.0:50000","--function-endpoint-url=0.0.0.0","--function-endpoint-port=50051","--function-name=fibonacci-go","--value=10","--generator=linear","--lowerBound=1","--upperBound=10"],"image":"docker.io/vhiveease/relay:latest","name":"relay","ports":[{"containerPort":50000,"name":"h2c"}],"resources":{"limits":{"cpu":"30m","memory":"64Mi"},"requests":{"cpu":"30m","memory":"64Mi"}}},{"args":["-addr=0.0.0.0:50051"],"image":"docker.io/vhiveease/fibonacci-go:latest","name":"fibonacci-go","resources":{"limits":{"cpu":"2000m","memory":"2Gi"},"requests":{"cpu":"2000m","memory":"2Gi"}}}],"timeoutSeconds":60}}}}
    serving.knative.dev/creator: kubernetes-admin
    serving.knative.dev/lastModifier: kubernetes-admin
  creationTimestamp: "2025-09-06T12:26:53Z"
  generation: 1
  name: fibonacci-go-c1
  namespace: constrained-tests-c1
  resourceVersion: "30240901"
  uid: 43222d0f-846b-4ddd-83f6-e68be8ab364f
spec:
  template:
    metadata:
      annotations:
        autoscaling.knative.dev/maxScale: "1"
        autoscaling.knative.dev/minScale: "1"
        autoscaling.knative.dev/target: "200"
        serving.knative.dev/containerConcurrency: "200"
      creationTimestamp: null
    spec:
      containerConcurrency: 200
      containers:
      - args:
        - --addr=0.0.0.0:50000
        - --function-endpoint-url=0.0.0.0
        - --function-endpoint-port=50051
        - --function-name=fibonacci-go
        - --value=10
        - --generator=linear
        - --lowerBound=1
        - --upperBound=10
        image: docker.io/vhiveease/relay:latest
        name: relay
        ports:
        - containerPort: 50000
          name: h2c
          protocol: TCP
        readinessProbe:
          successThreshold: 1
          tcpSocket:
            port: 0
        resources:
          limits:
            cpu: 30m
            memory: 64Mi
          requests:
            cpu: 30m
            memory: 64Mi
      - args:
        - -addr=0.0.0.0:50051
        image: docker.io/vhiveease/fibonacci-go:latest
        name: fibonacci-go
        resources:
          limits:
            cpu: "2"
            memory: 2Gi
          requests:
            cpu: "2"
            memory: 2Gi
      enableServiceLinks: false
      timeoutSeconds: 60
  traffic:
  - latestRevision: true
    percent: 100
status:
  address:
    url: http://fibonacci-go-c1.constrained-tests-c1.svc.cluster.local
  conditions:
  - lastTransitionTime: "2025-09-06T12:28:18Z"
    status: "True"
    type: ConfigurationsReady
  - lastTransitionTime: "2025-09-06T12:28:19Z"
    status: "True"
    type: Ready
  - lastTransitionTime: "2025-09-06T12:28:19Z"
    status: "True"
    type: RoutesReady
  latestCreatedRevisionName: fibonacci-go-c1-00001
  latestReadyRevisionName: fibonacci-go-c1-00001
  observedGeneration: 1
  traffic:
  - latestRevision: true
    percent: 100
    revisionName: fibonacci-go-c1-00001
  url: http://fibonacci-go-c1.constrained-tests-c1.192.168.1.240.sslip.io

=== Current Pods ===
NAME                                                READY   STATUS    RESTARTS   AGE   IP               NODE             NOMINATED NODE   READINESS GATES
fibonacci-go-c1-00001-deployment-77f44cfb95-t9jqv   3/3     Running   0          14s   192.168.64.229   cloud-vm-43-24   <none>           <none>

=== Resource Limits/Requests ===
fibonacci-go-c1-00001-deployment-77f44cfb95-t9jqv
  Container: relay
  CPU Request: 30m
  CPU Limit: 30m
  Memory Request: 64Mi
  Memory Limit: 64Mi
  Container: fibonacci-go
  CPU Request: 2
  CPU Limit: 2
  Memory Request: 2Gi
  Memory Limit: 2Gi
  Container: queue-proxy
  CPU Request: 100m
  CPU Limit: 100m
  Memory Request: 50Mi
  Memory Limit: 100Mi

