=== Deployment Configuration ===
Timestamp: 2025-08-18T20:28:37+01:00
Title: fibonacci_go_b4
Service: fibonacci-go-b4
Namespace: default
Expected Pods: 8
Actual Pods: 8

=== Knative Service Details ===
apiVersion: serving.knative.dev/v1
kind: Service
metadata:
  annotations:
    kubectl.kubernetes.io/last-applied-configuration: |
      {"apiVersion":"serving.knative.dev/v1","kind":"Service","metadata":{"annotations":{},"name":"fibonacci-go-b4","namespace":"default"},"spec":{"template":{"metadata":{"annotations":{"autoscaling.knative.dev/maxScale":"8","autoscaling.knative.dev/minScale":"8","autoscaling.knative.dev/target":"12","serving.knative.dev/containerConcurrency":"12"}},"spec":{"containerConcurrency":12,"containers":[{"args":["--addr=0.0.0.0:50000","--function-endpoint-url=0.0.0.0","--function-endpoint-port=50051","--function-name=fibonacci-go","--value=10","--generator=linear","--lowerBound=1","--upperBound=10"],"image":"docker.io/vhiveease/relay:latest","name":"relay","ports":[{"containerPort":50000,"name":"h2c"}],"resources":{"limits":{"cpu":"125m","memory":"256Mi"},"requests":{"cpu":"125m","memory":"256Mi"}}},{"args":["-addr=0.0.0.0:50051"],"image":"docker.io/vhiveease/fibonacci-go:latest","name":"fibonacci-go","resources":{"limits":{"cpu":"125m","memory":"125Mi"},"requests":{"cpu":"125m","memory":"125Mi"}}}],"timeoutSeconds":60}}}}
    serving.knative.dev/creator: kubernetes-admin
    serving.knative.dev/lastModifier: kubernetes-admin
  creationTimestamp: "2025-08-18T19:27:54Z"
  generation: 1
  name: fibonacci-go-b4
  namespace: default
  resourceVersion: "19510969"
  uid: 5e7b3453-3435-4e14-90f2-fb26a3c7e9f6
spec:
  template:
    metadata:
      annotations:
        autoscaling.knative.dev/maxScale: "8"
        autoscaling.knative.dev/minScale: "8"
        autoscaling.knative.dev/target: "12"
        serving.knative.dev/containerConcurrency: "12"
      creationTimestamp: null
    spec:
      containerConcurrency: 12
      containers:
      - args:
        - --addr=0.0.0.0:50000
        - --function-endpoint-url=0.0.0.0
        - --function-endpoint-port=50051
        - --function-name=fibonacci-go
        - --value=10
        - --generator=linear
        - --lowerBound=1
        - --upperBound=10
        image: docker.io/vhiveease/relay:latest
        name: relay
        ports:
        - containerPort: 50000
          name: h2c
          protocol: TCP
        readinessProbe:
          successThreshold: 1
          tcpSocket:
            port: 0
        resources:
          limits:
            cpu: 125m
            memory: 256Mi
          requests:
            cpu: 125m
            memory: 256Mi
      - args:
        - -addr=0.0.0.0:50051
        image: docker.io/vhiveease/fibonacci-go:latest
        name: fibonacci-go
        resources:
          limits:
            cpu: 125m
            memory: 125Mi
          requests:
            cpu: 125m
            memory: 125Mi
      enableServiceLinks: false
      timeoutSeconds: 60
  traffic:
  - latestRevision: true
    percent: 100
status:
  address:
    url: http://fibonacci-go-b4.default.svc.cluster.local
  conditions:
  - lastTransitionTime: "2025-08-18T19:28:22Z"
    status: "True"
    type: ConfigurationsReady
  - lastTransitionTime: "2025-08-18T19:28:23Z"
    status: "True"
    type: Ready
  - lastTransitionTime: "2025-08-18T19:28:23Z"
    status: "True"
    type: RoutesReady
  latestCreatedRevisionName: fibonacci-go-b4-00001
  latestReadyRevisionName: fibonacci-go-b4-00001
  observedGeneration: 1
  traffic:
  - latestRevision: true
    percent: 100
    revisionName: fibonacci-go-b4-00001
  url: http://fibonacci-go-b4.default.192.168.1.240.sslip.io

=== Current Pods ===
NAME                                               READY   STATUS    RESTARTS   AGE   IP               NODE             NOMINATED NODE   READINESS GATES
fibonacci-go-b4-00001-deployment-d69fb4957-6485n   3/3     Running   0          41s   192.168.64.201   cloud-vm-43-24   <none>           <none>
fibonacci-go-b4-00001-deployment-d69fb4957-7pmls   0/3     Pending   0          41s   <none>           <none>           <none>           <none>
fibonacci-go-b4-00001-deployment-d69fb4957-b9sr6   3/3     Running   0          42s   192.168.64.193   cloud-vm-43-24   <none>           <none>
fibonacci-go-b4-00001-deployment-d69fb4957-ffm2h   3/3     Running   0          41s   192.168.64.235   cloud-vm-43-24   <none>           <none>
fibonacci-go-b4-00001-deployment-d69fb4957-flhz8   0/3     Pending   0          41s   <none>           <none>           <none>           <none>
fibonacci-go-b4-00001-deployment-d69fb4957-kz29x   0/3     Pending   0          41s   <none>           <none>           <none>           <none>
fibonacci-go-b4-00001-deployment-d69fb4957-r6h6l   0/3     Pending   0          41s   <none>           <none>           <none>           <none>
fibonacci-go-b4-00001-deployment-d69fb4957-sm9wk   3/3     Running   0          41s   192.168.64.223   cloud-vm-43-24   <none>           <none>

=== Resource Limits/Requests ===
fibonacci-go-b4-00001-deployment-d69fb4957-6485n
  Container: relay
  CPU Request: 125m
  CPU Limit: 125m
  Memory Request: 256Mi
  Memory Limit: 256Mi
  Container: fibonacci-go
  CPU Request: 125m
  CPU Limit: 125m
  Memory Request: 125Mi
  Memory Limit: 125Mi
  Container: queue-proxy
  CPU Request: 25m
  CPU Limit: 
  Memory Request: 
  Memory Limit: 

fibonacci-go-b4-00001-deployment-d69fb4957-7pmls
  Container: relay
  CPU Request: 125m
  CPU Limit: 125m
  Memory Request: 256Mi
  Memory Limit: 256Mi
  Container: fibonacci-go
  CPU Request: 125m
  CPU Limit: 125m
  Memory Request: 125Mi
  Memory Limit: 125Mi
  Container: queue-proxy
  CPU Request: 25m
  CPU Limit: 
  Memory Request: 
  Memory Limit: 

fibonacci-go-b4-00001-deployment-d69fb4957-b9sr6
  Container: relay
  CPU Request: 125m
  CPU Limit: 125m
  Memory Request: 256Mi
  Memory Limit: 256Mi
  Container: fibonacci-go
  CPU Request: 125m
  CPU Limit: 125m
  Memory Request: 125Mi
  Memory Limit: 125Mi
  Container: queue-proxy
  CPU Request: 25m
  CPU Limit: 
  Memory Request: 
  Memory Limit: 

fibonacci-go-b4-00001-deployment-d69fb4957-ffm2h
  Container: relay
  CPU Request: 125m
  CPU Limit: 125m
  Memory Request: 256Mi
  Memory Limit: 256Mi
  Container: fibonacci-go
  CPU Request: 125m
  CPU Limit: 125m
  Memory Request: 125Mi
  Memory Limit: 125Mi
  Container: queue-proxy
  CPU Request: 25m
  CPU Limit: 
  Memory Request: 
  Memory Limit: 

fibonacci-go-b4-00001-deployment-d69fb4957-flhz8
  Container: relay
  CPU Request: 125m
  CPU Limit: 125m
  Memory Request: 256Mi
  Memory Limit: 256Mi
  Container: fibonacci-go
  CPU Request: 125m
  CPU Limit: 125m
  Memory Request: 125Mi
  Memory Limit: 125Mi
  Container: queue-proxy
  CPU Request: 25m
  CPU Limit: 
  Memory Request: 
  Memory Limit: 

fibonacci-go-b4-00001-deployment-d69fb4957-kz29x
  Container: relay
  CPU Request: 125m
  CPU Limit: 125m
  Memory Request: 256Mi
  Memory Limit: 256Mi
  Container: fibonacci-go
  CPU Request: 125m
  CPU Limit: 125m
  Memory Request: 125Mi
  Memory Limit: 125Mi
  Container: queue-proxy
  CPU Request: 25m
  CPU Limit: 
  Memory Request: 
  Memory Limit: 

fibonacci-go-b4-00001-deployment-d69fb4957-r6h6l
  Container: relay
  CPU Request: 125m
  CPU Limit: 125m
  Memory Request: 256Mi
  Memory Limit: 256Mi
  Container: fibonacci-go
  CPU Request: 125m
  CPU Limit: 125m
  Memory Request: 125Mi
  Memory Limit: 125Mi
  Container: queue-proxy
  CPU Request: 25m
  CPU Limit: 
  Memory Request: 
  Memory Limit: 

fibonacci-go-b4-00001-deployment-d69fb4957-sm9wk
  Container: relay
  CPU Request: 125m
  CPU Limit: 125m
  Memory Request: 256Mi
  Memory Limit: 256Mi
  Container: fibonacci-go
  CPU Request: 125m
  CPU Limit: 125m
  Memory Request: 125Mi
  Memory Limit: 125Mi
  Container: queue-proxy
  CPU Request: 25m
  CPU Limit: 
  Memory Request: 
  Memory Limit: 

