=== Deployment Configuration ===
Timestamp: 2025-08-31T18:02:53+01:00
Title: fibonacci_nodejs_c2
Service: fibonacci-nodejs-c2
Namespace: default
Expected Pods: 2
Actual Pods: 2

=== Knative Service Details ===
apiVersion: serving.knative.dev/v1
kind: Service
metadata:
  annotations:
    kubectl.kubernetes.io/last-applied-configuration: |
      {"apiVersion":"serving.knative.dev/v1","kind":"Service","metadata":{"annotations":{},"name":"fibonacci-nodejs-c2","namespace":"default"},"spec":{"template":{"metadata":{"annotations":{"autoscaling.knative.dev/maxScale":"2","autoscaling.knative.dev/minScale":"2","autoscaling.knative.dev/target":"100","serving.knative.dev/containerConcurrency":"100"}},"spec":{"containerConcurrency":100,"containers":[{"args":["--addr=0.0.0.0:50000","--function-endpoint-url=0.0.0.0","--function-endpoint-port=50051","--function-name=fibonacci-nodejs","--value=10","--generator=linear","--lowerBound=1","--upperBound=10"],"image":"docker.io/vhiveease/relay:latest","name":"relay","ports":[{"containerPort":50000,"name":"h2c"}],"resources":{"limits":{"cpu":"250m","memory":"512Mi"},"requests":{"cpu":"250m","memory":"512Mi"}}},{"args":["--addr=0.0.0.0","--port=50051"],"image":"docker.io/vhiveease/fibonacci-nodejs:latest","name":"fibonacci-nodejs","resources":{"limits":{"cpu":"1000m","memory":"1Gi"},"requests":{"cpu":"1000m","memory":"1Gi"}}}],"timeoutSeconds":60}}}}
    serving.knative.dev/creator: kubernetes-admin
    serving.knative.dev/lastModifier: kubernetes-admin
  creationTimestamp: "2025-08-31T17:02:03Z"
  generation: 1
  name: fibonacci-nodejs-c2
  namespace: default
  resourceVersion: "26900374"
  uid: 8e1bdfd5-4814-42a4-87fa-d16e4e80f349
spec:
  template:
    metadata:
      annotations:
        autoscaling.knative.dev/maxScale: "2"
        autoscaling.knative.dev/minScale: "2"
        autoscaling.knative.dev/target: "100"
        serving.knative.dev/containerConcurrency: "100"
      creationTimestamp: null
    spec:
      containerConcurrency: 100
      containers:
      - args:
        - --addr=0.0.0.0:50000
        - --function-endpoint-url=0.0.0.0
        - --function-endpoint-port=50051
        - --function-name=fibonacci-nodejs
        - --value=10
        - --generator=linear
        - --lowerBound=1
        - --upperBound=10
        image: docker.io/vhiveease/relay:latest
        name: relay
        ports:
        - containerPort: 50000
          name: h2c
          protocol: TCP
        readinessProbe:
          successThreshold: 1
          tcpSocket:
            port: 0
        resources:
          limits:
            cpu: 250m
            memory: 512Mi
          requests:
            cpu: 250m
            memory: 512Mi
      - args:
        - --addr=0.0.0.0
        - --port=50051
        image: docker.io/vhiveease/fibonacci-nodejs:latest
        name: fibonacci-nodejs
        resources:
          limits:
            cpu: "1"
            memory: 1Gi
          requests:
            cpu: "1"
            memory: 1Gi
      enableServiceLinks: false
      timeoutSeconds: 60
  traffic:
  - latestRevision: true
    percent: 100
status:
  address:
    url: http://fibonacci-nodejs-c2.default.svc.cluster.local
  conditions:
  - lastTransitionTime: "2025-08-31T17:02:42Z"
    status: "True"
    type: ConfigurationsReady
  - lastTransitionTime: "2025-08-31T17:02:42Z"
    status: "True"
    type: Ready
  - lastTransitionTime: "2025-08-31T17:02:42Z"
    status: "True"
    type: RoutesReady
  latestCreatedRevisionName: fibonacci-nodejs-c2-00001
  latestReadyRevisionName: fibonacci-nodejs-c2-00001
  observedGeneration: 1
  traffic:
  - latestRevision: true
    percent: 100
    revisionName: fibonacci-nodejs-c2-00001
  url: http://fibonacci-nodejs-c2.default.192.168.1.240.sslip.io

=== Current Pods ===
NAME                                                    READY   STATUS    RESTARTS   AGE   IP               NODE             NOMINATED NODE   READINESS GATES
fibonacci-nodejs-c2-00001-deployment-6679fdd95d-fpp4l   3/3     Running   0          11s   192.168.64.195   cloud-vm-43-24   <none>           <none>
fibonacci-nodejs-c2-00001-deployment-6679fdd95d-x27dv   3/3     Running   0          49s   192.168.64.204   cloud-vm-43-24   <none>           <none>

=== Resource Limits/Requests ===
fibonacci-nodejs-c2-00001-deployment-6679fdd95d-fpp4l
  Container: relay
  CPU Request: 250m
  CPU Limit: 250m
  Memory Request: 512Mi
  Memory Limit: 512Mi
  Container: fibonacci-nodejs
  CPU Request: 1
  CPU Limit: 1
  Memory Request: 1Gi
  Memory Limit: 1Gi
  Container: queue-proxy
  CPU Request: 25m
  CPU Limit: 
  Memory Request: 
  Memory Limit: 

fibonacci-nodejs-c2-00001-deployment-6679fdd95d-x27dv
  Container: relay
  CPU Request: 250m
  CPU Limit: 250m
  Memory Request: 512Mi
  Memory Limit: 512Mi
  Container: fibonacci-nodejs
  CPU Request: 1
  CPU Limit: 1
  Memory Request: 1Gi
  Memory Limit: 1Gi
  Container: queue-proxy
  CPU Request: 25m
  CPU Limit: 
  Memory Request: 
  Memory Limit: 

