System State Checker
======================

 System Load:
 23:10:09 up 5 days, 13:42,  1 user,  load average: 12.69, 17.96, 17.77

 Memory Usage:
              total        used        free      shared  buff/cache   available
Mem:           15Gi       6.9Gi       767Mi       8.0Mi       8.0Gi       8.4Gi
Swap:            0B          0B          0B

  Top CPU Processes:
USER         PID %CPU %MEM    VSZ   RSS TTY      STAT START   TIME COMMAND
root     1175052 38.3  0.1  37648 19752 ?        RNs  Aug08 3042:01 /lib/systemd/systemd-udevd
65532    1373399 20.0  0.1 1252252 28960 ?       Ssl  21:49  16:11 /ko-app/queue
65532    1373436 19.9  0.1 1252508 29652 ?       Ssl  21:49  16:04 /ko-app/queue
65532    1665863 17.6  0.6 1342108 101516 ?      Ssl  22:29   7:05 /ko-app/activator
root     2235720 14.0  3.3 1840044 541304 ?      Ssl  Aug10 767:53 kube-apiserver --advertise-address=146.169.43.24 --allow-privileged=true --authorization-mode=Node,RBAC --client-ca-file=/etc/kubernetes/pki/ca.crt --enable-admission-plugins=NodeRestriction --enable-bootstrap-token-auth=true --etcd-cafile=/etc/kubernetes/pki/etcd/ca.crt --etcd-certfile=/etc/kubernetes/pki/apiserver-etcd-client.crt --etcd-keyfile=/etc/kubernetes/pki/apiserver-etcd-client.key --etcd-servers=https://127.0.0.1:2379 --kubelet-client-certificate=/etc/kubernetes/pki/apiserver-kubelet-client.crt --kubelet-client-key=/etc/kubernetes/pki/apiserver-kubelet-client.key --kubelet-preferred-address-types=InternalIP,ExternalIP,Hostname --proxy-client-cert-file=/etc/kubernetes/pki/front-proxy-client.crt --proxy-client-key-file=/etc/kubernetes/pki/front-proxy-client.key --requestheader-allowed-names=front-proxy-client --requestheader-client-ca-file=/etc/kubernetes/pki/front-proxy-ca.crt --requestheader-extra-headers-prefix=X-Remote-Extra- --requestheader-group-headers=X-Remote-Group --requestheader-username-headers=X-Remote-User --secure-port=6443 --service-account-issuer=https://kubernetes.default.svc.cluster.local --service-account-key-file=/etc/kubernetes/pki/sa.pub --service-account-signing-key-file=/etc/kubernetes/pki/sa.key --service-cluster-ip-range=10.96.0.0/12 --tls-cert-file=/etc/kubernetes/pki/apiserver.crt --tls-private-key-file=/etc/kubernetes/pki/apiserver.key
root     1175084 12.9  0.6 133044 113532 ?       RN   Aug08 1027:34 /lib/systemd/systemd-udevd
root        4984 11.4  0.1 44455684 24864 ?      Sl   Aug08 918:07 calico-node -felix
root     1175075 11.2  0.6 127588 108016 ?       SN   Aug08 895:03 /lib/systemd/systemd-udevd
root         484  9.3  0.1 337620 20496 ?        Ssl  Aug08 747:14 /usr/sbin/NetworkManager --no-daemon

  Kubernetes Pods:
NAMESPACE         NAME                   READY   STATUS      RESTARTS   AGE
knative-serving   default-domain-99ddx   0/1     Completed   0          29d

 Node Resources:
NAME             CPU(cores)   CPU(%)   MEMORY(bytes)   MEMORY(%)   
cloud-vm-43-24   2107m        35%      11807Mi         74%         

  High CPU Processes (>50%):

🔧 systemd-udevd Processes:
Count: 29
 TOO MANY UDEVD PROCESSES - Need to fix

 Load Analysis:
Current load: 12.69
 HIGH LOAD DETECTED - Consider restarting system

 Memory Analysis:
Available memory: 8GB
 Memory is sufficient

 System check complete!
