=== Deployment Configuration ===
Timestamp: 2025-09-01T18:05:43+01:00
Title: fibonacci_go_c3
Service: fibonacci-go-c3
Namespace: default
Expected Pods: 4
Actual Pods: 4

=== Knative Service Details ===
apiVersion: serving.knative.dev/v1
kind: Service
metadata:
  annotations:
    kubectl.kubernetes.io/last-applied-configuration: |
      {"apiVersion":"serving.knative.dev/v1","kind":"Service","metadata":{"annotations":{},"name":"fibonacci-go-c3","namespace":"default"},"spec":{"template":{"metadata":{"annotations":{"autoscaling.knative.dev/maxScale":"4","autoscaling.knative.dev/minScale":"4","autoscaling.knative.dev/target":"50","serving.knative.dev/containerConcurrency":"50"}},"spec":{"containerConcurrency":50,"containers":[{"args":["--addr=0.0.0.0:50000","--function-endpoint-url=0.0.0.0","--function-endpoint-port=50051","--function-name=fibonacci-go","--value=10","--generator=linear","--lowerBound=1","--upperBound=10"],"image":"docker.io/vhiveease/relay:latest","name":"relay","ports":[{"containerPort":50000,"name":"h2c"}],"resources":{"limits":{"cpu":"250m","memory":"512Mi"},"requests":{"cpu":"250m","memory":"512Mi"}}},{"args":["-addr=0.0.0.0:50051"],"image":"docker.io/vhiveease/fibonacci-go:latest","name":"fibonacci-go","resources":{"limits":{"cpu":"500m","memory":"500Mi"},"requests":{"cpu":"500m","memory":"500Mi"}}}],"timeoutSeconds":60}}}}
    serving.knative.dev/creator: kubernetes-admin
    serving.knative.dev/lastModifier: kubernetes-admin
  creationTimestamp: "2025-09-01T16:08:38Z"
  generation: 1
  name: fibonacci-go-c3
  namespace: default
  resourceVersion: "27447050"
  uid: 1d020e5c-bea2-4da7-89f7-0ae2d20db58c
spec:
  template:
    metadata:
      annotations:
        autoscaling.knative.dev/maxScale: "4"
        autoscaling.knative.dev/minScale: "4"
        autoscaling.knative.dev/target: "50"
        serving.knative.dev/containerConcurrency: "50"
      creationTimestamp: null
    spec:
      containerConcurrency: 50
      containers:
      - args:
        - --addr=0.0.0.0:50000
        - --function-endpoint-url=0.0.0.0
        - --function-endpoint-port=50051
        - --function-name=fibonacci-go
        - --value=10
        - --generator=linear
        - --lowerBound=1
        - --upperBound=10
        image: docker.io/vhiveease/relay:latest
        name: relay
        ports:
        - containerPort: 50000
          name: h2c
          protocol: TCP
        readinessProbe:
          successThreshold: 1
          tcpSocket:
            port: 0
        resources:
          limits:
            cpu: 250m
            memory: 512Mi
          requests:
            cpu: 250m
            memory: 512Mi
      - args:
        - -addr=0.0.0.0:50051
        image: docker.io/vhiveease/fibonacci-go:latest
        name: fibonacci-go
        resources:
          limits:
            cpu: 500m
            memory: 500Mi
          requests:
            cpu: 500m
            memory: 500Mi
      enableServiceLinks: false
      timeoutSeconds: 60
  traffic:
  - latestRevision: true
    percent: 100
status:
  address:
    url: http://fibonacci-go-c3.default.svc.cluster.local
  conditions:
  - lastTransitionTime: "2025-09-01T16:08:49Z"
    status: "True"
    type: ConfigurationsReady
  - lastTransitionTime: "2025-09-01T16:08:50Z"
    status: "True"
    type: Ready
  - lastTransitionTime: "2025-09-01T16:08:50Z"
    status: "True"
    type: RoutesReady
  latestCreatedRevisionName: fibonacci-go-c3-00001
  latestReadyRevisionName: fibonacci-go-c3-00001
  observedGeneration: 1
  traffic:
  - latestRevision: true
    percent: 100
    revisionName: fibonacci-go-c3-00001
  url: http://fibonacci-go-c3.default.192.168.1.240.sslip.io

=== Current Pods ===
NAME                                                READY   STATUS    RESTARTS   AGE   IP               NODE             NOMINATED NODE   READINESS GATES
fibonacci-go-c3-00001-deployment-76b447fbcd-8qrm6   0/3     Pending   0          56m   <none>           <none>           <none>           <none>
fibonacci-go-c3-00001-deployment-76b447fbcd-b286t   3/3     Running   0          56m   192.168.64.204   cloud-vm-43-24   <none>           <none>
fibonacci-go-c3-00001-deployment-76b447fbcd-fj48z   3/3     Running   0          56m   192.168.64.227   cloud-vm-43-24   <none>           <none>
fibonacci-go-c3-00001-deployment-76b447fbcd-rvrhk   3/3     Running   0          57m   192.168.64.243   cloud-vm-43-24   <none>           <none>

=== Resource Limits/Requests ===
fibonacci-go-c3-00001-deployment-76b447fbcd-8qrm6
  Container: relay
  CPU Request: 250m
  CPU Limit: 250m
  Memory Request: 512Mi
  Memory Limit: 512Mi
  Container: fibonacci-go
  CPU Request: 500m
  CPU Limit: 500m
  Memory Request: 500Mi
  Memory Limit: 500Mi
  Container: queue-proxy
  CPU Request: 25m
  CPU Limit: 
  Memory Request: 
  Memory Limit: 

fibonacci-go-c3-00001-deployment-76b447fbcd-b286t
  Container: relay
  CPU Request: 250m
  CPU Limit: 250m
  Memory Request: 512Mi
  Memory Limit: 512Mi
  Container: fibonacci-go
  CPU Request: 500m
  CPU Limit: 500m
  Memory Request: 500Mi
  Memory Limit: 500Mi
  Container: queue-proxy
  CPU Request: 25m
  CPU Limit: 
  Memory Request: 
  Memory Limit: 

fibonacci-go-c3-00001-deployment-76b447fbcd-fj48z
  Container: relay
  CPU Request: 250m
  CPU Limit: 250m
  Memory Request: 512Mi
  Memory Limit: 512Mi
  Container: fibonacci-go
  CPU Request: 500m
  CPU Limit: 500m
  Memory Request: 500Mi
  Memory Limit: 500Mi
  Container: queue-proxy
  CPU Request: 25m
  CPU Limit: 
  Memory Request: 
  Memory Limit: 

fibonacci-go-c3-00001-deployment-76b447fbcd-rvrhk
  Container: relay
  CPU Request: 250m
  CPU Limit: 250m
  Memory Request: 512Mi
  Memory Limit: 512Mi
  Container: fibonacci-go
  CPU Request: 500m
  CPU Limit: 500m
  Memory Request: 500Mi
  Memory Limit: 500Mi
  Container: queue-proxy
  CPU Request: 25m
  CPU Limit: 
  Memory Request: 
  Memory Limit: 

