System State Checker
======================

 System Load:
 19:59:30 up 5 days, 10:31,  1 user,  load average: 13.35, 19.30, 18.68

 Memory Usage:
              total        used        free      shared  buff/cache   available
Mem:           15Gi       6.9Gi       771Mi       8.0Mi       8.0Gi       8.4Gi
Swap:            0B          0B          0B

  Top CPU Processes:
USER         PID %CPU %MEM    VSZ   RSS TTY      STAT START   TIME COMMAND
root     1175052 39.0  0.1  37648 19752 ?        RNs  Aug08 3028:30 /lib/systemd/systemd-udevd
65532      29295 19.5  0.1 1252508 23896 ?       Ssl  18:36  16:11 /ko-app/queue
65532      29341 19.4  0.1 1252508 26560 ?       Ssl  18:36  16:09 /ko-app/queue
65532     365574 17.5  0.6 1341852 100424 ?      Ssl  19:23   6:22 /ko-app/activator
root     2235720 14.0  3.2 1840044 526632 ?      Ssl  Aug10 737:29 kube-apiserver --advertise-address=146.169.43.24 --allow-privileged=true --authorization-mode=Node,RBAC --client-ca-file=/etc/kubernetes/pki/ca.crt --enable-admission-plugins=NodeRestriction --enable-bootstrap-token-auth=true --etcd-cafile=/etc/kubernetes/pki/etcd/ca.crt --etcd-certfile=/etc/kubernetes/pki/apiserver-etcd-client.crt --etcd-keyfile=/etc/kubernetes/pki/apiserver-etcd-client.key --etcd-servers=https://127.0.0.1:2379 --kubelet-client-certificate=/etc/kubernetes/pki/apiserver-kubelet-client.crt --kubelet-client-key=/etc/kubernetes/pki/apiserver-kubelet-client.key --kubelet-preferred-address-types=InternalIP,ExternalIP,Hostname --proxy-client-cert-file=/etc/kubernetes/pki/front-proxy-client.crt --proxy-client-key-file=/etc/kubernetes/pki/front-proxy-client.key --requestheader-allowed-names=front-proxy-client --requestheader-client-ca-file=/etc/kubernetes/pki/front-proxy-ca.crt --requestheader-extra-headers-prefix=X-Remote-Extra- --requestheader-group-headers=X-Remote-Group --requestheader-username-headers=X-Remote-User --secure-port=6443 --service-account-issuer=https://kubernetes.default.svc.cluster.local --service-account-key-file=/etc/kubernetes/pki/sa.pub --service-account-signing-key-file=/etc/kubernetes/pki/sa.key --service-cluster-ip-range=10.96.0.0/12 --tls-cert-file=/etc/kubernetes/pki/apiserver.crt --tls-private-key-file=/etc/kubernetes/pki/apiserver.key
root     1175084 13.2  0.6 133044 113532 ?       RN   Aug08 1023:17 /lib/systemd/systemd-udevd
root     1175075 11.5  0.6 127588 108016 ?       RN   Aug08 891:08 /lib/systemd/systemd-udevd
root        4984 11.4  0.1 44455684 25460 ?      Sl   Aug08 894:06 calico-node -felix
root         484  9.3  0.1 337620 20600 ?        Ssl  Aug08 731:41 /usr/sbin/NetworkManager --no-daemon

  Kubernetes Pods:
NAMESPACE         NAME                   READY   STATUS      RESTARTS   AGE
knative-serving   default-domain-99ddx   0/1     Completed   0          29d

 Node Resources:
NAME             CPU(cores)   CPU(%)   MEMORY(bytes)   MEMORY(%)   
cloud-vm-43-24   2202m        36%      11546Mi         72%         

  High CPU Processes (>50%):

🔧 systemd-udevd Processes:
Count: 29
 TOO MANY UDEVD PROCESSES - Need to fix

 Load Analysis:
Current load: 13.35
 HIGH LOAD DETECTED - Consider restarting system

 Memory Analysis:
Available memory: 8GB
 Memory is sufficient

 System check complete!
