Linux 5.4.0-216-generic (cloud-vm-43-24) 	08/31/2025 	_x86_64_	(6 CPU)

03:55:18 PM  CPU    %usr   %nice    %sys %iowait    %irq   %soft  %steal  %guest  %gnice   %idle
03:55:19 PM  all   20.78    0.00   16.05    1.18    0.00    0.17    0.00    0.00    0.00   61.82
03:55:19 PM    0    8.25    0.00   17.53    1.03    0.00    1.03    0.00    0.00    0.00   72.16
03:55:19 PM    1    8.25    0.00   14.43    2.06    0.00    0.00    0.00    0.00    0.00   75.26
03:55:19 PM    2   11.00    0.00   16.00    2.00    0.00    0.00    0.00    0.00    0.00   71.00
03:55:19 PM    3   33.00    0.00   13.00    0.00    0.00    0.00    0.00    0.00    0.00   54.00
03:55:19 PM    4   12.37    0.00   16.49    2.06    0.00    0.00    0.00    0.00    0.00   69.07
03:55:19 PM    5   50.50    0.00   18.81    0.00    0.00    0.00    0.00    0.00    0.00   30.69

03:55:19 PM  CPU    %usr   %nice    %sys %iowait    %irq   %soft  %steal  %guest  %gnice   %idle
03:55:20 PM  all   15.59    0.00    7.97    0.85    0.00    1.02    0.00    0.00    0.00   74.58
03:55:20 PM    0   13.86    0.00    9.90    1.98    0.00    1.98    0.00    0.00    0.00   72.28
03:55:20 PM    1   18.18    0.00    7.07    1.01    0.00    1.01    0.00    0.00    0.00   72.73
03:55:20 PM    2    9.38    0.00    4.17    0.00    0.00    1.04    0.00    0.00    0.00   85.42
03:55:20 PM    3   23.71    0.00    7.22    0.00    0.00    1.03    0.00    0.00    0.00   68.04
03:55:20 PM    4   11.00    0.00    9.00    2.00    0.00    1.00    0.00    0.00    0.00   77.00
03:55:20 PM    5   17.53    0.00   10.31    0.00    0.00    0.00    0.00    0.00    0.00   72.16

03:55:20 PM  CPU    %usr   %nice    %sys %iowait    %irq   %soft  %steal  %guest  %gnice   %idle
03:55:21 PM  all    4.79    0.00    3.76    0.85    0.00    0.00    0.00    0.00    0.00   90.60
03:55:21 PM    0    7.07    0.00    4.04    1.01    0.00    0.00    0.00    0.00    0.00   87.88
03:55:21 PM    1    5.15    0.00    5.15    1.03    0.00    0.00    0.00    0.00    0.00   88.66
03:55:21 PM    2    3.09    0.00    3.09    0.00    0.00    0.00    0.00    0.00    0.00   93.81
03:55:21 PM    3    6.19    0.00    4.12    2.06    0.00    0.00    0.00    0.00    0.00   87.63
03:55:21 PM    4    5.10    0.00    3.06    1.02    0.00    0.00    0.00    0.00    0.00   90.82
03:55:21 PM    5    2.06    0.00    3.09    0.00    0.00    0.00    0.00    0.00    0.00   94.85

03:55:21 PM  CPU    %usr   %nice    %sys %iowait    %irq   %soft  %steal  %guest  %gnice   %idle
03:55:22 PM  all    9.20    0.00    4.60    0.85    0.00    0.68    0.00    0.00    0.00   84.67
03:55:22 PM    0   10.00    0.00    4.00    3.00    0.00    1.00    0.00    0.00    0.00   82.00
03:55:22 PM    1   12.37    0.00    8.25    0.00    0.00    0.00    0.00    0.00    0.00   79.38
03:55:22 PM    2   10.42    0.00    5.21    0.00    0.00    0.00    0.00    0.00    0.00   84.38
03:55:22 PM    3    8.16    0.00    6.12    2.04    0.00    1.02    0.00    0.00    0.00   82.65
03:55:22 PM    4    8.25    0.00    2.06    0.00    0.00    1.03    0.00    0.00    0.00   88.66
03:55:22 PM    5    6.06    0.00    2.02    0.00    0.00    1.01    0.00    0.00    0.00   90.91

03:55:22 PM  CPU    %usr   %nice    %sys %iowait    %irq   %soft  %steal  %guest  %gnice   %idle
03:55:23 PM  all    5.11    0.00    2.90    0.85    0.00    0.51    0.00    0.00    0.00   90.63
03:55:23 PM    0    6.32    0.00    4.21    0.00    0.00    1.05    0.00    0.00    0.00   88.42
03:55:23 PM    1    6.86    0.00    5.88    1.96    0.00    0.98    0.00    0.00    0.00   84.31
03:55:23 PM    2    4.12    0.00    2.06    1.03    0.00    1.03    0.00    0.00    0.00   91.75
03:55:23 PM    3    6.25    0.00    3.12    1.04    0.00    0.00    0.00    0.00    0.00   89.58
03:55:23 PM    4    5.05    0.00    1.01    1.01    0.00    0.00    0.00    0.00    0.00   92.93
03:55:23 PM    5    2.04    0.00    1.02    0.00    0.00    0.00    0.00    0.00    0.00   96.94

Average:     CPU    %usr   %nice    %sys %iowait    %irq   %soft  %steal  %guest  %gnice   %idle
Average:     all   11.12    0.00    7.07    0.92    0.00    0.48    0.00    0.00    0.00   80.41
Average:       0    9.15    0.00    7.93    1.42    0.00    1.02    0.00    0.00    0.00   80.49
Average:       1   10.16    0.00    8.13    1.22    0.00    0.41    0.00    0.00    0.00   80.08
Average:       2    7.61    0.00    6.17    0.62    0.00    0.41    0.00    0.00    0.00   85.19
Average:       3   15.57    0.00    6.76    1.02    0.00    0.41    0.00    0.00    0.00   76.23
Average:       4    8.35    0.00    6.31    1.22    0.00    0.41    0.00    0.00    0.00   83.71
Average:       5   15.85    0.00    7.11    0.00    0.00    0.20    0.00    0.00    0.00   76.83
