=== Deployment Configuration ===
Timestamp: 2025-09-04T18:40:41+01:00
Title: fibonacci_go_b1
Service: fibonacci-go-b1
Namespace: constrained-tests-b1
Expected Pods: 1
Actual Pods: 1

=== Knative Service Details ===
apiVersion: serving.knative.dev/v1
kind: Service
metadata:
  annotations:
    kubectl.kubernetes.io/last-applied-configuration: |
      {"apiVersion":"serving.knative.dev/v1","kind":"Service","metadata":{"annotations":{},"name":"fibonacci-go-b1","namespace":"constrained-tests-b1"},"spec":{"template":{"metadata":{"annotations":{"autoscaling.knative.dev/maxScale":"1","autoscaling.knative.dev/minScale":"1","autoscaling.knative.dev/target":"100","serving.knative.dev/containerConcurrency":"100"}},"spec":{"containerConcurrency":100,"containers":[{"args":["--addr=0.0.0.0:50000","--function-endpoint-url=0.0.0.0","--function-endpoint-port=50051","--function-name=fibonacci-go","--value=10","--generator=linear","--lowerBound=1","--upperBound=10"],"image":"docker.io/vhiveease/relay:latest","name":"relay","ports":[{"containerPort":50000,"name":"h2c"}],"resources":{"limits":{"cpu":"30m","memory":"64Mi"},"requests":{"cpu":"30m","memory":"64Mi"}}},{"args":["-addr=0.0.0.0:50051"],"image":"docker.io/vhiveease/fibonacci-go:latest","name":"fibonacci-go","resources":{"limits":{"cpu":"1000m","memory":"1Gi"},"requests":{"cpu":"1000m","memory":"1Gi"}}}],"timeoutSeconds":60}}}}
    serving.knative.dev/creator: kubernetes-admin
    serving.knative.dev/lastModifier: kubernetes-admin
  creationTimestamp: "2025-09-04T17:39:04Z"
  generation: 1
  name: fibonacci-go-b1
  namespace: constrained-tests-b1
  resourceVersion: "29210918"
  uid: ce21015e-0279-455d-a892-61390f4bc316
spec:
  template:
    metadata:
      annotations:
        autoscaling.knative.dev/maxScale: "1"
        autoscaling.knative.dev/minScale: "1"
        autoscaling.knative.dev/target: "100"
        serving.knative.dev/containerConcurrency: "100"
      creationTimestamp: null
    spec:
      containerConcurrency: 100
      containers:
      - args:
        - --addr=0.0.0.0:50000
        - --function-endpoint-url=0.0.0.0
        - --function-endpoint-port=50051
        - --function-name=fibonacci-go
        - --value=10
        - --generator=linear
        - --lowerBound=1
        - --upperBound=10
        image: docker.io/vhiveease/relay:latest
        name: relay
        ports:
        - containerPort: 50000
          name: h2c
          protocol: TCP
        readinessProbe:
          successThreshold: 1
          tcpSocket:
            port: 0
        resources:
          limits:
            cpu: 30m
            memory: 64Mi
          requests:
            cpu: 30m
            memory: 64Mi
      - args:
        - -addr=0.0.0.0:50051
        image: docker.io/vhiveease/fibonacci-go:latest
        name: fibonacci-go
        resources:
          limits:
            cpu: "1"
            memory: 1Gi
          requests:
            cpu: "1"
            memory: 1Gi
      enableServiceLinks: false
      timeoutSeconds: 60
  traffic:
  - latestRevision: true
    percent: 100
status:
  address:
    url: http://fibonacci-go-b1.constrained-tests-b1.svc.cluster.local
  conditions:
  - lastTransitionTime: "2025-09-04T17:40:30Z"
    status: "True"
    type: ConfigurationsReady
  - lastTransitionTime: "2025-09-04T17:40:30Z"
    status: "True"
    type: Ready
  - lastTransitionTime: "2025-09-04T17:40:30Z"
    status: "True"
    type: RoutesReady
  latestCreatedRevisionName: fibonacci-go-b1-00001
  latestReadyRevisionName: fibonacci-go-b1-00001
  observedGeneration: 1
  traffic:
  - latestRevision: true
    percent: 100
    revisionName: fibonacci-go-b1-00001
  url: http://fibonacci-go-b1.constrained-tests-b1.192.168.1.240.sslip.io

=== Current Pods ===
NAME                                                READY   STATUS    RESTARTS   AGE   IP               NODE             NOMINATED NODE   READINESS GATES
fibonacci-go-b1-00001-deployment-6cf798f79d-jktzv   3/3     Running   0          14s   192.168.64.214   cloud-vm-43-24   <none>           <none>

=== Resource Limits/Requests ===
fibonacci-go-b1-00001-deployment-6cf798f79d-jktzv
  Container: relay
  CPU Request: 30m
  CPU Limit: 30m
  Memory Request: 64Mi
  Memory Limit: 64Mi
  Container: fibonacci-go
  CPU Request: 1
  CPU Limit: 1
  Memory Request: 1Gi
  Memory Limit: 1Gi
  Container: queue-proxy
  CPU Request: 100m
  CPU Limit: 100m
  Memory Request: 50Mi
  Memory Limit: 100Mi

