=== Deployment Configuration ===
Timestamp: 2025-08-17T22:24:43+01:00
Title: fibonacci_nodejs_b4
Service: fibonacci-nodejs-b4
Namespace: default
Expected Pods: 8
Actual Pods: 8

=== Knative Service Details ===
apiVersion: serving.knative.dev/v1
kind: Service
metadata:
  annotations:
    kubectl.kubernetes.io/last-applied-configuration: |
      {"apiVersion":"serving.knative.dev/v1","kind":"Service","metadata":{"annotations":{},"name":"fibonacci-nodejs-b4","namespace":"default"},"spec":{"template":{"metadata":{"annotations":{"autoscaling.knative.dev/maxScale":"8","autoscaling.knative.dev/minScale":"8","autoscaling.knative.dev/target":"12","serving.knative.dev/containerConcurrency":"12"}},"spec":{"containerConcurrency":12,"containers":[{"args":["--addr=0.0.0.0:50000","--function-endpoint-url=0.0.0.0","--function-endpoint-port=50051","--function-name=fibonacci-nodejs","--value=10","--generator=linear","--lowerBound=1","--upperBound=10"],"image":"docker.io/vhiveease/relay:latest","name":"relay","ports":[{"containerPort":50000,"name":"h2c"}],"resources":{"limits":{"cpu":"125m","memory":"256Mi"},"requests":{"cpu":"125m","memory":"256Mi"}}},{"args":["--addr=0.0.0.0","--port=50051"],"image":"docker.io/vhiveease/fibonacci-nodejs:latest","name":"fibonacci-nodejs","resources":{"limits":{"cpu":"125m","memory":"125Mi"},"requests":{"cpu":"125m","memory":"125Mi"}}}],"timeoutSeconds":60}}}}
    serving.knative.dev/creator: kubernetes-admin
    serving.knative.dev/lastModifier: kubernetes-admin
  creationTimestamp: "2025-08-17T21:24:12Z"
  generation: 1
  name: fibonacci-nodejs-b4
  namespace: default
  resourceVersion: "18978662"
  uid: bc11549a-5af4-49b5-8757-9be67d4ca764
spec:
  template:
    metadata:
      annotations:
        autoscaling.knative.dev/maxScale: "8"
        autoscaling.knative.dev/minScale: "8"
        autoscaling.knative.dev/target: "12"
        serving.knative.dev/containerConcurrency: "12"
      creationTimestamp: null
    spec:
      containerConcurrency: 12
      containers:
      - args:
        - --addr=0.0.0.0:50000
        - --function-endpoint-url=0.0.0.0
        - --function-endpoint-port=50051
        - --function-name=fibonacci-nodejs
        - --value=10
        - --generator=linear
        - --lowerBound=1
        - --upperBound=10
        image: docker.io/vhiveease/relay:latest
        name: relay
        ports:
        - containerPort: 50000
          name: h2c
          protocol: TCP
        readinessProbe:
          successThreshold: 1
          tcpSocket:
            port: 0
        resources:
          limits:
            cpu: 125m
            memory: 256Mi
          requests:
            cpu: 125m
            memory: 256Mi
      - args:
        - --addr=0.0.0.0
        - --port=50051
        image: docker.io/vhiveease/fibonacci-nodejs:latest
        name: fibonacci-nodejs
        resources:
          limits:
            cpu: 125m
            memory: 125Mi
          requests:
            cpu: 125m
            memory: 125Mi
      enableServiceLinks: false
      timeoutSeconds: 60
  traffic:
  - latestRevision: true
    percent: 100
status:
  address:
    url: http://fibonacci-nodejs-b4.default.svc.cluster.local
  conditions:
  - lastTransitionTime: "2025-08-17T21:24:17Z"
    status: "True"
    type: ConfigurationsReady
  - lastTransitionTime: "2025-08-17T21:24:18Z"
    status: "True"
    type: Ready
  - lastTransitionTime: "2025-08-17T21:24:18Z"
    status: "True"
    type: RoutesReady
  latestCreatedRevisionName: fibonacci-nodejs-b4-00001
  latestReadyRevisionName: fibonacci-nodejs-b4-00001
  observedGeneration: 1
  traffic:
  - latestRevision: true
    percent: 100
    revisionName: fibonacci-nodejs-b4-00001
  url: http://fibonacci-nodejs-b4.default.192.168.1.240.sslip.io

=== Current Pods ===
NAME                                                   READY   STATUS    RESTARTS   AGE   IP               NODE             NOMINATED NODE   READINESS GATES
fibonacci-nodejs-b4-00001-deployment-f6bd6cc84-5dn42   0/3     Pending   0          29s   <none>           <none>           <none>           <none>
fibonacci-nodejs-b4-00001-deployment-f6bd6cc84-67q6p   3/3     Running   0          29s   192.168.64.233   cloud-vm-43-24   <none>           <none>
fibonacci-nodejs-b4-00001-deployment-f6bd6cc84-d7rtv   0/3     Pending   0          29s   <none>           <none>           <none>           <none>
fibonacci-nodejs-b4-00001-deployment-f6bd6cc84-ddpdf   0/3     Pending   0          29s   <none>           <none>           <none>           <none>
fibonacci-nodejs-b4-00001-deployment-f6bd6cc84-frd22   3/3     Running   0          29s   192.168.64.244   cloud-vm-43-24   <none>           <none>
fibonacci-nodejs-b4-00001-deployment-f6bd6cc84-rh9rl   3/3     Running   0          30s   192.168.64.195   cloud-vm-43-24   <none>           <none>
fibonacci-nodejs-b4-00001-deployment-f6bd6cc84-xbg7b   0/3     Pending   0          29s   <none>           <none>           <none>           <none>
fibonacci-nodejs-b4-00001-deployment-f6bd6cc84-zv2rk   3/3     Running   0          29s   192.168.64.226   cloud-vm-43-24   <none>           <none>

=== Resource Limits/Requests ===
fibonacci-nodejs-b4-00001-deployment-f6bd6cc84-5dn42
  Container: relay
  CPU Request: 125m
  CPU Limit: 125m
  Memory Request: 256Mi
  Memory Limit: 256Mi
  Container: fibonacci-nodejs
  CPU Request: 125m
  CPU Limit: 125m
  Memory Request: 125Mi
  Memory Limit: 125Mi
  Container: queue-proxy
  CPU Request: 25m
  CPU Limit: 
  Memory Request: 
  Memory Limit: 

fibonacci-nodejs-b4-00001-deployment-f6bd6cc84-67q6p
  Container: relay
  CPU Request: 125m
  CPU Limit: 125m
  Memory Request: 256Mi
  Memory Limit: 256Mi
  Container: fibonacci-nodejs
  CPU Request: 125m
  CPU Limit: 125m
  Memory Request: 125Mi
  Memory Limit: 125Mi
  Container: queue-proxy
  CPU Request: 25m
  CPU Limit: 
  Memory Request: 
  Memory Limit: 

fibonacci-nodejs-b4-00001-deployment-f6bd6cc84-d7rtv
  Container: relay
  CPU Request: 125m
  CPU Limit: 125m
  Memory Request: 256Mi
  Memory Limit: 256Mi
  Container: fibonacci-nodejs
  CPU Request: 125m
  CPU Limit: 125m
  Memory Request: 125Mi
  Memory Limit: 125Mi
  Container: queue-proxy
  CPU Request: 25m
  CPU Limit: 
  Memory Request: 
  Memory Limit: 

fibonacci-nodejs-b4-00001-deployment-f6bd6cc84-ddpdf
  Container: relay
  CPU Request: 125m
  CPU Limit: 125m
  Memory Request: 256Mi
  Memory Limit: 256Mi
  Container: fibonacci-nodejs
  CPU Request: 125m
  CPU Limit: 125m
  Memory Request: 125Mi
  Memory Limit: 125Mi
  Container: queue-proxy
  CPU Request: 25m
  CPU Limit: 
  Memory Request: 
  Memory Limit: 

fibonacci-nodejs-b4-00001-deployment-f6bd6cc84-frd22
  Container: relay
  CPU Request: 125m
  CPU Limit: 125m
  Memory Request: 256Mi
  Memory Limit: 256Mi
  Container: fibonacci-nodejs
  CPU Request: 125m
  CPU Limit: 125m
  Memory Request: 125Mi
  Memory Limit: 125Mi
  Container: queue-proxy
  CPU Request: 25m
  CPU Limit: 
  Memory Request: 
  Memory Limit: 

fibonacci-nodejs-b4-00001-deployment-f6bd6cc84-rh9rl
  Container: relay
  CPU Request: 125m
  CPU Limit: 125m
  Memory Request: 256Mi
  Memory Limit: 256Mi
  Container: fibonacci-nodejs
  CPU Request: 125m
  CPU Limit: 125m
  Memory Request: 125Mi
  Memory Limit: 125Mi
  Container: queue-proxy
  CPU Request: 25m
  CPU Limit: 
  Memory Request: 
  Memory Limit: 

fibonacci-nodejs-b4-00001-deployment-f6bd6cc84-xbg7b
  Container: relay
  CPU Request: 125m
  CPU Limit: 125m
  Memory Request: 256Mi
  Memory Limit: 256Mi
  Container: fibonacci-nodejs
  CPU Request: 125m
  CPU Limit: 125m
  Memory Request: 125Mi
  Memory Limit: 125Mi
  Container: queue-proxy
  CPU Request: 25m
  CPU Limit: 
  Memory Request: 
  Memory Limit: 

fibonacci-nodejs-b4-00001-deployment-f6bd6cc84-zv2rk
  Container: relay
  CPU Request: 125m
  CPU Limit: 125m
  Memory Request: 256Mi
  Memory Limit: 256Mi
  Container: fibonacci-nodejs
  CPU Request: 125m
  CPU Limit: 125m
  Memory Request: 125Mi
  Memory Limit: 125Mi
  Container: queue-proxy
  CPU Request: 25m
  CPU Limit: 
  Memory Request: 
  Memory Limit: 

