System State Checker
======================

 System Load:
 13:02:25 up 6 days,  3:34,  1 user,  load average: 23.46, 28.95, 28.27

 Memory Usage:
              total        used        free      shared  buff/cache   available
Mem:           15Gi       7.3Gi       776Mi        10Mi       7.5Gi       8.0Gi
Swap:            0B          0B          0B

  Top CPU Processes:
USER         PID %CPU %MEM    VSZ   RSS TTY      STAT START   TIME COMMAND
root     1175052 35.3  0.1  37648 19752 ?        RNs  Aug08 3100:19 /lib/systemd/systemd-udevd
root     2235720 14.1  3.2 1840364 532408 ?      Ssl  Aug10 887:12 kube-apiserver --advertise-address=146.169.43.24 --allow-privileged=true --authorization-mode=Node,RBAC --client-ca-file=/etc/kubernetes/pki/ca.crt --enable-admission-plugins=NodeRestriction --enable-bootstrap-token-auth=true --etcd-cafile=/etc/kubernetes/pki/etcd/ca.crt --etcd-certfile=/etc/kubernetes/pki/apiserver-etcd-client.crt --etcd-keyfile=/etc/kubernetes/pki/apiserver-etcd-client.key --etcd-servers=https://127.0.0.1:2379 --kubelet-client-certificate=/etc/kubernetes/pki/apiserver-kubelet-client.crt --kubelet-client-key=/etc/kubernetes/pki/apiserver-kubelet-client.key --kubelet-preferred-address-types=InternalIP,ExternalIP,Hostname --proxy-client-cert-file=/etc/kubernetes/pki/front-proxy-client.crt --proxy-client-key-file=/etc/kubernetes/pki/front-proxy-client.key --requestheader-allowed-names=front-proxy-client --requestheader-client-ca-file=/etc/kubernetes/pki/front-proxy-ca.crt --requestheader-extra-headers-prefix=X-Remote-Extra- --requestheader-group-headers=X-Remote-Group --requestheader-username-headers=X-Remote-User --secure-port=6443 --service-account-issuer=https://kubernetes.default.svc.cluster.local --service-account-key-file=/etc/kubernetes/pki/sa.pub --service-account-signing-key-file=/etc/kubernetes/pki/sa.key --service-cluster-ip-range=10.96.0.0/12 --tls-cert-file=/etc/kubernetes/pki/apiserver.crt --tls-private-key-file=/etc/kubernetes/pki/apiserver.key
root     1175084 11.9  0.6 133044 113532 ?       SN   Aug08 1045:57 /lib/systemd/systemd-udevd
root        4984 11.5  0.1 44455684 28332 ?      Sl   Aug08 1018:29 calico-node -felix
root     1175075 10.3  0.6 127588 108016 ?       RN   Aug08 911:26 /lib/systemd/systemd-udevd
1337     3482277 10.0  0.3 192920 62044 ?        Sl   12:05   5:40 /usr/local/bin/envoy -c etc/istio/proxy/envoy-rev.json --drain-time-s 45 --drain-strategy immediate --local-address-ip-version v4 --file-flush-interval-msec 1000 --disable-hot-restart --allow-unknown-static-fields --log-format %Y-%m-%dT%T.%fZ?%l?envoy %n %g:%#?%v?thread=%t -l warning --component-log-level misc:error --concurrency 2
1337     3436255  9.6  0.3 192860 61464 ?        Sl   11:59   6:05 /usr/local/bin/envoy -c etc/istio/proxy/envoy-rev.json --drain-time-s 45 --drain-strategy immediate --local-address-ip-version v4 --file-flush-interval-msec 1000 --disable-hot-restart --allow-unknown-static-fields --log-format %Y-%m-%dT%T.%fZ?%l?envoy %n %g:%#?%v?thread=%t -l warning --component-log-level misc:error --concurrency 2
1337     3367067  9.3  0.3 192924 62232 ?        Sl   11:49   6:51 /usr/local/bin/envoy -c etc/istio/proxy/envoy-rev.json --drain-time-s 45 --drain-strategy immediate --local-address-ip-version v4 --file-flush-interval-msec 1000 --disable-hot-restart --allow-unknown-static-fields --log-format %Y-%m-%dT%T.%fZ?%l?envoy %n %g:%#?%v?thread=%t -l warning --component-log-level misc:error --concurrency 2
root         484  9.2  0.1 337620 20060 ?        Ssl  Aug08 820:27 /usr/sbin/NetworkManager --no-daemon

  Kubernetes Pods:
NAMESPACE         NAME                                    READY   STATUS      RESTARTS   AGE
istio-system      istio-ingressgateway-7975cbbc47-nnznr   0/1     Pending     0          47m
knative-serving   activator-58db57894b-mfpmj              0/1     Pending     0          41m
knative-serving   default-domain-99ddx                    0/1     Completed   0          30d

 Node Resources:
NAME             CPU(cores)   CPU(%)   MEMORY(bytes)   MEMORY(%)   
cloud-vm-43-24   2838m        47%      11929Mi         75%         

  High CPU Processes (>50%):

🔧 systemd-udevd Processes:
Count: 29
 TOO MANY UDEVD PROCESSES - Need to fix

 Load Analysis:
Current load: 21.66
 HIGH LOAD DETECTED - Consider restarting system

 Memory Analysis:
Available memory: 7GB
 LOW MEMORY DETECTED - Consider cleanup

 System check complete!
