=== Deployment Configuration ===
Timestamp: 2025-09-06T10:06:46+01:00
Title: fibonacci_go_a3
Service: fibonacci-go-a3
Namespace: constrained-tests-a3
Expected Pods: 1
Actual Pods: 1

=== Knative Service Details ===
apiVersion: serving.knative.dev/v1
kind: Service
metadata:
  annotations:
    kubectl.kubernetes.io/last-applied-configuration: |
      {"apiVersion":"serving.knative.dev/v1","kind":"Service","metadata":{"annotations":{},"name":"fibonacci-go-a3","namespace":"constrained-tests-a3"},"spec":{"template":{"metadata":{"annotations":{"autoscaling.knative.dev/maxScale":"1","autoscaling.knative.dev/minScale":"1","autoscaling.knative.dev/target":"1","serving.knative.dev/containerConcurrency":"1"}},"spec":{"containerConcurrency":1,"containers":[{"args":["--addr=0.0.0.0:50000","--function-endpoint-url=0.0.0.0","--function-endpoint-port=50051","--function-name=fibonacci-go","--value=10","--generator=linear","--lowerBound=1","--upperBound=10"],"image":"docker.io/vhiveease/relay:latest","name":"relay","ports":[{"containerPort":50000,"name":"h2c"}],"resources":{"limits":{"cpu":"30m","memory":"64Mi"},"requests":{"cpu":"30m","memory":"64Mi"}}},{"args":["-addr=0.0.0.0:50051"],"image":"docker.io/vhiveease/fibonacci-go:latest","name":"fibonacci-go","resources":{"limits":{"cpu":"250m","memory":"250Mi"},"requests":{"cpu":"250m","memory":"250Mi"}}}],"timeoutSeconds":60}}}}
    serving.knative.dev/creator: kubernetes-admin
    serving.knative.dev/lastModifier: kubernetes-admin
  creationTimestamp: "2025-09-06T09:05:09Z"
  generation: 1
  name: fibonacci-go-a3
  namespace: constrained-tests-a3
  resourceVersion: "30158185"
  uid: 3d4d976a-0240-4fbb-9072-9908713ca1b2
spec:
  template:
    metadata:
      annotations:
        autoscaling.knative.dev/maxScale: "1"
        autoscaling.knative.dev/minScale: "1"
        autoscaling.knative.dev/target: "1"
        serving.knative.dev/containerConcurrency: "1"
      creationTimestamp: null
    spec:
      containerConcurrency: 1
      containers:
      - args:
        - --addr=0.0.0.0:50000
        - --function-endpoint-url=0.0.0.0
        - --function-endpoint-port=50051
        - --function-name=fibonacci-go
        - --value=10
        - --generator=linear
        - --lowerBound=1
        - --upperBound=10
        image: docker.io/vhiveease/relay:latest
        name: relay
        ports:
        - containerPort: 50000
          name: h2c
          protocol: TCP
        readinessProbe:
          successThreshold: 1
          tcpSocket:
            port: 0
        resources:
          limits:
            cpu: 30m
            memory: 64Mi
          requests:
            cpu: 30m
            memory: 64Mi
      - args:
        - -addr=0.0.0.0:50051
        image: docker.io/vhiveease/fibonacci-go:latest
        name: fibonacci-go
        resources:
          limits:
            cpu: 250m
            memory: 250Mi
          requests:
            cpu: 250m
            memory: 250Mi
      enableServiceLinks: false
      timeoutSeconds: 60
  traffic:
  - latestRevision: true
    percent: 100
status:
  address:
    url: http://fibonacci-go-a3.constrained-tests-a3.svc.cluster.local
  conditions:
  - lastTransitionTime: "2025-09-06T09:06:35Z"
    status: "True"
    type: ConfigurationsReady
  - lastTransitionTime: "2025-09-06T09:06:36Z"
    status: "True"
    type: Ready
  - lastTransitionTime: "2025-09-06T09:06:36Z"
    status: "True"
    type: RoutesReady
  latestCreatedRevisionName: fibonacci-go-a3-00001
  latestReadyRevisionName: fibonacci-go-a3-00001
  observedGeneration: 1
  traffic:
  - latestRevision: true
    percent: 100
    revisionName: fibonacci-go-a3-00001
  url: http://fibonacci-go-a3.constrained-tests-a3.192.168.1.240.sslip.io

=== Current Pods ===
NAME                                               READY   STATUS    RESTARTS   AGE   IP               NODE             NOMINATED NODE   READINESS GATES
fibonacci-go-a3-00001-deployment-766d8574f-lq6xm   3/3     Running   0          14s   192.168.64.238   cloud-vm-43-24   <none>           <none>

=== Resource Limits/Requests ===
fibonacci-go-a3-00001-deployment-766d8574f-lq6xm
  Container: relay
  CPU Request: 30m
  CPU Limit: 30m
  Memory Request: 64Mi
  Memory Limit: 64Mi
  Container: fibonacci-go
  CPU Request: 250m
  CPU Limit: 250m
  Memory Request: 250Mi
  Memory Limit: 250Mi
  Container: queue-proxy
  CPU Request: 100m
  CPU Limit: 100m
  Memory Request: 50Mi
  Memory Limit: 100Mi

