=== Deployment Configuration ===
Timestamp: 2025-09-06T08:45:10+01:00
Title: fibonacci_nodejs_a1
Service: fibonacci-nodejs-a1
Namespace: constrained-tests-a1
Expected Pods: 1
Actual Pods: 1

=== Knative Service Details ===
apiVersion: serving.knative.dev/v1
kind: Service
metadata:
  annotations:
    kubectl.kubernetes.io/last-applied-configuration: |
      {"apiVersion":"serving.knative.dev/v1","kind":"Service","metadata":{"annotations":{},"name":"fibonacci-nodejs-a1","namespace":"constrained-tests-a1"},"spec":{"template":{"metadata":{"annotations":{"autoscaling.knative.dev/maxScale":"1","autoscaling.knative.dev/minScale":"1","autoscaling.knative.dev/target":"1","serving.knative.dev/containerConcurrency":"1"}},"spec":{"containerConcurrency":1,"containers":[{"args":["--addr=0.0.0.0:50000","--function-endpoint-url=0.0.0.0","--function-endpoint-port=50051","--function-name=fibonacci-nodejs","--value=10","--generator=linear","--lowerBound=1","--upperBound=10"],"image":"docker.io/vhiveease/relay:latest","name":"relay","ports":[{"containerPort":50000,"name":"h2c"}],"resources":{"limits":{"cpu":"30m","memory":"64Mi"},"requests":{"cpu":"30m","memory":"64Mi"}}},{"args":["--addr=0.0.0.0","--port=50051"],"image":"docker.io/vhiveease/fibonacci-nodejs:latest","name":"fibonacci-nodejs","resources":{"limits":{"cpu":"1000m","memory":"1Gi"},"requests":{"cpu":"1000m","memory":"1Gi"}}}],"timeoutSeconds":60}}}}
    serving.knative.dev/creator: kubernetes-admin
    serving.knative.dev/lastModifier: kubernetes-admin
  creationTimestamp: "2025-09-06T07:44:49Z"
  generation: 1
  name: fibonacci-nodejs-a1
  namespace: constrained-tests-a1
  resourceVersion: "30123838"
  uid: 3223b577-a6f2-4af6-aaac-edbfdc80b4de
spec:
  template:
    metadata:
      annotations:
        autoscaling.knative.dev/maxScale: "1"
        autoscaling.knative.dev/minScale: "1"
        autoscaling.knative.dev/target: "1"
        serving.knative.dev/containerConcurrency: "1"
      creationTimestamp: null
    spec:
      containerConcurrency: 1
      containers:
      - args:
        - --addr=0.0.0.0:50000
        - --function-endpoint-url=0.0.0.0
        - --function-endpoint-port=50051
        - --function-name=fibonacci-nodejs
        - --value=10
        - --generator=linear
        - --lowerBound=1
        - --upperBound=10
        image: docker.io/vhiveease/relay:latest
        name: relay
        ports:
        - containerPort: 50000
          name: h2c
          protocol: TCP
        readinessProbe:
          successThreshold: 1
          tcpSocket:
            port: 0
        resources:
          limits:
            cpu: 30m
            memory: 64Mi
          requests:
            cpu: 30m
            memory: 64Mi
      - args:
        - --addr=0.0.0.0
        - --port=50051
        image: docker.io/vhiveease/fibonacci-nodejs:latest
        name: fibonacci-nodejs
        resources:
          limits:
            cpu: "1"
            memory: 1Gi
          requests:
            cpu: "1"
            memory: 1Gi
      enableServiceLinks: false
      timeoutSeconds: 60
  traffic:
  - latestRevision: true
    percent: 100
status:
  address:
    url: http://fibonacci-nodejs-a1.constrained-tests-a1.svc.cluster.local
  conditions:
  - lastTransitionTime: "2025-09-06T07:44:53Z"
    status: "True"
    type: ConfigurationsReady
  - lastTransitionTime: "2025-09-06T07:44:53Z"
    status: "True"
    type: Ready
  - lastTransitionTime: "2025-09-06T07:44:53Z"
    status: "True"
    type: RoutesReady
  latestCreatedRevisionName: fibonacci-nodejs-a1-00001
  latestReadyRevisionName: fibonacci-nodejs-a1-00001
  observedGeneration: 1
  traffic:
  - latestRevision: true
    percent: 100
    revisionName: fibonacci-nodejs-a1-00001
  url: http://fibonacci-nodejs-a1.constrained-tests-a1.192.168.1.240.sslip.io

=== Current Pods ===
NAME                                                    READY   STATUS    RESTARTS   AGE   IP               NODE             NOMINATED NODE   READINESS GATES
fibonacci-nodejs-a1-00001-deployment-6594b9ff8b-cmd7r   3/3     Running   0          21s   192.168.64.218   cloud-vm-43-24   <none>           <none>

=== Resource Limits/Requests ===
fibonacci-nodejs-a1-00001-deployment-6594b9ff8b-cmd7r
  Container: relay
  CPU Request: 30m
  CPU Limit: 30m
  Memory Request: 64Mi
  Memory Limit: 64Mi
  Container: fibonacci-nodejs
  CPU Request: 1
  CPU Limit: 1
  Memory Request: 1Gi
  Memory Limit: 1Gi
  Container: queue-proxy
  CPU Request: 100m
  CPU Limit: 100m
  Memory Request: 50Mi
  Memory Limit: 100Mi

