System State Checker
======================

 System Load:
 11:15:55 up 7 days,  1:48,  1 user,  load average: 15.20, 17.58, 17.06

 Memory Usage:
              total        used        free      shared  buff/cache   available
Mem:           15Gi       7.7Gi       754Mi       8.0Mi       7.2Gi       7.6Gi
Swap:            0B          0B          0B

  Top CPU Processes:
USER         PID %CPU %MEM    VSZ   RSS TTY      STAT START   TIME COMMAND
root     1175052 31.6  0.1  37648 19752 ?        RNs  Aug08 3192:55 /lib/systemd/systemd-udevd
65532    4048943 19.6  0.1 1252252 27952 ?       Ssl  09:52  16:26 /ko-app/queue
65532    4048862 19.5  0.1 1252252 28276 ?       Ssl  09:52  16:24 /ko-app/queue
65532     227457 17.6  0.6 1341532 98436 ?       Ssl  10:43   5:40 /ko-app/activator
root     2235720 14.3  3.4 1841964 561040 ?      Ssl  Aug10 1095:09 kube-apiserver --advertise-address=146.169.43.24 --allow-privileged=true --authorization-mode=Node,RBAC --client-ca-file=/etc/kubernetes/pki/ca.crt --enable-admission-plugins=NodeRestriction --enable-bootstrap-token-auth=true --etcd-cafile=/etc/kubernetes/pki/etcd/ca.crt --etcd-certfile=/etc/kubernetes/pki/apiserver-etcd-client.crt --etcd-keyfile=/etc/kubernetes/pki/apiserver-etcd-client.key --etcd-servers=https://127.0.0.1:2379 --kubelet-client-certificate=/etc/kubernetes/pki/apiserver-kubelet-client.crt --kubelet-client-key=/etc/kubernetes/pki/apiserver-kubelet-client.key --kubelet-preferred-address-types=InternalIP,ExternalIP,Hostname --proxy-client-cert-file=/etc/kubernetes/pki/front-proxy-client.crt --proxy-client-key-file=/etc/kubernetes/pki/front-proxy-client.key --requestheader-allowed-names=front-proxy-client --requestheader-client-ca-file=/etc/kubernetes/pki/front-proxy-ca.crt --requestheader-extra-headers-prefix=X-Remote-Extra- --requestheader-group-headers=X-Remote-Group --requestheader-username-headers=X-Remote-User --secure-port=6443 --service-account-issuer=https://kubernetes.default.svc.cluster.local --service-account-key-file=/etc/kubernetes/pki/sa.pub --service-account-signing-key-file=/etc/kubernetes/pki/sa.key --service-cluster-ip-range=10.96.0.0/12 --tls-cert-file=/etc/kubernetes/pki/apiserver.crt --tls-private-key-file=/etc/kubernetes/pki/apiserver.key
root        4984 11.6  0.1 44455684 30496 ?      Sl   Aug08 1190:23 calico-node -felix
root     1175084 10.6  0.6 133044 113532 ?       SN   Aug08 1076:23 /lib/systemd/systemd-udevd
root         610  9.3  0.6 3183096 113432 ?      Ssl  Aug08 952:48 /usr/bin/kubelet --bootstrap-kubeconfig=/etc/kubernetes/bootstrap-kubelet.conf --kubeconfig=/etc/kubernetes/kubelet.conf --config=/var/lib/kubelet/config.yaml --container-runtime-endpoint=unix:///run/containerd/containerd.sock --pod-infra-container-image=registry.k8s.io/pause:3.9 --v=0 --runtime-request-timeout=15m --container-runtime-endpoint=unix:///run/containerd/containerd.sock --node-ip 146.169.43.24
root         484  9.2  0.1 337620 19592 ?        Ssl  Aug08 939:05 /usr/sbin/NetworkManager --no-daemon

  Kubernetes Pods:
NAMESPACE         NAME                   READY   STATUS      RESTARTS   AGE
knative-serving   default-domain-99ddx   0/1     Completed   0          30d

 Node Resources:
NAME             CPU(cores)   CPU(%)   MEMORY(bytes)   MEMORY(%)   
cloud-vm-43-24   2629m        43%      11991Mi         75%         

  High CPU Processes (>50%):

🔧 systemd-udevd Processes:
Count: 29
 TOO MANY UDEVD PROCESSES - Need to fix

 Load Analysis:
Current load: 15.20
 HIGH LOAD DETECTED - Consider restarting system

 Memory Analysis:
Available memory: 7GB
 LOW MEMORY DETECTED - Consider cleanup

 System check complete!
