System State Checker
======================

 System Load:
 19:58:11 up 6 days, 10:30,  1 user,  load average: 18.81, 25.29, 26.02

 Memory Usage:
              total        used        free      shared  buff/cache   available
Mem:           15Gi       7.4Gi       714Mi        10Mi       7.5Gi       7.8Gi
Swap:            0B          0B          0B

  Top CPU Processes:
USER         PID %CPU %MEM    VSZ   RSS TTY      STAT START   TIME COMMAND
root     1175052 34.0  0.1  37648 19752 ?        RNs  Aug08 3129:01 /lib/systemd/systemd-udevd
root     2235720 14.3  3.1 1841388 517288 ?      Ssl  Aug10 957:57 kube-apiserver --advertise-address=146.169.43.24 --allow-privileged=true --authorization-mode=Node,RBAC --client-ca-file=/etc/kubernetes/pki/ca.crt --enable-admission-plugins=NodeRestriction --enable-bootstrap-token-auth=true --etcd-cafile=/etc/kubernetes/pki/etcd/ca.crt --etcd-certfile=/etc/kubernetes/pki/apiserver-etcd-client.crt --etcd-keyfile=/etc/kubernetes/pki/apiserver-etcd-client.key --etcd-servers=https://127.0.0.1:2379 --kubelet-client-certificate=/etc/kubernetes/pki/apiserver-kubelet-client.crt --kubelet-client-key=/etc/kubernetes/pki/apiserver-kubelet-client.key --kubelet-preferred-address-types=InternalIP,ExternalIP,Hostname --proxy-client-cert-file=/etc/kubernetes/pki/front-proxy-client.crt --proxy-client-key-file=/etc/kubernetes/pki/front-proxy-client.key --requestheader-allowed-names=front-proxy-client --requestheader-client-ca-file=/etc/kubernetes/pki/front-proxy-ca.crt --requestheader-extra-headers-prefix=X-Remote-Extra- --requestheader-group-headers=X-Remote-Group --requestheader-username-headers=X-Remote-User --secure-port=6443 --service-account-issuer=https://kubernetes.default.svc.cluster.local --service-account-key-file=/etc/kubernetes/pki/sa.pub --service-account-signing-key-file=/etc/kubernetes/pki/sa.key --service-cluster-ip-range=10.96.0.0/12 --tls-cert-file=/etc/kubernetes/pki/apiserver.crt --tls-private-key-file=/etc/kubernetes/pki/apiserver.key
root        4984 11.5  0.1 44455684 28536 ?      Sl   Aug08 1073:17 calico-node -felix
root     1175084 11.4  0.6 133044 113532 ?       SN   Aug08 1055:45 /lib/systemd/systemd-udevd
1337     2063778 10.2  0.3 192856 61624 ?        Sl   19:04   5:32 /usr/local/bin/envoy -c etc/istio/proxy/envoy-rev.json --drain-time-s 45 --drain-strategy immediate --local-address-ip-version v4 --file-flush-interval-msec 1000 --disable-hot-restart --allow-unknown-static-fields --log-format %Y-%m-%dT%T.%fZ?%l?envoy %n %g:%#?%v?thread=%t -l warning --component-log-level misc:error --concurrency 2
root     1175075 10.0  0.6 127588 108016 ?       DN   Aug08 920:19 /lib/systemd/systemd-udevd
1337     2000081  9.7  0.3 192860 61492 ?        Sl   18:54   6:08 /usr/local/bin/envoy -c etc/istio/proxy/envoy-rev.json --drain-time-s 45 --drain-strategy immediate --local-address-ip-version v4 --file-flush-interval-msec 1000 --disable-hot-restart --allow-unknown-static-fields --log-format %Y-%m-%dT%T.%fZ?%l?envoy %n %g:%#?%v?thread=%t -l warning --component-log-level misc:error --concurrency 2
1337     1930680  9.4  0.3 192860 61728 ?        Sl   18:45   6:53 /usr/local/bin/envoy -c etc/istio/proxy/envoy-rev.json --drain-time-s 45 --drain-strategy immediate --local-address-ip-version v4 --file-flush-interval-msec 1000 --disable-hot-restart --allow-unknown-static-fields --log-format %Y-%m-%dT%T.%fZ?%l?envoy %n %g:%#?%v?thread=%t -l warning --component-log-level misc:error --concurrency 2
root         484  9.2  0.1 337620 19932 ?        Ssl  Aug08 855:10 /usr/sbin/NetworkManager --no-daemon

  Kubernetes Pods:
NAMESPACE         NAME                                    READY   STATUS      RESTARTS   AGE
istio-system      istio-ingressgateway-7975cbbc47-vhtlb   0/1     Pending     0          47m
knative-serving   activator-58db57894b-fkzvr              0/1     Pending     0          41m
knative-serving   default-domain-99ddx                    0/1     Completed   0          30d

 Node Resources:
NAME             CPU(cores)   CPU(%)   MEMORY(bytes)   MEMORY(%)   
cloud-vm-43-24   2431m        40%      11890Mi         74%         

  High CPU Processes (>50%):

🔧 systemd-udevd Processes:
Count: 29
 TOO MANY UDEVD PROCESSES - Need to fix

 Load Analysis:
Current load: 18.81
 HIGH LOAD DETECTED - Consider restarting system

 Memory Analysis:
Available memory: 7GB
 LOW MEMORY DETECTED - Consider cleanup

 System check complete!
