System State Checker
======================

 System Load:
 21:34:41 up 5 days, 12:07,  1 user,  load average: 13.01, 17.38, 17.44

 Memory Usage:
              total        used        free      shared  buff/cache   available
Mem:           15Gi       6.9Gi       734Mi       8.0Mi       8.0Gi       8.4Gi
Swap:            0B          0B          0B

  Top CPU Processes:
USER         PID %CPU %MEM    VSZ   RSS TTY      STAT START   TIME COMMAND
root     1175052 38.7  0.1  37648 19752 ?        RNs  Aug08 3035:15 /lib/systemd/systemd-udevd
65532     641528 18.0  0.1 1252252 31084 ?       Ssl  20:04  16:12 /ko-app/queue
65532     638099 17.9  0.1 1252252 30616 ?       Ssl  20:04  16:16 /ko-app/queue
65532    1050477 17.6  0.5 1341852 93632 ?       Ssl  21:01   5:47 /ko-app/activator
root     2235720 14.0  3.4 1840044 566740 ?      Ssl  Aug10 752:46 kube-apiserver --advertise-address=146.169.43.24 --allow-privileged=true --authorization-mode=Node,RBAC --client-ca-file=/etc/kubernetes/pki/ca.crt --enable-admission-plugins=NodeRestriction --enable-bootstrap-token-auth=true --etcd-cafile=/etc/kubernetes/pki/etcd/ca.crt --etcd-certfile=/etc/kubernetes/pki/apiserver-etcd-client.crt --etcd-keyfile=/etc/kubernetes/pki/apiserver-etcd-client.key --etcd-servers=https://127.0.0.1:2379 --kubelet-client-certificate=/etc/kubernetes/pki/apiserver-kubelet-client.crt --kubelet-client-key=/etc/kubernetes/pki/apiserver-kubelet-client.key --kubelet-preferred-address-types=InternalIP,ExternalIP,Hostname --proxy-client-cert-file=/etc/kubernetes/pki/front-proxy-client.crt --proxy-client-key-file=/etc/kubernetes/pki/front-proxy-client.key --requestheader-allowed-names=front-proxy-client --requestheader-client-ca-file=/etc/kubernetes/pki/front-proxy-ca.crt --requestheader-extra-headers-prefix=X-Remote-Extra- --requestheader-group-headers=X-Remote-Group --requestheader-username-headers=X-Remote-User --secure-port=6443 --service-account-issuer=https://kubernetes.default.svc.cluster.local --service-account-key-file=/etc/kubernetes/pki/sa.pub --service-account-signing-key-file=/etc/kubernetes/pki/sa.key --service-cluster-ip-range=10.96.0.0/12 --tls-cert-file=/etc/kubernetes/pki/apiserver.crt --tls-private-key-file=/etc/kubernetes/pki/apiserver.key
root     1175084 13.0  0.6 133044 113532 ?       SN   Aug08 1025:27 /lib/systemd/systemd-udevd
root        4984 11.4  0.1 44455684 24980 ?      Sl   Aug08 906:15 calico-node -felix
root     1175075 11.3  0.6 127588 108016 ?       SN   Aug08 893:05 /lib/systemd/systemd-udevd
root         484  9.3  0.1 337620 20532 ?        Rsl  Aug08 739:30 /usr/sbin/NetworkManager --no-daemon

  Kubernetes Pods:
NAMESPACE         NAME                   READY   STATUS      RESTARTS   AGE
knative-serving   default-domain-99ddx   0/1     Completed   0          29d

 Node Resources:
NAME             CPU(cores)   CPU(%)   MEMORY(bytes)   MEMORY(%)   
cloud-vm-43-24   2378m        39%      11822Mi         74%         

  High CPU Processes (>50%):

🔧 systemd-udevd Processes:
Count: 29
 TOO MANY UDEVD PROCESSES - Need to fix

 Load Analysis:
Current load: 12.85
 HIGH LOAD DETECTED - Consider restarting system

 Memory Analysis:
Available memory: 8GB
 Memory is sufficient

 System check complete!
