=== Deployment Configuration ===
Timestamp: 2025-08-19T15:30:57+01:00
Title: fibonacci_python_b4
Service: fibonacci-python-b4
Namespace: default
Expected Pods: 8
Actual Pods: 8

=== Knative Service Details ===
apiVersion: serving.knative.dev/v1
kind: Service
metadata:
  annotations:
    kubectl.kubernetes.io/last-applied-configuration: |
      {"apiVersion":"serving.knative.dev/v1","kind":"Service","metadata":{"annotations":{},"name":"fibonacci-python-b4","namespace":"default"},"spec":{"template":{"metadata":{"annotations":{"autoscaling.knative.dev/maxScale":"8","autoscaling.knative.dev/minScale":"8","autoscaling.knative.dev/target":"12","serving.knative.dev/containerConcurrency":"12"}},"spec":{"containerConcurrency":12,"containers":[{"args":["--addr=0.0.0.0:50000","--function-endpoint-url=0.0.0.0","--function-endpoint-port=50051","--function-name=fibonacci-python","--value=10","--generator=linear","--lowerBound=1","--upperBound=10"],"image":"docker.io/vhiveease/relay:latest","name":"relay","ports":[{"containerPort":50000,"name":"h2c"}],"resources":{"limits":{"cpu":"125m","memory":"256Mi"},"requests":{"cpu":"125m","memory":"256Mi"}}},{"args":["--addr=0.0.0.0","--port=50051"],"image":"docker.io/vhiveease/fibonacci-python:latest","name":"fibonacci-python","resources":{"limits":{"cpu":"125m","memory":"125Mi"},"requests":{"cpu":"125m","memory":"125Mi"}}}],"timeoutSeconds":60}}}}
    serving.knative.dev/creator: kubernetes-admin
    serving.knative.dev/lastModifier: kubernetes-admin
  creationTimestamp: "2025-08-19T14:29:53Z"
  generation: 1
  name: fibonacci-python-b4
  namespace: default
  resourceVersion: "19969483"
  uid: db323743-f2ad-4148-8ed3-65e37320e13d
spec:
  template:
    metadata:
      annotations:
        autoscaling.knative.dev/maxScale: "8"
        autoscaling.knative.dev/minScale: "8"
        autoscaling.knative.dev/target: "12"
        serving.knative.dev/containerConcurrency: "12"
      creationTimestamp: null
    spec:
      containerConcurrency: 12
      containers:
      - args:
        - --addr=0.0.0.0:50000
        - --function-endpoint-url=0.0.0.0
        - --function-endpoint-port=50051
        - --function-name=fibonacci-python
        - --value=10
        - --generator=linear
        - --lowerBound=1
        - --upperBound=10
        image: docker.io/vhiveease/relay:latest
        name: relay
        ports:
        - containerPort: 50000
          name: h2c
          protocol: TCP
        readinessProbe:
          successThreshold: 1
          tcpSocket:
            port: 0
        resources:
          limits:
            cpu: 125m
            memory: 256Mi
          requests:
            cpu: 125m
            memory: 256Mi
      - args:
        - --addr=0.0.0.0
        - --port=50051
        image: docker.io/vhiveease/fibonacci-python:latest
        name: fibonacci-python
        resources:
          limits:
            cpu: 125m
            memory: 125Mi
          requests:
            cpu: 125m
            memory: 125Mi
      enableServiceLinks: false
      timeoutSeconds: 60
  traffic:
  - latestRevision: true
    percent: 100
status:
  address:
    url: http://fibonacci-python-b4.default.svc.cluster.local
  conditions:
  - lastTransitionTime: "2025-08-19T14:30:46Z"
    status: "True"
    type: ConfigurationsReady
  - lastTransitionTime: "2025-08-19T14:30:46Z"
    status: "True"
    type: Ready
  - lastTransitionTime: "2025-08-19T14:30:46Z"
    status: "True"
    type: RoutesReady
  latestCreatedRevisionName: fibonacci-python-b4-00001
  latestReadyRevisionName: fibonacci-python-b4-00001
  observedGeneration: 1
  traffic:
  - latestRevision: true
    percent: 100
    revisionName: fibonacci-python-b4-00001
  url: http://fibonacci-python-b4.default.192.168.1.240.sslip.io

=== Current Pods ===
NAME                                                    READY   STATUS    RESTARTS   AGE   IP               NODE             NOMINATED NODE   READINESS GATES
fibonacci-python-b4-00001-deployment-7f88548668-6hkjb   0/3     Pending   0          11s   <none>           <none>           <none>           <none>
fibonacci-python-b4-00001-deployment-7f88548668-7nszb   3/3     Running   0          11s   192.168.64.225   cloud-vm-43-24   <none>           <none>
fibonacci-python-b4-00001-deployment-7f88548668-7qm2g   0/3     Pending   0          11s   <none>           <none>           <none>           <none>
fibonacci-python-b4-00001-deployment-7f88548668-f2czb   0/3     Pending   0          11s   <none>           <none>           <none>           <none>
fibonacci-python-b4-00001-deployment-7f88548668-g26cc   3/3     Running   0          63s   192.168.64.203   cloud-vm-43-24   <none>           <none>
fibonacci-python-b4-00001-deployment-7f88548668-lcnbj   0/3     Pending   0          11s   <none>           <none>           <none>           <none>
fibonacci-python-b4-00001-deployment-7f88548668-pwrvp   0/3     Pending   0          11s   <none>           <none>           <none>           <none>
fibonacci-python-b4-00001-deployment-7f88548668-qlsr7   3/3     Running   0          11s   192.168.64.248   cloud-vm-43-24   <none>           <none>

=== Resource Limits/Requests ===
fibonacci-python-b4-00001-deployment-7f88548668-6hkjb
  Container: relay
  CPU Request: 125m
  CPU Limit: 125m
  Memory Request: 256Mi
  Memory Limit: 256Mi
  Container: fibonacci-python
  CPU Request: 125m
  CPU Limit: 125m
  Memory Request: 125Mi
  Memory Limit: 125Mi
  Container: queue-proxy
  CPU Request: 25m
  CPU Limit: 
  Memory Request: 
  Memory Limit: 

fibonacci-python-b4-00001-deployment-7f88548668-7nszb
  Container: relay
  CPU Request: 125m
  CPU Limit: 125m
  Memory Request: 256Mi
  Memory Limit: 256Mi
  Container: fibonacci-python
  CPU Request: 125m
  CPU Limit: 125m
  Memory Request: 125Mi
  Memory Limit: 125Mi
  Container: queue-proxy
  CPU Request: 25m
  CPU Limit: 
  Memory Request: 
  Memory Limit: 

fibonacci-python-b4-00001-deployment-7f88548668-7qm2g
  Container: relay
  CPU Request: 125m
  CPU Limit: 125m
  Memory Request: 256Mi
  Memory Limit: 256Mi
  Container: fibonacci-python
  CPU Request: 125m
  CPU Limit: 125m
  Memory Request: 125Mi
  Memory Limit: 125Mi
  Container: queue-proxy
  CPU Request: 25m
  CPU Limit: 
  Memory Request: 
  Memory Limit: 

fibonacci-python-b4-00001-deployment-7f88548668-f2czb
  Container: relay
  CPU Request: 125m
  CPU Limit: 125m
  Memory Request: 256Mi
  Memory Limit: 256Mi
  Container: fibonacci-python
  CPU Request: 125m
  CPU Limit: 125m
  Memory Request: 125Mi
  Memory Limit: 125Mi
  Container: queue-proxy
  CPU Request: 25m
  CPU Limit: 
  Memory Request: 
  Memory Limit: 

fibonacci-python-b4-00001-deployment-7f88548668-g26cc
  Container: relay
  CPU Request: 125m
  CPU Limit: 125m
  Memory Request: 256Mi
  Memory Limit: 256Mi
  Container: fibonacci-python
  CPU Request: 125m
  CPU Limit: 125m
  Memory Request: 125Mi
  Memory Limit: 125Mi
  Container: queue-proxy
  CPU Request: 25m
  CPU Limit: 
  Memory Request: 
  Memory Limit: 

fibonacci-python-b4-00001-deployment-7f88548668-lcnbj
  Container: relay
  CPU Request: 125m
  CPU Limit: 125m
  Memory Request: 256Mi
  Memory Limit: 256Mi
  Container: fibonacci-python
  CPU Request: 125m
  CPU Limit: 125m
  Memory Request: 125Mi
  Memory Limit: 125Mi
  Container: queue-proxy
  CPU Request: 25m
  CPU Limit: 
  Memory Request: 
  Memory Limit: 

fibonacci-python-b4-00001-deployment-7f88548668-pwrvp
  Container: relay
  CPU Request: 125m
  CPU Limit: 125m
  Memory Request: 256Mi
  Memory Limit: 256Mi
  Container: fibonacci-python
  CPU Request: 125m
  CPU Limit: 125m
  Memory Request: 125Mi
  Memory Limit: 125Mi
  Container: queue-proxy
  CPU Request: 25m
  CPU Limit: 
  Memory Request: 
  Memory Limit: 

fibonacci-python-b4-00001-deployment-7f88548668-qlsr7
  Container: relay
  CPU Request: 125m
  CPU Limit: 125m
  Memory Request: 256Mi
  Memory Limit: 256Mi
  Container: fibonacci-python
  CPU Request: 125m
  CPU Limit: 125m
  Memory Request: 125Mi
  Memory Limit: 125Mi
  Container: queue-proxy
  CPU Request: 25m
  CPU Limit: 
  Memory Request: 
  Memory Limit: 

