=== Deployment Configuration ===
Timestamp: 2025-09-02T00:41:24+01:00
Title: fibonacci_python_c2
Service: fibonacci-python-c2
Namespace: default
Expected Pods: 2
Actual Pods: 2

=== Knative Service Details ===
apiVersion: serving.knative.dev/v1
kind: Service
metadata:
  annotations:
    kubectl.kubernetes.io/last-applied-configuration: |
      {"apiVersion":"serving.knative.dev/v1","kind":"Service","metadata":{"annotations":{},"name":"fibonacci-python-c2","namespace":"default"},"spec":{"template":{"metadata":{"annotations":{"autoscaling.knative.dev/maxScale":"2","autoscaling.knative.dev/minScale":"2","autoscaling.knative.dev/target":"100","serving.knative.dev/containerConcurrency":"100"}},"spec":{"containerConcurrency":100,"containers":[{"args":["--addr=0.0.0.0:50000","--function-endpoint-url=0.0.0.0","--function-endpoint-port=50051","--function-name=fibonacci-python","--value=10","--generator=linear","--lowerBound=1","--upperBound=10"],"image":"docker.io/vhiveease/relay:latest","name":"relay","ports":[{"containerPort":50000,"name":"h2c"}],"resources":{"limits":{"cpu":"250m","memory":"512Mi"},"requests":{"cpu":"250m","memory":"512Mi"}}},{"args":["-addr=0.0.0.0:50051"],"image":"docker.io/vhiveease/fibonacci-python:latest","name":"fibonacci-python","resources":{"limits":{"cpu":"1000m","memory":"1Gi"},"requests":{"cpu":"1000m","memory":"1Gi"}}}],"timeoutSeconds":60}}}}
    serving.knative.dev/creator: kubernetes-admin
    serving.knative.dev/lastModifier: kubernetes-admin
  creationTimestamp: "2025-09-01T23:40:16Z"
  generation: 1
  name: fibonacci-python-c2
  namespace: default
  resourceVersion: "27628977"
  uid: cbb8eda9-81a6-41da-acba-322cb7a61a75
spec:
  template:
    metadata:
      annotations:
        autoscaling.knative.dev/maxScale: "2"
        autoscaling.knative.dev/minScale: "2"
        autoscaling.knative.dev/target: "100"
        serving.knative.dev/containerConcurrency: "100"
      creationTimestamp: null
    spec:
      containerConcurrency: 100
      containers:
      - args:
        - --addr=0.0.0.0:50000
        - --function-endpoint-url=0.0.0.0
        - --function-endpoint-port=50051
        - --function-name=fibonacci-python
        - --value=10
        - --generator=linear
        - --lowerBound=1
        - --upperBound=10
        image: docker.io/vhiveease/relay:latest
        name: relay
        ports:
        - containerPort: 50000
          name: h2c
          protocol: TCP
        readinessProbe:
          successThreshold: 1
          tcpSocket:
            port: 0
        resources:
          limits:
            cpu: 250m
            memory: 512Mi
          requests:
            cpu: 250m
            memory: 512Mi
      - args:
        - -addr=0.0.0.0:50051
        image: docker.io/vhiveease/fibonacci-python:latest
        name: fibonacci-python
        resources:
          limits:
            cpu: "1"
            memory: 1Gi
          requests:
            cpu: "1"
            memory: 1Gi
      enableServiceLinks: false
      timeoutSeconds: 60
  traffic:
  - latestRevision: true
    percent: 100
status:
  address:
    url: http://fibonacci-python-c2.default.svc.cluster.local
  conditions:
  - lastTransitionTime: "2025-09-01T23:41:13Z"
    status: "True"
    type: ConfigurationsReady
  - lastTransitionTime: "2025-09-01T23:41:14Z"
    status: "True"
    type: Ready
  - lastTransitionTime: "2025-09-01T23:41:14Z"
    status: "True"
    type: RoutesReady
  latestCreatedRevisionName: fibonacci-python-c2-00001
  latestReadyRevisionName: fibonacci-python-c2-00001
  observedGeneration: 1
  traffic:
  - latestRevision: true
    percent: 100
    revisionName: fibonacci-python-c2-00001
  url: http://fibonacci-python-c2.default.192.168.1.240.sslip.io

=== Current Pods ===
NAME                                                    READY   STATUS    RESTARTS   AGE   IP               NODE             NOMINATED NODE   READINESS GATES
fibonacci-python-c2-00001-deployment-57c74b7498-d57sq   3/3     Running   0          67s   192.168.64.246   cloud-vm-43-24   <none>           <none>
fibonacci-python-c2-00001-deployment-57c74b7498-zsnvj   0/3     Pending   0          11s   <none>           <none>           <none>           <none>

=== Resource Limits/Requests ===
fibonacci-python-c2-00001-deployment-57c74b7498-d57sq
  Container: relay
  CPU Request: 250m
  CPU Limit: 250m
  Memory Request: 512Mi
  Memory Limit: 512Mi
  Container: fibonacci-python
  CPU Request: 1
  CPU Limit: 1
  Memory Request: 1Gi
  Memory Limit: 1Gi
  Container: queue-proxy
  CPU Request: 25m
  CPU Limit: 
  Memory Request: 
  Memory Limit: 

fibonacci-python-c2-00001-deployment-57c74b7498-zsnvj
  Container: relay
  CPU Request: 250m
  CPU Limit: 250m
  Memory Request: 512Mi
  Memory Limit: 512Mi
  Container: fibonacci-python
  CPU Request: 1
  CPU Limit: 1
  Memory Request: 1Gi
  Memory Limit: 1Gi
  Container: queue-proxy
  CPU Request: 25m
  CPU Limit: 
  Memory Request: 
  Memory Limit: 

