=== Deployment Configuration ===
Timestamp: 2025-09-02T06:02:01+01:00
Title: fibonacci_python_c4
Service: fibonacci-python-c4
Namespace: default
Expected Pods: 8
Actual Pods: 8

=== Knative Service Details ===
apiVersion: serving.knative.dev/v1
kind: Service
metadata:
  annotations:
    kubectl.kubernetes.io/last-applied-configuration: |
      {"apiVersion":"serving.knative.dev/v1","kind":"Service","metadata":{"annotations":{},"name":"fibonacci-python-c4","namespace":"default"},"spec":{"template":{"metadata":{"annotations":{"autoscaling.knative.dev/maxScale":"8","autoscaling.knative.dev/minScale":"8","autoscaling.knative.dev/target":"25","serving.knative.dev/containerConcurrency":"25"}},"spec":{"containerConcurrency":25,"containers":[{"args":["--addr=0.0.0.0:50000","--function-endpoint-url=0.0.0.0","--function-endpoint-port=50051","--function-name=fibonacci-python","--value=10","--generator=linear","--lowerBound=1","--upperBound=10"],"image":"docker.io/vhiveease/relay:latest","name":"relay","ports":[{"containerPort":50000,"name":"h2c"}],"resources":{"limits":{"cpu":"250m","memory":"512Mi"},"requests":{"cpu":"250m","memory":"512Mi"}}},{"args":["-addr=0.0.0.0:50051"],"image":"docker.io/vhiveease/fibonacci-python:latest","name":"fibonacci-python","resources":{"limits":{"cpu":"250m","memory":"250Mi"},"requests":{"cpu":"250m","memory":"250Mi"}}}],"timeoutSeconds":60}}}}
    serving.knative.dev/creator: kubernetes-admin
    serving.knative.dev/lastModifier: kubernetes-admin
  creationTimestamp: "2025-09-02T05:01:03Z"
  generation: 1
  name: fibonacci-python-c4
  namespace: default
  resourceVersion: "27756654"
  uid: 85863510-952c-4580-b253-5f687b8f5544
spec:
  template:
    metadata:
      annotations:
        autoscaling.knative.dev/maxScale: "8"
        autoscaling.knative.dev/minScale: "8"
        autoscaling.knative.dev/target: "25"
        serving.knative.dev/containerConcurrency: "25"
      creationTimestamp: null
    spec:
      containerConcurrency: 25
      containers:
      - args:
        - --addr=0.0.0.0:50000
        - --function-endpoint-url=0.0.0.0
        - --function-endpoint-port=50051
        - --function-name=fibonacci-python
        - --value=10
        - --generator=linear
        - --lowerBound=1
        - --upperBound=10
        image: docker.io/vhiveease/relay:latest
        name: relay
        ports:
        - containerPort: 50000
          name: h2c
          protocol: TCP
        readinessProbe:
          successThreshold: 1
          tcpSocket:
            port: 0
        resources:
          limits:
            cpu: 250m
            memory: 512Mi
          requests:
            cpu: 250m
            memory: 512Mi
      - args:
        - -addr=0.0.0.0:50051
        image: docker.io/vhiveease/fibonacci-python:latest
        name: fibonacci-python
        resources:
          limits:
            cpu: 250m
            memory: 250Mi
          requests:
            cpu: 250m
            memory: 250Mi
      enableServiceLinks: false
      timeoutSeconds: 60
  traffic:
  - latestRevision: true
    percent: 100
status:
  address:
    url: http://fibonacci-python-c4.default.svc.cluster.local
  conditions:
  - lastTransitionTime: "2025-09-02T05:01:08Z"
    status: "True"
    type: ConfigurationsReady
  - lastTransitionTime: "2025-09-02T05:01:09Z"
    status: "True"
    type: Ready
  - lastTransitionTime: "2025-09-02T05:01:09Z"
    status: "True"
    type: RoutesReady
  latestCreatedRevisionName: fibonacci-python-c4-00001
  latestReadyRevisionName: fibonacci-python-c4-00001
  observedGeneration: 1
  traffic:
  - latestRevision: true
    percent: 100
    revisionName: fibonacci-python-c4-00001
  url: http://fibonacci-python-c4.default.192.168.1.240.sslip.io

=== Current Pods ===
NAME                                                   READY   STATUS    RESTARTS   AGE   IP               NODE             NOMINATED NODE   READINESS GATES
fibonacci-python-c4-00001-deployment-8555f546c-5prkc   3/3     Running   0          57s   192.168.64.233   cloud-vm-43-24   <none>           <none>
fibonacci-python-c4-00001-deployment-8555f546c-96dqw   3/3     Running   0          57s   192.168.64.235   cloud-vm-43-24   <none>           <none>
fibonacci-python-c4-00001-deployment-8555f546c-9tqbk   0/3     Pending   0          57s   <none>           <none>           <none>           <none>
fibonacci-python-c4-00001-deployment-8555f546c-d7th6   3/3     Running   0          57s   192.168.64.195   cloud-vm-43-24   <none>           <none>
fibonacci-python-c4-00001-deployment-8555f546c-kdskw   0/3     Pending   0          57s   <none>           <none>           <none>           <none>
fibonacci-python-c4-00001-deployment-8555f546c-kzjkq   3/3     Running   0          57s   192.168.64.219   cloud-vm-43-24   <none>           <none>
fibonacci-python-c4-00001-deployment-8555f546c-qxq9m   0/3     Pending   0          57s   <none>           <none>           <none>           <none>
fibonacci-python-c4-00001-deployment-8555f546c-vprnz   3/3     Running   0          57s   192.168.64.201   cloud-vm-43-24   <none>           <none>

=== Resource Limits/Requests ===
fibonacci-python-c4-00001-deployment-8555f546c-5prkc
  Container: relay
  CPU Request: 250m
  CPU Limit: 250m
  Memory Request: 512Mi
  Memory Limit: 512Mi
  Container: fibonacci-python
  CPU Request: 250m
  CPU Limit: 250m
  Memory Request: 250Mi
  Memory Limit: 250Mi
  Container: queue-proxy
  CPU Request: 25m
  CPU Limit: 
  Memory Request: 
  Memory Limit: 

fibonacci-python-c4-00001-deployment-8555f546c-96dqw
  Container: relay
  CPU Request: 250m
  CPU Limit: 250m
  Memory Request: 512Mi
  Memory Limit: 512Mi
  Container: fibonacci-python
  CPU Request: 250m
  CPU Limit: 250m
  Memory Request: 250Mi
  Memory Limit: 250Mi
  Container: queue-proxy
  CPU Request: 25m
  CPU Limit: 
  Memory Request: 
  Memory Limit: 

fibonacci-python-c4-00001-deployment-8555f546c-9tqbk
  Container: relay
  CPU Request: 250m
  CPU Limit: 250m
  Memory Request: 512Mi
  Memory Limit: 512Mi
  Container: fibonacci-python
  CPU Request: 250m
  CPU Limit: 250m
  Memory Request: 250Mi
  Memory Limit: 250Mi
  Container: queue-proxy
  CPU Request: 25m
  CPU Limit: 
  Memory Request: 
  Memory Limit: 

fibonacci-python-c4-00001-deployment-8555f546c-d7th6
  Container: relay
  CPU Request: 250m
  CPU Limit: 250m
  Memory Request: 512Mi
  Memory Limit: 512Mi
  Container: fibonacci-python
  CPU Request: 250m
  CPU Limit: 250m
  Memory Request: 250Mi
  Memory Limit: 250Mi
  Container: queue-proxy
  CPU Request: 25m
  CPU Limit: 
  Memory Request: 
  Memory Limit: 

fibonacci-python-c4-00001-deployment-8555f546c-kdskw
  Container: relay
  CPU Request: 250m
  CPU Limit: 250m
  Memory Request: 512Mi
  Memory Limit: 512Mi
  Container: fibonacci-python
  CPU Request: 250m
  CPU Limit: 250m
  Memory Request: 250Mi
  Memory Limit: 250Mi
  Container: queue-proxy
  CPU Request: 25m
  CPU Limit: 
  Memory Request: 
  Memory Limit: 

fibonacci-python-c4-00001-deployment-8555f546c-kzjkq
  Container: relay
  CPU Request: 250m
  CPU Limit: 250m
  Memory Request: 512Mi
  Memory Limit: 512Mi
  Container: fibonacci-python
  CPU Request: 250m
  CPU Limit: 250m
  Memory Request: 250Mi
  Memory Limit: 250Mi
  Container: queue-proxy
  CPU Request: 25m
  CPU Limit: 
  Memory Request: 
  Memory Limit: 

fibonacci-python-c4-00001-deployment-8555f546c-qxq9m
  Container: relay
  CPU Request: 250m
  CPU Limit: 250m
  Memory Request: 512Mi
  Memory Limit: 512Mi
  Container: fibonacci-python
  CPU Request: 250m
  CPU Limit: 250m
  Memory Request: 250Mi
  Memory Limit: 250Mi
  Container: queue-proxy
  CPU Request: 25m
  CPU Limit: 
  Memory Request: 
  Memory Limit: 

fibonacci-python-c4-00001-deployment-8555f546c-vprnz
  Container: relay
  CPU Request: 250m
  CPU Limit: 250m
  Memory Request: 512Mi
  Memory Limit: 512Mi
  Container: fibonacci-python
  CPU Request: 250m
  CPU Limit: 250m
  Memory Request: 250Mi
  Memory Limit: 250Mi
  Container: queue-proxy
  CPU Request: 25m
  CPU Limit: 
  Memory Request: 
  Memory Limit: 

