=== Deployment Configuration ===
Timestamp: 2025-09-06T22:13:47+01:00
Title: fibonacci_python_c4
Service: fibonacci-python-c4
Namespace: constrained-tests-c4
Expected Pods: 8
Actual Pods: 8

=== Knative Service Details ===
apiVersion: serving.knative.dev/v1
kind: Service
metadata:
  annotations:
    kubectl.kubernetes.io/last-applied-configuration: |
      {"apiVersion":"serving.knative.dev/v1","kind":"Service","metadata":{"annotations":{},"name":"fibonacci-python-c4","namespace":"constrained-tests-c4"},"spec":{"template":{"metadata":{"annotations":{"autoscaling.knative.dev/maxScale":"8","autoscaling.knative.dev/minScale":"8","autoscaling.knative.dev/target":"25","serving.knative.dev/containerConcurrency":"25"}},"spec":{"containerConcurrency":25,"containers":[{"args":["--addr=0.0.0.0:50000","--function-endpoint-url=0.0.0.0","--function-endpoint-port=50051","--function-name=fibonacci-python","--value=10","--generator=linear","--lowerBound=1","--upperBound=10"],"image":"docker.io/vhiveease/relay:latest","name":"relay","ports":[{"containerPort":50000,"name":"h2c"}],"resources":{"limits":{"cpu":"30m","memory":"64Mi"},"requests":{"cpu":"30m","memory":"64Mi"}}},{"args":["-addr=0.0.0.0:50051"],"image":"docker.io/vhiveease/fibonacci-python:latest","name":"fibonacci-python","resources":{"limits":{"cpu":"250m","memory":"250Mi"},"requests":{"cpu":"250m","memory":"250Mi"}}}],"timeoutSeconds":60}}}}
    serving.knative.dev/creator: kubernetes-admin
    serving.knative.dev/lastModifier: kubernetes-admin
  creationTimestamp: "2025-09-06T21:11:42Z"
  generation: 1
  name: fibonacci-python-c4
  namespace: constrained-tests-c4
  resourceVersion: "30453173"
  uid: 8a739d43-1823-49a4-baee-6f1b16d54e0b
spec:
  template:
    metadata:
      annotations:
        autoscaling.knative.dev/maxScale: "8"
        autoscaling.knative.dev/minScale: "8"
        autoscaling.knative.dev/target: "25"
        serving.knative.dev/containerConcurrency: "25"
      creationTimestamp: null
    spec:
      containerConcurrency: 25
      containers:
      - args:
        - --addr=0.0.0.0:50000
        - --function-endpoint-url=0.0.0.0
        - --function-endpoint-port=50051
        - --function-name=fibonacci-python
        - --value=10
        - --generator=linear
        - --lowerBound=1
        - --upperBound=10
        image: docker.io/vhiveease/relay:latest
        name: relay
        ports:
        - containerPort: 50000
          name: h2c
          protocol: TCP
        readinessProbe:
          successThreshold: 1
          tcpSocket:
            port: 0
        resources:
          limits:
            cpu: 30m
            memory: 64Mi
          requests:
            cpu: 30m
            memory: 64Mi
      - args:
        - -addr=0.0.0.0:50051
        image: docker.io/vhiveease/fibonacci-python:latest
        name: fibonacci-python
        resources:
          limits:
            cpu: 250m
            memory: 250Mi
          requests:
            cpu: 250m
            memory: 250Mi
      enableServiceLinks: false
      timeoutSeconds: 60
  traffic:
  - latestRevision: true
    percent: 100
status:
  address:
    url: http://fibonacci-python-c4.constrained-tests-c4.svc.cluster.local
  conditions:
  - lastTransitionTime: "2025-09-06T21:11:50Z"
    status: "True"
    type: ConfigurationsReady
  - lastTransitionTime: "2025-09-06T21:11:51Z"
    status: "True"
    type: Ready
  - lastTransitionTime: "2025-09-06T21:11:51Z"
    status: "True"
    type: RoutesReady
  latestCreatedRevisionName: fibonacci-python-c4-00001
  latestReadyRevisionName: fibonacci-python-c4-00001
  observedGeneration: 1
  traffic:
  - latestRevision: true
    percent: 100
    revisionName: fibonacci-python-c4-00001
  url: http://fibonacci-python-c4.constrained-tests-c4.192.168.1.240.sslip.io

=== Current Pods ===
NAME                                                    READY   STATUS    RESTARTS   AGE    IP               NODE             NOMINATED NODE   READINESS GATES
fibonacci-python-c4-00001-deployment-7fc976ff6b-2dmqk   0/3     Pending   0          2m3s   <none>           <none>           <none>           <none>
fibonacci-python-c4-00001-deployment-7fc976ff6b-4xxb6   3/3     Running   0          2m3s   192.168.64.204   cloud-vm-43-24   <none>           <none>
fibonacci-python-c4-00001-deployment-7fc976ff6b-bchkq   3/3     Running   0          2m3s   192.168.64.193   cloud-vm-43-24   <none>           <none>
fibonacci-python-c4-00001-deployment-7fc976ff6b-dhwwd   3/3     Running   0          2m3s   192.168.64.244   cloud-vm-43-24   <none>           <none>
fibonacci-python-c4-00001-deployment-7fc976ff6b-dx2dq   3/3     Running   0          2m3s   192.168.64.229   cloud-vm-43-24   <none>           <none>
fibonacci-python-c4-00001-deployment-7fc976ff6b-nqnlv   3/3     Running   0          2m3s   192.168.64.203   cloud-vm-43-24   <none>           <none>
fibonacci-python-c4-00001-deployment-7fc976ff6b-rw2tt   3/3     Running   0          2m3s   192.168.64.248   cloud-vm-43-24   <none>           <none>
fibonacci-python-c4-00001-deployment-7fc976ff6b-xvqjw   3/3     Running   0          2m4s   192.168.64.215   cloud-vm-43-24   <none>           <none>

=== Resource Limits/Requests ===
fibonacci-python-c4-00001-deployment-7fc976ff6b-2dmqk
  Container: relay
  CPU Request: 30m
  CPU Limit: 30m
  Memory Request: 64Mi
  Memory Limit: 64Mi
  Container: fibonacci-python
  CPU Request: 250m
  CPU Limit: 250m
  Memory Request: 250Mi
  Memory Limit: 250Mi
  Container: queue-proxy
  CPU Request: 100m
  CPU Limit: 100m
  Memory Request: 50Mi
  Memory Limit: 100Mi

fibonacci-python-c4-00001-deployment-7fc976ff6b-4xxb6
  Container: relay
  CPU Request: 30m
  CPU Limit: 30m
  Memory Request: 64Mi
  Memory Limit: 64Mi
  Container: fibonacci-python
  CPU Request: 250m
  CPU Limit: 250m
  Memory Request: 250Mi
  Memory Limit: 250Mi
  Container: queue-proxy
  CPU Request: 100m
  CPU Limit: 100m
  Memory Request: 50Mi
  Memory Limit: 100Mi

fibonacci-python-c4-00001-deployment-7fc976ff6b-bchkq
  Container: relay
  CPU Request: 30m
  CPU Limit: 30m
  Memory Request: 64Mi
  Memory Limit: 64Mi
  Container: fibonacci-python
  CPU Request: 250m
  CPU Limit: 250m
  Memory Request: 250Mi
  Memory Limit: 250Mi
  Container: queue-proxy
  CPU Request: 100m
  CPU Limit: 100m
  Memory Request: 50Mi
  Memory Limit: 100Mi

fibonacci-python-c4-00001-deployment-7fc976ff6b-dhwwd
  Container: relay
  CPU Request: 30m
  CPU Limit: 30m
  Memory Request: 64Mi
  Memory Limit: 64Mi
  Container: fibonacci-python
  CPU Request: 250m
  CPU Limit: 250m
  Memory Request: 250Mi
  Memory Limit: 250Mi
  Container: queue-proxy
  CPU Request: 100m
  CPU Limit: 100m
  Memory Request: 50Mi
  Memory Limit: 100Mi

fibonacci-python-c4-00001-deployment-7fc976ff6b-dx2dq
  Container: relay
  CPU Request: 30m
  CPU Limit: 30m
  Memory Request: 64Mi
  Memory Limit: 64Mi
  Container: fibonacci-python
  CPU Request: 250m
  CPU Limit: 250m
  Memory Request: 250Mi
  Memory Limit: 250Mi
  Container: queue-proxy
  CPU Request: 100m
  CPU Limit: 100m
  Memory Request: 50Mi
  Memory Limit: 100Mi

fibonacci-python-c4-00001-deployment-7fc976ff6b-nqnlv
  Container: relay
  CPU Request: 30m
  CPU Limit: 30m
  Memory Request: 64Mi
  Memory Limit: 64Mi
  Container: fibonacci-python
  CPU Request: 250m
  CPU Limit: 250m
  Memory Request: 250Mi
  Memory Limit: 250Mi
  Container: queue-proxy
  CPU Request: 100m
  CPU Limit: 100m
  Memory Request: 50Mi
  Memory Limit: 100Mi

fibonacci-python-c4-00001-deployment-7fc976ff6b-rw2tt
  Container: relay
  CPU Request: 30m
  CPU Limit: 30m
  Memory Request: 64Mi
  Memory Limit: 64Mi
  Container: fibonacci-python
  CPU Request: 250m
  CPU Limit: 250m
  Memory Request: 250Mi
  Memory Limit: 250Mi
  Container: queue-proxy
  CPU Request: 100m
  CPU Limit: 100m
  Memory Request: 50Mi
  Memory Limit: 100Mi

fibonacci-python-c4-00001-deployment-7fc976ff6b-xvqjw
  Container: relay
  CPU Request: 30m
  CPU Limit: 30m
  Memory Request: 64Mi
  Memory Limit: 64Mi
  Container: fibonacci-python
  CPU Request: 250m
  CPU Limit: 250m
  Memory Request: 250Mi
  Memory Limit: 250Mi
  Container: queue-proxy
  CPU Request: 100m
  CPU Limit: 100m
  Memory Request: 50Mi
  Memory Limit: 100Mi

