=== Deployment Configuration ===
Timestamp: 2025-09-04T22:43:59+01:00
Title: fibonacci_go_b3
Service: fibonacci-go-b3
Namespace: constrained-tests-b3
Expected Pods: 4
Actual Pods: 4

=== Knative Service Details ===
apiVersion: serving.knative.dev/v1
kind: Service
metadata:
  annotations:
    kubectl.kubernetes.io/last-applied-configuration: |
      {"apiVersion":"serving.knative.dev/v1","kind":"Service","metadata":{"annotations":{},"name":"fibonacci-go-b3","namespace":"constrained-tests-b3"},"spec":{"template":{"metadata":{"annotations":{"autoscaling.knative.dev/maxScale":"4","autoscaling.knative.dev/minScale":"4","autoscaling.knative.dev/target":"25","serving.knative.dev/containerConcurrency":"25"}},"spec":{"containerConcurrency":25,"containers":[{"args":["--addr=0.0.0.0:50000","--function-endpoint-url=0.0.0.0","--function-endpoint-port=50051","--function-name=fibonacci-go","--value=10","--generator=linear","--lowerBound=1","--upperBound=10"],"image":"docker.io/vhiveease/relay:latest","name":"relay","ports":[{"containerPort":50000,"name":"h2c"}],"resources":{"limits":{"cpu":"30m","memory":"64Mi"},"requests":{"cpu":"30m","memory":"64Mi"}}},{"args":["-addr=0.0.0.0:50051"],"image":"docker.io/vhiveease/fibonacci-go:latest","name":"fibonacci-go","resources":{"limits":{"cpu":"250m","memory":"250Mi"},"requests":{"cpu":"250m","memory":"250Mi"}}}],"timeoutSeconds":60}}}}
    serving.knative.dev/creator: kubernetes-admin
    serving.knative.dev/lastModifier: kubernetes-admin
  creationTimestamp: "2025-09-04T21:43:07Z"
  generation: 1
  name: fibonacci-go-b3
  namespace: constrained-tests-b3
  resourceVersion: "29309563"
  uid: 2597357d-8b92-4da3-a710-f7dc59161645
spec:
  template:
    metadata:
      annotations:
        autoscaling.knative.dev/maxScale: "4"
        autoscaling.knative.dev/minScale: "4"
        autoscaling.knative.dev/target: "25"
        serving.knative.dev/containerConcurrency: "25"
      creationTimestamp: null
    spec:
      containerConcurrency: 25
      containers:
      - args:
        - --addr=0.0.0.0:50000
        - --function-endpoint-url=0.0.0.0
        - --function-endpoint-port=50051
        - --function-name=fibonacci-go
        - --value=10
        - --generator=linear
        - --lowerBound=1
        - --upperBound=10
        image: docker.io/vhiveease/relay:latest
        name: relay
        ports:
        - containerPort: 50000
          name: h2c
          protocol: TCP
        readinessProbe:
          successThreshold: 1
          tcpSocket:
            port: 0
        resources:
          limits:
            cpu: 30m
            memory: 64Mi
          requests:
            cpu: 30m
            memory: 64Mi
      - args:
        - -addr=0.0.0.0:50051
        image: docker.io/vhiveease/fibonacci-go:latest
        name: fibonacci-go
        resources:
          limits:
            cpu: 250m
            memory: 250Mi
          requests:
            cpu: 250m
            memory: 250Mi
      enableServiceLinks: false
      timeoutSeconds: 60
  traffic:
  - latestRevision: true
    percent: 100
status:
  address:
    url: http://fibonacci-go-b3.constrained-tests-b3.svc.cluster.local
  conditions:
  - lastTransitionTime: "2025-09-04T21:43:13Z"
    status: "True"
    type: ConfigurationsReady
  - lastTransitionTime: "2025-09-04T21:43:13Z"
    status: "True"
    type: Ready
  - lastTransitionTime: "2025-09-04T21:43:13Z"
    status: "True"
    type: RoutesReady
  latestCreatedRevisionName: fibonacci-go-b3-00001
  latestReadyRevisionName: fibonacci-go-b3-00001
  observedGeneration: 1
  traffic:
  - latestRevision: true
    percent: 100
    revisionName: fibonacci-go-b3-00001
  url: http://fibonacci-go-b3.constrained-tests-b3.192.168.1.240.sslip.io

=== Current Pods ===
NAME                                                READY   STATUS    RESTARTS   AGE   IP               NODE             NOMINATED NODE   READINESS GATES
fibonacci-go-b3-00001-deployment-6c56887d5f-d8sx6   3/3     Running   0          50s   192.168.64.193   cloud-vm-43-24   <none>           <none>
fibonacci-go-b3-00001-deployment-6c56887d5f-kfmfw   3/3     Running   0          50s   192.168.64.209   cloud-vm-43-24   <none>           <none>
fibonacci-go-b3-00001-deployment-6c56887d5f-pw7g6   3/3     Running   0          50s   192.168.64.229   cloud-vm-43-24   <none>           <none>
fibonacci-go-b3-00001-deployment-6c56887d5f-zgn45   3/3     Running   0          51s   192.168.64.252   cloud-vm-43-24   <none>           <none>

=== Resource Limits/Requests ===
fibonacci-go-b3-00001-deployment-6c56887d5f-d8sx6
  Container: relay
  CPU Request: 30m
  CPU Limit: 30m
  Memory Request: 64Mi
  Memory Limit: 64Mi
  Container: fibonacci-go
  CPU Request: 250m
  CPU Limit: 250m
  Memory Request: 250Mi
  Memory Limit: 250Mi
  Container: queue-proxy
  CPU Request: 100m
  CPU Limit: 100m
  Memory Request: 50Mi
  Memory Limit: 100Mi

fibonacci-go-b3-00001-deployment-6c56887d5f-kfmfw
  Container: relay
  CPU Request: 30m
  CPU Limit: 30m
  Memory Request: 64Mi
  Memory Limit: 64Mi
  Container: fibonacci-go
  CPU Request: 250m
  CPU Limit: 250m
  Memory Request: 250Mi
  Memory Limit: 250Mi
  Container: queue-proxy
  CPU Request: 100m
  CPU Limit: 100m
  Memory Request: 50Mi
  Memory Limit: 100Mi

fibonacci-go-b3-00001-deployment-6c56887d5f-pw7g6
  Container: relay
  CPU Request: 30m
  CPU Limit: 30m
  Memory Request: 64Mi
  Memory Limit: 64Mi
  Container: fibonacci-go
  CPU Request: 250m
  CPU Limit: 250m
  Memory Request: 250Mi
  Memory Limit: 250Mi
  Container: queue-proxy
  CPU Request: 100m
  CPU Limit: 100m
  Memory Request: 50Mi
  Memory Limit: 100Mi

fibonacci-go-b3-00001-deployment-6c56887d5f-zgn45
  Container: relay
  CPU Request: 30m
  CPU Limit: 30m
  Memory Request: 64Mi
  Memory Limit: 64Mi
  Container: fibonacci-go
  CPU Request: 250m
  CPU Limit: 250m
  Memory Request: 250Mi
  Memory Limit: 250Mi
  Container: queue-proxy
  CPU Request: 100m
  CPU Limit: 100m
  Memory Request: 50Mi
  Memory Limit: 100Mi

