System State Checker
======================

 System Load:
 16:16:31 up 6 days,  6:48,  1 user,  load average: 20.46, 26.88, 26.23

 Memory Usage:
              total        used        free      shared  buff/cache   available
Mem:           15Gi       7.5Gi       723Mi        10Mi       7.4Gi       7.8Gi
Swap:            0B          0B          0B

  Top CPU Processes:
USER         PID %CPU %MEM    VSZ   RSS TTY      STAT START   TIME COMMAND
root     1175052 34.7  0.1  37648 19752 ?        RNs  Aug08 3113:46 /lib/systemd/systemd-udevd
root     2235720 14.2  3.2 1840876 529380 ?      Ssl  Aug10 920:12 kube-apiserver --advertise-address=146.169.43.24 --allow-privileged=true --authorization-mode=Node,RBAC --client-ca-file=/etc/kubernetes/pki/ca.crt --enable-admission-plugins=NodeRestriction --enable-bootstrap-token-auth=true --etcd-cafile=/etc/kubernetes/pki/etcd/ca.crt --etcd-certfile=/etc/kubernetes/pki/apiserver-etcd-client.crt --etcd-keyfile=/etc/kubernetes/pki/apiserver-etcd-client.key --etcd-servers=https://127.0.0.1:2379 --kubelet-client-certificate=/etc/kubernetes/pki/apiserver-kubelet-client.crt --kubelet-client-key=/etc/kubernetes/pki/apiserver-kubelet-client.key --kubelet-preferred-address-types=InternalIP,ExternalIP,Hostname --proxy-client-cert-file=/etc/kubernetes/pki/front-proxy-client.crt --proxy-client-key-file=/etc/kubernetes/pki/front-proxy-client.key --requestheader-allowed-names=front-proxy-client --requestheader-client-ca-file=/etc/kubernetes/pki/front-proxy-ca.crt --requestheader-extra-headers-prefix=X-Remote-Extra- --requestheader-group-headers=X-Remote-Group --requestheader-username-headers=X-Remote-User --secure-port=6443 --service-account-issuer=https://kubernetes.default.svc.cluster.local --service-account-key-file=/etc/kubernetes/pki/sa.pub --service-account-signing-key-file=/etc/kubernetes/pki/sa.key --service-cluster-ip-range=10.96.0.0/12 --tls-cert-file=/etc/kubernetes/pki/apiserver.crt --tls-private-key-file=/etc/kubernetes/pki/apiserver.key
root     1175084 11.7  0.6 133044 113532 ?       SN   Aug08 1050:30 /lib/systemd/systemd-udevd
root        4984 11.5  0.1 44455684 28408 ?      Sl   Aug08 1043:52 calico-node -felix
root     1175075 10.2  0.6 127588 108016 ?       SN   Aug08 915:34 /lib/systemd/systemd-udevd
1337      589931  9.7  0.3 192856 62200 ?        Sl   15:20   5:25 /usr/local/bin/envoy -c etc/istio/proxy/envoy-rev.json --drain-time-s 45 --drain-strategy immediate --local-address-ip-version v4 --file-flush-interval-msec 1000 --disable-hot-restart --allow-unknown-static-fields --log-format %Y-%m-%dT%T.%fZ?%l?envoy %n %g:%#?%v?thread=%t -l warning --component-log-level misc:error --concurrency 2
1337      539096  9.4  0.3 191896 62024 ?        Sl   15:13   6:00 /usr/local/bin/envoy -c etc/istio/proxy/envoy-rev.json --drain-time-s 45 --drain-strategy immediate --local-address-ip-version v4 --file-flush-interval-msec 1000 --disable-hot-restart --allow-unknown-static-fields --log-format %Y-%m-%dT%T.%fZ?%l?envoy %n %g:%#?%v?thread=%t -l warning --component-log-level misc:error --concurrency 2
root         484  9.2  0.1 337620 19940 ?        Ssl  Aug08 836:33 /usr/sbin/NetworkManager --no-daemon
root         610  9.1  0.7 3182840 117092 ?      Ssl  Aug08 829:23 /usr/bin/kubelet --bootstrap-kubeconfig=/etc/kubernetes/bootstrap-kubelet.conf --kubeconfig=/etc/kubernetes/kubelet.conf --config=/var/lib/kubelet/config.yaml --container-runtime-endpoint=unix:///run/containerd/containerd.sock --pod-infra-container-image=registry.k8s.io/pause:3.9 --v=0 --runtime-request-timeout=15m --container-runtime-endpoint=unix:///run/containerd/containerd.sock --node-ip 146.169.43.24

  Kubernetes Pods:
NAMESPACE         NAME                                    READY   STATUS      RESTARTS   AGE
istio-system      istio-ingressgateway-7975cbbc47-6vm99   0/1     Pending     0          47m
knative-serving   activator-58db57894b-n5kfq              0/1     Pending     0          39m
knative-serving   default-domain-99ddx                    0/1     Completed   0          30d

 Node Resources:
NAME             CPU(cores)   CPU(%)   MEMORY(bytes)   MEMORY(%)   
cloud-vm-43-24   2037m        33%      11778Mi         74%         

  High CPU Processes (>50%):

🔧 systemd-udevd Processes:
Count: 29
 TOO MANY UDEVD PROCESSES - Need to fix

 Load Analysis:
Current load: 20.46
 HIGH LOAD DETECTED - Consider restarting system

 Memory Analysis:
Available memory: 7GB
 LOW MEMORY DETECTED - Consider cleanup

 System check complete!
