System State Checker
======================

 System Load:
 22:19:36 up 6 days, 12:52,  1 user,  load average: 21.40, 27.97, 28.50

 Memory Usage:
              total        used        free      shared  buff/cache   available
Mem:           15Gi       7.5Gi       720Mi        10Mi       7.4Gi       7.8Gi
Swap:            0B          0B          0B

  Top CPU Processes:
USER         PID %CPU %MEM    VSZ   RSS TTY      STAT START   TIME COMMAND
root     1175052 33.6  0.1  37648 19752 ?        RNs  Aug08 3138:45 /lib/systemd/systemd-udevd
root     2235720 14.3  3.3 1841452 550852 ?      Ssl  Aug10 981:33 kube-apiserver --advertise-address=146.169.43.24 --allow-privileged=true --authorization-mode=Node,RBAC --client-ca-file=/etc/kubernetes/pki/ca.crt --enable-admission-plugins=NodeRestriction --enable-bootstrap-token-auth=true --etcd-cafile=/etc/kubernetes/pki/etcd/ca.crt --etcd-certfile=/etc/kubernetes/pki/apiserver-etcd-client.crt --etcd-keyfile=/etc/kubernetes/pki/apiserver-etcd-client.key --etcd-servers=https://127.0.0.1:2379 --kubelet-client-certificate=/etc/kubernetes/pki/apiserver-kubelet-client.crt --kubelet-client-key=/etc/kubernetes/pki/apiserver-kubelet-client.key --kubelet-preferred-address-types=InternalIP,ExternalIP,Hostname --proxy-client-cert-file=/etc/kubernetes/pki/front-proxy-client.crt --proxy-client-key-file=/etc/kubernetes/pki/front-proxy-client.key --requestheader-allowed-names=front-proxy-client --requestheader-client-ca-file=/etc/kubernetes/pki/front-proxy-ca.crt --requestheader-extra-headers-prefix=X-Remote-Extra- --requestheader-group-headers=X-Remote-Group --requestheader-username-headers=X-Remote-User --secure-port=6443 --service-account-issuer=https://kubernetes.default.svc.cluster.local --service-account-key-file=/etc/kubernetes/pki/sa.pub --service-account-signing-key-file=/etc/kubernetes/pki/sa.key --service-cluster-ip-range=10.96.0.0/12 --tls-cert-file=/etc/kubernetes/pki/apiserver.crt --tls-private-key-file=/etc/kubernetes/pki/apiserver.key
root        4984 11.6  0.1 44455684 28516 ?      Sl   Aug08 1092:16 calico-node -felix
root     1175084 11.3  0.6 133044 113532 ?       SN   Aug08 1059:03 /lib/systemd/systemd-udevd
1337     2995353 10.0  0.3 192860 58608 ?        Sl   21:22   5:43 /usr/local/bin/envoy -c etc/istio/proxy/envoy-rev.json --drain-time-s 45 --drain-strategy immediate --local-address-ip-version v4 --file-flush-interval-msec 1000 --disable-hot-restart --allow-unknown-static-fields --log-format %Y-%m-%dT%T.%fZ?%l?envoy %n %g:%#?%v?thread=%t -l warning --component-log-level misc:error --concurrency 2
root     1175075  9.8  0.6 127588 108016 ?       SN   Aug08 923:21 /lib/systemd/systemd-udevd
1337     2949922  9.6  0.3 193880 58920 ?        Sl   21:16   6:08 /usr/local/bin/envoy -c etc/istio/proxy/envoy-rev.json --drain-time-s 45 --drain-strategy immediate --local-address-ip-version v4 --file-flush-interval-msec 1000 --disable-hot-restart --allow-unknown-static-fields --log-format %Y-%m-%dT%T.%fZ?%l?envoy %n %g:%#?%v?thread=%t -l warning --component-log-level misc:error --concurrency 2
1337     2882701  9.3  0.3 192856 58268 ?        Sl   21:06   6:48 /usr/local/bin/envoy -c etc/istio/proxy/envoy-rev.json --drain-time-s 45 --drain-strategy immediate --local-address-ip-version v4 --file-flush-interval-msec 1000 --disable-hot-restart --allow-unknown-static-fields --log-format %Y-%m-%dT%T.%fZ?%l?envoy %n %g:%#?%v?thread=%t -l warning --component-log-level misc:error --concurrency 2
root         484  9.2  0.1 337620 19804 ?        Ssl  Aug08 867:25 /usr/sbin/NetworkManager --no-daemon

  Kubernetes Pods:
NAMESPACE         NAME                                    READY   STATUS      RESTARTS   AGE
istio-system      istio-ingressgateway-7975cbbc47-tzc52   0/1     Pending     0          47m
knative-serving   activator-58db57894b-2jrwk              0/1     Pending     0          41m
knative-serving   default-domain-99ddx                    0/1     Completed   0          30d

 Node Resources:
NAME             CPU(cores)   CPU(%)   MEMORY(bytes)   MEMORY(%)   
cloud-vm-43-24   3095m        51%      11646Mi         73%         

  High CPU Processes (>50%):

🔧 systemd-udevd Processes:
Count: 29
 TOO MANY UDEVD PROCESSES - Need to fix

 Load Analysis:
Current load: 21.40
 HIGH LOAD DETECTED - Consider restarting system

 Memory Analysis:
Available memory: 7GB
 LOW MEMORY DETECTED - Consider cleanup

 System check complete!
